2021-03-22 15:52:40,245 - root - ------------------------------------------------------------------------
2021-03-22 15:52:40,245 - root -  
2021-03-22 15:52:40,245 - root - Sub Text 1, npc=200
2021-03-22 15:52:46,153 - kmeans_tree_nparray - tree time=5.904933789977804 seconds
2021-03-22 15:52:46,231 - kmeans_tree_nparray - tree-depth=7
2021-03-22 15:52:48,482 - kmeans_tree_nparray - Porcentaje de aciertos= 100.0
2021-03-22 15:52:48,482 - kmeans_tree_nparray - Porcentaje de fallos= 0.0
2021-03-22 15:52:48,482 - kmeans_tree_nparray - search time= 2.2504370369715616 seconds
2021-03-22 15:52:48,483 - root -  
2021-03-22 15:52:48,483 - root - ------------------------------------------------------------------------
2021-03-22 15:52:48,483 - root -  
2021-03-22 15:52:48,483 - root - Sub Text 2, npc=1000
2021-03-22 15:53:17,093 - kmeans_tree_nparray - tree time=28.60160364996409 seconds
2021-03-22 15:53:17,142 - kmeans_tree_nparray - tree-depth=9
2021-03-22 15:53:31,034 - kmeans_tree_nparray - Porcentaje de aciertos= 99.8875
2021-03-22 15:53:31,034 - kmeans_tree_nparray - Porcentaje de fallos= 0.1125
2021-03-22 15:53:31,034 - kmeans_tree_nparray - search time= 13.891961182001978 seconds
2021-03-22 15:53:31,038 - root -  
2021-03-22 15:53:31,038 - root - ------------------------------------------------------------------------
2021-03-22 15:53:31,038 - root -  
2021-03-22 15:53:31,038 - root - Sub Text 3, npc=10000
2021-03-22 15:58:18,880 - kmeans_tree_nparray - tree time=287.67414786003064 seconds
2021-03-22 15:58:18,934 - kmeans_tree_nparray - tree-depth=13
2021-03-22 16:03:12,482 - kmeans_tree_nparray - Porcentaje de aciertos= 99.905
2021-03-22 16:03:12,482 - kmeans_tree_nparray - Porcentaje de fallos= 0.095
2021-03-22 16:03:12,482 - kmeans_tree_nparray - search time= 293.54753769602394 seconds
2021-03-22 16:03:12,523 - root -  
2021-03-22 16:03:12,524 - root - ------------------------------------------------------------------------
2021-03-22 16:03:12,524 - root -  
2021-03-22 16:03:12,524 - root - Sub Text 4, npc=100000
2021-03-22 16:50:57,100 - kmeans_tree_nparray - tree time=2863.4502369629918 seconds
2021-03-22 16:50:57,238 - kmeans_tree_nparray - tree-depth=16
2021-03-22 20:17:52,312 - kmeans_tree_nparray - Porcentaje de aciertos= 99.949
2021-03-22 20:17:52,313 - kmeans_tree_nparray - Porcentaje de fallos= 0.051
2021-03-22 20:17:52,313 - kmeans_tree_nparray - search time= 12415.074325144 seconds
2021-03-22 20:17:52,895 - root -  
