2021-03-23 06:06:17,886 - root - ------------------------------------------------------------------------
2021-03-23 06:06:17,886 - root -  
2021-03-23 06:06:17,886 - root - Sub Text 1, npc=200
2021-03-23 06:06:23,731 - kmeans_tree_nparray - tree time=5.841673877032008 seconds
2021-03-23 06:06:23,828 - kmeans_tree_nparray - tree-depth=7
2021-03-23 06:06:26,111 - kmeans_tree_nparray - Porcentaje de aciertos= 88.0625
2021-03-23 06:06:26,111 - kmeans_tree_nparray - Porcentaje de fallos= 11.9375
2021-03-23 06:06:26,112 - kmeans_tree_nparray - search time= 2.283592563995626 seconds
2021-03-23 06:06:26,113 - root -  
2021-03-23 06:06:26,113 - root - ------------------------------------------------------------------------
2021-03-23 06:06:26,113 - root -  
2021-03-23 06:06:26,113 - root - Sub Text 2, npc=1000
2021-03-23 06:06:54,984 - kmeans_tree_nparray - tree time=28.861483442015015 seconds
2021-03-23 06:06:55,032 - kmeans_tree_nparray - tree-depth=9
2021-03-23 06:07:09,415 - kmeans_tree_nparray - Porcentaje de aciertos= 85.7875
2021-03-23 06:07:09,415 - kmeans_tree_nparray - Porcentaje de fallos= 14.2125
2021-03-23 06:07:09,415 - kmeans_tree_nparray - search time= 14.382500299951062 seconds
2021-03-23 06:07:09,419 - root -  
2021-03-23 06:07:09,419 - root - ------------------------------------------------------------------------
2021-03-23 06:07:09,419 - root -  
2021-03-23 06:07:09,419 - root - Sub Text 3, npc=10000
2021-03-23 06:11:58,036 - kmeans_tree_nparray - tree time=288.4386267910013 seconds
2021-03-23 06:11:58,090 - kmeans_tree_nparray - tree-depth=13
2021-03-23 06:17:11,805 - kmeans_tree_nparray - Porcentaje de aciertos= 85.9125
2021-03-23 06:17:11,805 - kmeans_tree_nparray - Porcentaje de fallos= 14.0875
2021-03-23 06:17:11,805 - kmeans_tree_nparray - search time= 313.715042124968 seconds
2021-03-23 06:17:11,846 - root -  
2021-03-23 06:17:11,846 - root - ------------------------------------------------------------------------
2021-03-23 06:17:11,846 - root -  
2021-03-23 06:17:11,846 - root - Sub Text 4, npc=100000
2021-03-23 07:05:07,802 - kmeans_tree_nparray - tree time=2874.8149419459514 seconds
2021-03-23 07:05:07,938 - kmeans_tree_nparray - tree-depth=16
2021-03-23 10:53:58,835 - kmeans_tree_nparray - Porcentaje de aciertos= 83.665375
2021-03-23 10:53:58,835 - kmeans_tree_nparray - Porcentaje de fallos= 16.334625
2021-03-23 10:53:58,835 - kmeans_tree_nparray - search time= 13730.89736894099 seconds
2021-03-23 10:53:59,361 - root -  
