2021-03-09 05:37:18,381 - root - ------------------------------------------------------------------------
2021-03-09 05:37:18,381 - root -  
2021-03-09 05:37:18,381 - root - Sub Text 10_2, tam_grupo=10  n_centroides=2
2021-03-09 05:39:22,738 - kmeans_tree - tree time=124.26150920707732 seconds
2021-03-09 05:39:22,782 - kmeans_tree - tree-depth=5
2021-03-09 05:56:44,132 - kmeans_tree - Porcentaje de aciertos= 98.49125
2021-03-09 05:56:44,132 - kmeans_tree - Porcentaje de fallos= 1.50875
2021-03-09 05:56:44,132 - kmeans_tree - search time= 1041.3499229447916 seconds
2021-03-09 05:56:44,173 - root -  
2021-03-09 05:56:44,173 - root - ------------------------------------------------------------------------
2021-03-09 05:56:44,173 - root -  
2021-03-09 05:56:44,173 - root - Sub Text 10_5, tam_grupo=10  n_centroides=5
2021-03-09 06:02:11,233 - kmeans_tree - tree time=326.9614077010192 seconds
2021-03-09 06:02:11,282 - kmeans_tree - tree-depth=13
2021-03-09 06:40:24,030 - kmeans_tree - Porcentaje de aciertos= 99.84125
2021-03-09 06:40:24,030 - kmeans_tree - Porcentaje de fallos= 0.15875
2021-03-09 06:40:24,030 - kmeans_tree - search time= 2292.7482750359923 seconds
2021-03-09 06:40:24,070 - root -  
2021-03-09 06:40:24,070 - root - ------------------------------------------------------------------------
2021-03-09 06:40:24,070 - root -  
2021-03-09 06:40:24,070 - root - Sub Text 10_8, tam_grupo=10  n_centroides=8
2021-03-09 06:59:25,170 - kmeans_tree - tree time=1140.9673781720921 seconds
2021-03-09 06:59:25,225 - kmeans_tree - tree-depth=43
2021-03-09 08:55:56,269 - kmeans_tree - Porcentaje de aciertos= 99.69875
2021-03-09 08:55:56,269 - kmeans_tree - Porcentaje de fallos= 0.30125
2021-03-09 08:55:56,269 - kmeans_tree - search time= 6991.044203185942 seconds
2021-03-09 08:55:56,315 - root -  
2021-03-09 08:55:56,315 - root - ------------------------------------------------------------------------
2021-03-09 08:55:56,316 - root - ------------------------------------------------------------------------
2021-03-09 08:55:56,316 - root -  
2021-03-09 08:55:56,316 - root - Sub Text 50_10, tam_grupo=50  n_centroides=10
2021-03-09 08:57:06,605 - kmeans_tree - tree time=70.18969451496378 seconds
2021-03-09 08:57:06,662 - kmeans_tree - tree-depth=4
2021-03-09 09:07:26,675 - kmeans_tree - Porcentaje de aciertos= 99.9125
2021-03-09 09:07:26,675 - kmeans_tree - Porcentaje de fallos= 0.0875
2021-03-09 09:07:26,675 - kmeans_tree - search time= 620.0132575801108 seconds
2021-03-09 09:07:26,739 - root -  
2021-03-09 09:07:26,740 - root - ------------------------------------------------------------------------
2021-03-09 09:07:26,740 - root -  
2021-03-09 09:07:26,740 - root - Sub Text 50_25, tam_grupo=50  n_centroides=25
2021-03-09 09:12:45,174 - kmeans_tree - tree time=318.29648070503026 seconds
2021-03-09 09:12:45,285 - kmeans_tree - tree-depth=11
2021-03-09 09:46:59,469 - kmeans_tree - Porcentaje de aciertos= 99.94
2021-03-09 09:46:59,469 - kmeans_tree - Porcentaje de fallos= 0.06
2021-03-09 09:46:59,469 - kmeans_tree - search time= 2054.184511684114 seconds
2021-03-09 09:46:59,535 - root -  
2021-03-09 09:46:59,535 - root - ------------------------------------------------------------------------
2021-03-09 09:46:59,535 - root -  
2021-03-09 09:46:59,535 - root - Sub Text 50_40, tam_grupo=50  n_centroides=40
2021-03-09 10:07:35,283 - kmeans_tree - tree time=1235.6163122290745 seconds
2021-03-09 10:07:35,429 - kmeans_tree - tree-depth=35
2021-03-09 12:14:03,756 - kmeans_tree - Porcentaje de aciertos= 99.94875
2021-03-09 12:14:03,756 - kmeans_tree - Porcentaje de fallos= 0.05125
2021-03-09 12:14:03,757 - kmeans_tree - search time= 7588.32803488709 seconds
2021-03-09 12:14:03,825 - root -  
2021-03-09 12:14:03,825 - root - ------------------------------------------------------------------------
2021-03-09 12:14:03,825 - root - ------------------------------------------------------------------------
2021-03-09 12:14:03,825 - root -  
2021-03-09 12:14:03,825 - root - Sub Text 90_18, tam_grupo=90  n_centroides=18
2021-03-09 12:15:32,111 - kmeans_tree - tree time=88.17481432203203 seconds
2021-03-09 12:15:32,207 - kmeans_tree - tree-depth=4
2021-03-09 12:25:41,684 - kmeans_tree - Porcentaje de aciertos= 99.485
2021-03-09 12:25:41,684 - kmeans_tree - Porcentaje de fallos= 0.515
2021-03-09 12:25:41,685 - kmeans_tree - search time= 609.4781216830015 seconds
2021-03-09 12:25:41,749 - root -  
2021-03-09 12:25:41,750 - root - ------------------------------------------------------------------------
2021-03-09 12:25:41,750 - root -  
2021-03-09 12:25:41,750 - root - Sub Text 90_45, tam_grupo=90  n_centroides=45
2021-03-09 12:30:51,931 - kmeans_tree - tree time=310.0437735719606 seconds
2021-03-09 12:30:52,088 - kmeans_tree - tree-depth=10
2021-03-09 13:04:35,833 - kmeans_tree - Porcentaje de aciertos= 99.88625
2021-03-09 13:04:35,833 - kmeans_tree - Porcentaje de fallos= 0.11375
2021-03-09 13:04:35,833 - kmeans_tree - search time= 2023.7456425609998 seconds
2021-03-09 13:04:35,898 - root -  
2021-03-09 13:04:35,898 - root - ------------------------------------------------------------------------
2021-03-09 13:04:35,898 - root -  
2021-03-09 13:04:35,898 - root - Sub Text 90_72, tam_grupo=90  n_centroides=72
2021-03-09 13:22:41,961 - kmeans_tree - tree time=1085.9308336440008 seconds
2021-03-09 13:22:42,234 - kmeans_tree - tree-depth=33
2021-03-09 15:11:49,075 - kmeans_tree - Porcentaje de aciertos= 99.93875
2021-03-09 15:11:49,075 - kmeans_tree - Porcentaje de fallos= 0.06125
2021-03-09 15:11:49,075 - kmeans_tree - search time= 6546.841270700097 seconds
2021-03-09 15:11:49,142 - root -  
