2021-03-05 10:11:34,712 - root - ------------------------------------------------------------------------
2021-03-05 10:11:34,713 - root -  
2021-03-05 10:11:34,713 - root - Sub Text 1, tam_grupo=10  n_centroides=5
2021-03-05 10:16:53,911 - kmeans_tree - tree time=319.1009819749743 seconds
2021-03-05 10:16:53,970 - kmeans_tree - tree-depth=13
2021-03-05 10:56:37,362 - kmeans_tree - Porcentaje de aciertos= 85.80125
2021-03-05 10:56:37,362 - kmeans_tree - Porcentaje de fallos= 14.19875
2021-03-05 10:56:37,363 - kmeans_tree - search time= 2383.3924399359385 seconds
2021-03-05 10:56:37,412 - root -  
2021-03-05 10:56:37,412 - root - ------------------------------------------------------------------------
2021-03-05 10:56:37,412 - root -  
2021-03-05 10:56:37,412 - root - Sub Text 2, tam_grupo=30  n_centroides=15
2021-03-05 11:00:50,431 - kmeans_tree - tree time=252.91532251809258 seconds
2021-03-05 11:00:50,499 - kmeans_tree - tree-depth=12
2021-03-05 11:28:53,257 - kmeans_tree - Porcentaje de aciertos= 86.05125
2021-03-05 11:28:53,257 - kmeans_tree - Porcentaje de fallos= 13.94875
2021-03-05 11:28:53,257 - kmeans_tree - search time= 1682.7584075740306 seconds
2021-03-05 11:28:53,303 - root -  
2021-03-05 11:28:53,304 - root - ------------------------------------------------------------------------
2021-03-05 11:28:53,304 - root -  
2021-03-05 11:28:53,304 - root - Sub Text 3, tam_grupo=50  n_centroides=25
2021-03-05 11:34:16,781 - kmeans_tree - tree time=323.28966670203954 seconds
2021-03-05 11:34:16,894 - kmeans_tree - tree-depth=11
2021-03-05 12:10:45,916 - kmeans_tree - Porcentaje de aciertos= 88.06125
2021-03-05 12:10:45,916 - kmeans_tree - Porcentaje de fallos= 11.93875
2021-03-05 12:10:45,916 - kmeans_tree - search time= 2189.0229795890627 seconds
2021-03-05 12:10:45,980 - root -  
2021-03-05 12:10:45,981 - root - ------------------------------------------------------------------------
2021-03-05 12:10:45,981 - root -  
2021-03-05 12:10:45,981 - root - Sub Text 4, tam_grupo=70  n_centroides=35
2021-03-05 12:16:01,863 - kmeans_tree - tree time=315.7497534439899 seconds
2021-03-05 12:16:01,998 - kmeans_tree - tree-depth=11
2021-03-05 12:51:51,748 - kmeans_tree - Porcentaje de aciertos= 87.7925
2021-03-05 12:51:51,749 - kmeans_tree - Porcentaje de fallos= 12.2075
2021-03-05 12:51:51,749 - kmeans_tree - search time= 2149.7507573009934 seconds
2021-03-05 12:51:51,818 - root -  
2021-03-05 12:51:51,819 - root - ------------------------------------------------------------------------
2021-03-05 12:51:51,819 - root -  
2021-03-05 12:51:51,819 - root - Sub Text 5, tam_grupo=90  n_centroides=45
2021-03-05 12:57:04,289 - kmeans_tree - tree time=312.33799245697446 seconds
2021-03-05 12:57:04,446 - kmeans_tree - tree-depth=10
2021-03-05 13:32:52,222 - kmeans_tree - Porcentaje de aciertos= 87.84
2021-03-05 13:32:52,222 - kmeans_tree - Porcentaje de fallos= 12.16
2021-03-05 13:32:52,222 - kmeans_tree - search time= 2147.776596168056 seconds
2021-03-05 13:32:52,290 - root -  
2021-03-05 13:32:52,290 - root - ------------------------------------------------------------------------
2021-03-05 13:32:52,290 - root -  
2021-03-05 13:32:52,290 - root - Sub Text 6, tam_grupo=110  n_centroides=55
2021-03-05 13:38:59,993 - kmeans_tree - tree time=367.5699250330217 seconds
2021-03-05 13:39:00,173 - kmeans_tree - tree-depth=10
2021-03-05 14:13:45,173 - kmeans_tree - Porcentaje de aciertos= 88.62
2021-03-05 14:13:45,173 - kmeans_tree - Porcentaje de fallos= 11.38
2021-03-05 14:13:45,173 - kmeans_tree - search time= 2084.9998047250556 seconds
2021-03-05 14:13:45,231 - root -  
