2023-11-05 22:53:27,308 - root - ------------------------------------------------------------------------
2023-11-05 22:53:27,309 - root -              LastFM100000 Dataset Descriptive Analysis 
2023-11-05 22:53:27,309 - root - ------------------------------------------------------------------------

2023-11-05 22:53:27,309 - root - 
2023-11-05 22:53:27,309 - root - Loading train and test set from ./data/LastFM100000_train_test_set.hdf5

2023-11-05 22:53:27,329 - root - Size: 100000
2023-11-05 22:53:27,329 - root - 
2023-11-05 22:53:27,330 - root - Dimensionality: 65
2023-11-05 22:53:27,330 - root - 
2023-11-05 23:22:37,902 - root - ------- Descriptive analysis for each dimension of the dataset-------
2023-11-05 23:22:37,902 - root - 
2023-11-05 23:22:37,903 - root - MinMax: [(-0.021120463, 0.084480435), (-0.024685692, 0.092449404), (-0.018849015, 0.10728814), (-0.021485945, 0.085193396), (-0.021736542, 0.08356364), (-0.016539391, 0.0844446), (-0.03057918, 0.10155253), (-0.025755053, 0.11019578), (-0.01771732, 0.0749271), (-0.025321513, 0.08960206), (-0.028191742, 0.099245206), (-0.022384055, 0.08952495), (-0.022269554, 0.0938152), (-0.018824434, 0.08483054), (-0.02768156, 0.10256333), (-0.023656553, 0.0899678), (-0.024437083, 0.08645105), (-0.027161987, 0.08396784), (-0.020479543, 0.09709451), (-0.017666442, 0.084952794), (-0.030144835, 0.09550471), (-0.02033311, 0.08939081), (-0.022720449, 0.093377985), (-0.02652135, 0.09384363), (-0.022065824, 0.09503241), (-0.02287227, 0.088233024), (-0.020990955, 0.10890243), (-0.02650648, 0.098700605), (-0.023387877, 0.08796717), (-0.025898635, 0.089634575), (-0.027110515, 0.10365078), (-0.019329766, 0.10060399), (-0.022244517, 0.105667055), (-0.018008467, 0.13230835), (-0.018754203, 0.097218424), (-0.019634565, 0.08836519), (-0.019172473, 0.08950747), (-0.021258013, 0.08207957), (-0.021029944, 0.10104119), (-0.018688392, 0.073303536), (-0.020307353, 0.07748), (-0.027163113, 0.0882602), (-0.019458147, 0.08263908), (-0.01883676, 0.11118018), (-0.024043903, 0.091154575), (-0.023478443, 0.09920703), (-0.02042914, 0.08338499), (-0.020661913, 0.10863799), (-0.02527615, 0.07673933), (-0.020439815, 0.08696551), (-0.022952555, 0.09217137), (-0.025074089, 0.09107461), (-0.02143867, 0.076760456), (-0.022754708, 0.082087345), (-0.023434434, 0.09911353), (-0.021392247, 0.09219983), (-0.024673818, 0.085873336), (-0.02394437, 0.105333894), (-0.023303641, 0.096806005), (-0.025305444, 0.08011), (-0.015872259, 0.07744696), (-0.024051806, 0.09586311), (-0.018707499, 0.092785865), (-0.021280501, 0.09866586), (0.24509317, 0.7357977)]
2023-11-05 23:22:37,903 - root - 
2023-11-05 23:22:37,903 - root - Range: [0.10560089, 0.11713509, 0.12613715, 0.10667934, 0.10530018, 0.10098399, 0.13213171, 0.13595083, 0.09264442, 0.114923574, 0.12743695, 0.111909, 0.116084754, 0.10365497, 0.13024488, 0.11362436, 0.11088814, 0.11112983, 0.11757406, 0.10261924, 0.12564954, 0.10972392, 0.116098434, 0.12036498, 0.117098235, 0.11110529, 0.12989339, 0.12520708, 0.11135505, 0.11553321, 0.1307613, 0.119933754, 0.12791157, 0.15031682, 0.11597262, 0.10799976, 0.10867994, 0.10333758, 0.12207113, 0.09199193, 0.09778736, 0.115423314, 0.10209723, 0.13001694, 0.11519848, 0.12268547, 0.10381413, 0.12929991, 0.10201548, 0.10740532, 0.11512393, 0.116148695, 0.09819913, 0.10484205, 0.12254797, 0.11359208, 0.110547155, 0.12927827, 0.12010965, 0.10541544, 0.09331922, 0.11991492, 0.111493364, 0.11994636, 0.49070454]
2023-11-05 23:22:37,903 - root - 
2023-11-05 23:22:37,903 - root - Mean value: [0.0032154645, 0.0027703443, 0.0024359536, 0.0028668395, 0.0030311923, 0.0029327662, 0.0027136153, 0.0022908805, 0.0031833274, 0.0024930853, 0.0027019822, 0.002966169, 0.0026609437, 0.0028209086, 0.002864881, 0.0028358197, 0.0029708033, 0.0026761435, 0.0026100653, 0.002839639, 0.0027223895, 0.0028922476, 0.0026838223, 0.002674385, 0.002671994, 0.0029746278, 0.0025071676, 0.0027225714, 0.0028501395, 0.0028973287, 0.0027349337, 0.0028278895, 0.0029083933, 0.0024579833, 0.0027287148, 0.0026689898, 0.0025883487, 0.0027557663, 0.0025443546, 0.0030640704, 0.0028168492, 0.0028678644, 0.00270474, 0.0027577109, 0.0025658114, 0.0025017054, 0.0026984415, 0.0025505358, 0.003000539, 0.0027829884, 0.002712074, 0.0029035367, 0.0025906228, 0.0032136901, 0.0026678103, 0.0025083527, 0.0026507375, 0.0026926617, 0.0025563582, 0.0027589279, 0.0030491361, 0.002715544, 0.0027268438, 0.002973092, 0.7335604]
2023-11-05 23:22:37,903 - root - 
2023-11-05 23:22:37,903 - root - Median value: [0.0011921716, 0.00088598777, 0.0007390264, 0.0009802487, 0.0010259273, 0.0009092368, 0.0008725194, 0.00064589805, 0.0010955848, 0.0007278126, 0.00086814276, 0.0009574883, 0.000822722, 0.00093736115, 0.001001634, 0.0009878996, 0.001020913, 0.0008099195, 0.00080160634, 0.00088946347, 0.0008868525, 0.0009394721, 0.00087287487, 0.00086974807, 0.00080598705, 0.0010265931, 0.0007688616, 0.00091735285, 0.00092313974, 0.0010206082, 0.00093045586, 0.00089802966, 0.00094300974, 0.0007346503, 0.00088612305, 0.0008661021, 0.00077071536, 0.00091936474, 0.0007740641, 0.0010487037, 0.0009185894, 0.0009663764, 0.00080755027, 0.00092621055, 0.00073099486, 0.0007185864, 0.00082276104, 0.0007697639, 0.0010167941, 0.0009085578, 0.0008798352, 0.0010030915, 0.00078304217, 0.0011915311, 0.00082217006, 0.00072845677, 0.0007976711, 0.00080201565, 0.0007617122, 0.0008844931, 0.0010415259, 0.00082707056, 0.0008315572, 0.0010938223, 0.7356399]
2023-11-05 23:22:37,903 - root - 
2023-11-05 23:22:37,903 - root - Standard Deviation: [0.006344966, 0.006627672, 0.0065875514, 0.006435189, 0.0065114526, 0.00643169, 0.0066534467, 0.0066461046, 0.0063626715, 0.006617006, 0.0065604006, 0.00635985, 0.006527846, 0.0064976746, 0.0064019435, 0.0064200144, 0.0063344613, 0.0066089756, 0.0065237107, 0.006552476, 0.0065467856, 0.0065056942, 0.006501482, 0.0066143502, 0.006707447, 0.0063177263, 0.0065047117, 0.006506294, 0.0064554885, 0.006402273, 0.0064536966, 0.006451994, 0.0064770933, 0.00677743, 0.006570632, 0.006571313, 0.0065937126, 0.0063580004, 0.0066293743, 0.006308096, 0.0063413675, 0.0065588234, 0.006520005, 0.0065492257, 0.006640255, 0.0065720137, 0.0065424223, 0.006603476, 0.006452434, 0.006490257, 0.006479094, 0.006454696, 0.006610222, 0.006345209, 0.006577519, 0.006577612, 0.0065131076, 0.0065388777, 0.0065419003, 0.0065994263, 0.006507267, 0.0065579144, 0.0064876857, 0.0064244578, 0.009106283]
2023-11-05 23:22:37,903 - root - 
2023-11-05 23:22:37,903 - root - Kurtosis: [17.027123967227176, 22.33120918091286, 31.811228110733865, 17.592450478837385, 18.240116680075623, 16.399381422610606, 23.627577924117784, 32.72231786617078, 13.707812905844502, 22.73156665371846, 22.4997303301156, 15.230765137313039, 20.222712981722783, 22.47068980865779, 20.21742375328155, 23.184910295757028, 19.01504613514697, 20.280026057918388, 25.808473867613856, 21.105078009254104, 24.124321187800614, 19.055750077177724, 21.470837724515388, 24.67342354635357, 22.211213528076293, 16.667230372542168, 35.84033590385572, 23.44769390637776, 20.726683017947423, 19.890732861032056, 24.115431590358426, 18.18698796209291, 21.71075557579245, 33.63090784231924, 24.42163496642834, 22.412855147580906, 19.739424147396956, 21.824754822738015, 25.922253456884548, 13.224098166450151, 17.136281217595446, 22.826496465286475, 21.47722860703697, 27.56849329430706, 22.663045434197635, 27.459268463644023, 21.482138672519056, 28.897093244223075, 16.487547127899617, 20.59278584145434, 19.47347516746646, 20.15419601258043, 19.798033920521362, 13.781340556300886, 27.007613923012983, 24.44006598685085, 22.095218971008205, 23.137891225497025, 24.801817432497874, 17.66747561956215, 18.20717187777092, 22.068817324989308, 22.270077270309898, 22.759649209066136, 250.88164731824838]
2023-11-05 23:22:37,903 - root - 
2023-11-05 23:22:37,903 - root - Skewness (Asimetria): [3.361459053341528, 3.7220743722194016, 4.567357102932416, 3.399824574493904, 3.523474966307455, 3.406604490504207, 3.9150155745387556, 4.531746685954329, 3.089938329376517, 3.888868759166423, 3.8159354777590164, 3.22389308968921, 3.658485089727603, 3.8757995980382156, 3.5321535265302937, 3.7941324139702637, 3.5739875883581598, 3.6599729063838065, 4.110644411574956, 3.8088848933245614, 3.9265685573026827, 3.590406263492091, 3.7234189666748336, 3.9405206600991116, 3.871958676001096, 3.297111042536702, 4.839024512557564, 3.8364239070867066, 3.681253337813727, 3.667372196887335, 3.892220990986533, 3.4787335055816455, 3.7623980655913125, 4.614750184278633, 4.0150442794055445, 3.872114433648464, 3.6811798955890813, 3.7624199964639407, 4.082497122240948, 3.070683997006301, 3.404615058754042, 3.8465405746713777, 3.835204684169052, 4.179542192484019, 3.885505154045993, 4.258986222139887, 3.780029297573952, 4.396116486806009, 3.3356184825677113, 3.7176218790452555, 3.5704478431242372, 3.603094479328129, 3.6247443873392093, 3.0828270123849015, 4.19141487900402, 3.9703086091535544, 3.870064469129057, 3.8345829457146, 3.996820324121276, 3.367763699715531, 3.5619240419374343, 3.835232938359315, 3.834028846808467, 3.7743406987046044, -12.174898758223298]
2023-11-05 23:22:37,903 - root - 
2023-11-05 23:22:37,903 - root - Mean distance between points (1-d): [0.005368027767171566, 0.00541498044200595, 0.0050468566295089915, 0.0054279023453669955, 0.005390506201924196, 0.005320135106510108, 0.005356197403608965, 0.005116947662140623, 0.005441538847730684, 0.0052835988563453215, 0.005303075302142262, 0.0053770502111677885, 0.005331795367966405, 0.005196814142234731, 0.005233554878173236, 0.005264696868141418, 0.005221439829593379, 0.005323409737172899, 0.005168414051243331, 0.005277216605624205, 0.005273389703463721, 0.005340139373432366, 0.005293878503959782, 0.005344315506438581, 0.005388934409898811, 0.005328616508233625, 0.004854936851942995, 0.005288380994884122, 0.005315518519360573, 0.005206752921625913, 0.0052125038548762655, 0.0053714381871218415, 0.005245779559697202, 0.005214353126972775, 0.005244670450366009, 0.005275718010405894, 0.005314799243500664, 0.005210638875326067, 0.00528603221020741, 0.005393063311937262, 0.005278967184466825, 0.005277827636693701, 0.0052465369108836485, 0.005197049418779892, 0.0053116618623844465, 0.005120012984839397, 0.005310335303438282, 0.005100333666497779, 0.005393689546195326, 0.005275279408800635, 0.005352419787672111, 0.005332736794413689, 0.005416995387445828, 0.005460532286747351, 0.005125524742496911, 0.005311226366041721, 0.005177014709390901, 0.005321769234856423, 0.0051672793407201495, 0.005463732281305867, 0.005356556536441715, 0.005285605355884287, 0.005240488113205393, 0.005288561336888299, 0.0038447528008075985]
2023-11-05 23:22:37,903 - root - 
2023-11-05 23:22:37,903 - root - 
2023-11-05 23:22:37,903 - root - ------------ Distance Matrixes (built using several distance metrics)-----------
2023-11-05 23:22:37,903 - root - 
2023-11-05 23:32:12,751 - root - 
-------- euclidean distance --------
2023-11-05 23:32:12,752 - root - 
2023-11-05 23:32:12,752 - root - MinMax distance: (1.2096615247007924e-09, 0.8510019039076766)
2023-11-05 23:32:12,752 - root - 
2023-11-05 23:32:12,752 - root - Mean distance between points (all-d): 0.05103797119735066
2023-11-05 23:32:12,752 - root - 
2023-11-05 23:32:12,752 - root - Quantiles:  q1=0.01635055293153273  -  q2=0.03304332432129735  -  q3=0.06619668702988332
2023-11-05 23:43:39,566 - root - 
-------- cityblock distance --------
2023-11-05 23:43:39,574 - root - 
2023-11-05 23:43:39,575 - root - MinMax distance: (9.395307642989792e-09, 5.972546172488364)
2023-11-05 23:43:39,575 - root - 
2023-11-05 23:43:39,575 - root - Mean distance between points (all-d): 0.3419249073767325
2023-11-05 23:43:39,575 - root - 
2023-11-05 23:43:39,575 - root - Quantiles:  q1=0.10497769842527305  -  q2=0.2127299354024217  -  q3=0.429759210594284
2023-11-05 23:54:43,381 - root - 
-------- chebyshev distance --------
2023-11-05 23:54:43,395 - root - 
2023-11-05 23:54:43,395 - root - MinMax distance: (2.255546860396862e-10, 0.4907045364379883)
2023-11-05 23:54:43,395 - root - 
2023-11-05 23:54:43,395 - root - Mean distance between points (all-d): 0.0153750607955441
2023-11-05 23:54:43,395 - root - 
2023-11-05 23:54:43,395 - root - Quantiles:  q1=0.005306352861225605  -  q2=0.010569439344180864  -  q3=0.02092641219496727
2023-11-06 00:02:07,342 - root - 
-------- cosine distance --------
2023-11-06 00:02:07,358 - root - 
2023-11-06 00:02:07,359 - root - MinMax distance: (0.0, 0.6688276056226323)
2023-11-06 00:02:07,359 - root - 
2023-11-06 00:02:07,359 - root - Mean distance between points (all-d): 0.005166738121266915
2023-11-06 00:02:07,359 - root - 
2023-11-06 00:02:07,359 - root - Quantiles:  q1=0.00024689825070109417  -  q2=0.0010083715590710751  -  q3=0.004046929488589229
