2023-11-03 19:29:21,706 - root - ------------------------------------------------------------------------
2023-11-03 19:29:21,706 - root -              gaussian-clouds-npc200-True Dataset Descriptive Analysis 
2023-11-03 19:29:21,706 - root - ------------------------------------------------------------------------

2023-11-03 19:29:21,706 - root - 
2023-11-03 19:29:21,715 - root - Loading train and test set from ./data/gaussian-clouds-npc200-True_train_test_set.hdf5

2023-11-03 19:29:21,719 - root - Size: 1600
2023-11-03 19:29:21,719 - root - 
2023-11-03 19:29:21,719 - root - Dimensionality: 2
2023-11-03 19:29:21,719 - root - 
2023-11-03 19:29:21,754 - root - ------- Descriptive analysis for each dimension of the dataset-------
2023-11-03 19:29:21,754 - root - 
2023-11-03 19:29:21,754 - root - MinMax: [(5.583140399732177, 29.464384027058568), (12.145812502438586, 35.14576611977435)]
2023-11-03 19:29:21,754 - root - 
2023-11-03 19:29:21,754 - root - Range: [23.88124362732639, 22.999953617335763]
2023-11-03 19:29:21,754 - root - 
2023-11-03 19:29:21,754 - root - Mean value: [17.911521568196125, 23.500703981093682]
2023-11-03 19:29:21,754 - root - 
2023-11-03 19:29:21,754 - root - Median value: [18.05674096753308, 23.456060309202783]
2023-11-03 19:29:21,754 - root - 
2023-11-03 19:29:21,754 - root - Standard Deviation: [5.263345905817043, 4.970346901680535]
2023-11-03 19:29:21,754 - root - 
2023-11-03 19:29:21,754 - root - Kurtosis: [-1.0919343584985794, -0.9852238164036002]
2023-11-03 19:29:21,754 - root - 
2023-11-03 19:29:21,754 - root - Skewness (Asimetria): [-0.03826127441413372, 0.054279429024260896]
2023-11-03 19:29:21,754 - root - 
2023-11-03 19:29:21,754 - root - Mean distance between points (1-d): [6.068760598126656, 5.7281653075550665]
2023-11-03 19:29:21,755 - root - 
2023-11-03 19:29:21,755 - root - 
2023-11-03 19:29:21,755 - root - ------------ Distance Matrixes (built using several distance metrics)-----------
2023-11-03 19:29:21,755 - root - 
2023-11-03 19:29:21,832 - root - 
-------- cityblock distance --------
2023-11-03 19:29:21,833 - root - 
2023-11-03 19:29:21,833 - root - MinMax distance: (0.008426816546542426, 29.21510296474574)
2023-11-03 19:29:21,833 - root - 
2023-11-03 19:29:21,833 - root - Mean distance between points (all-d): 11.796925905681729
2023-11-03 19:29:21,833 - root - 
2023-11-03 19:29:21,833 - root - Quantiles:  q1=7.343189403059416  -  q2=12.266008839986238  -  q3=16.309933746726017
2023-11-03 19:29:21,914 - root - 
-------- euclidean distance --------
2023-11-03 19:29:21,914 - root - 
2023-11-03 19:29:21,915 - root - MinMax distance: (0.006114455918113024, 23.983097949589062)
2023-11-03 19:29:21,915 - root - 
2023-11-03 19:29:21,915 - root - Mean distance between points (all-d): 9.26085747121968
2023-11-03 19:29:21,915 - root - 
2023-11-03 19:29:21,915 - root - Quantiles:  q1=5.714544921586382  -  q2=9.692685100252294  -  q3=12.721292602602112
2023-11-03 19:29:22,001 - root - 
-------- chebyshev distance --------
2023-11-03 19:29:22,001 - root - 
2023-11-03 19:29:22,001 - root - MinMax distance: (0.005183189851774017, 23.88124362732639)
2023-11-03 19:29:22,001 - root - 
2023-11-03 19:29:22,001 - root - Mean distance between points (all-d): 8.323629960645542
2023-11-03 19:29:22,001 - root - 
2023-11-03 19:29:22,001 - root - Quantiles:  q1=4.97499883746489  -  q2=8.459091664121216  -  q3=11.367806407209361
2023-11-03 19:29:22,076 - root - 
-------- cosine distance --------
2023-11-03 19:29:22,076 - root - 
2023-11-03 19:29:22,076 - root - MinMax distance: (1.3533618670180658e-13, 0.29165319178342897)
2023-11-03 19:29:22,076 - root - 
2023-11-03 19:29:22,077 - root - Mean distance between points (all-d): 0.030667429214075625
2023-11-03 19:29:22,077 - root - 
2023-11-03 19:29:22,077 - root - Quantiles:  q1=0.0028812875510815517  -  q2=0.01581682067786544  -  q3=0.04909054535068852
2023-11-03 19:29:22,119 - root - 
-------- jaccard distance --------
2023-11-03 19:29:22,120 - root - 
2023-11-03 19:29:22,120 - root - MinMax distance: (1.0, 1.0)
2023-11-03 19:29:22,120 - root - 
2023-11-03 19:29:22,120 - root - Mean distance between points (all-d): 1.0
2023-11-03 19:29:22,120 - root - 
2023-11-03 19:29:22,120 - root - Quantiles:  q1=1.0  -  q2=1.0  -  q3=1.0
