2023-01-26 14:59:07,808 - root - ------------------------------------------------------------------------
2023-01-26 14:59:07,809 - root -             gaussian_clouds_npc200_True Dataset Descriptive Analysis 
2023-01-26 14:59:07,809 - root - ------------------------------------------------------------------------

2023-01-26 14:59:07,809 - root - 
2023-01-26 14:59:07,811 - root - Loading train and test set from ./data/gaussian_clouds_npc200_True_train_test_set.hdf5

2023-01-26 14:59:07,816 - root - Size: 1600
2023-01-26 14:59:07,816 - root - 
2023-01-26 14:59:07,816 - root - Dimensionality: 2
2023-01-26 14:59:07,816 - root - 
2023-01-26 14:59:07,832 - root - ------- Descriptive analysis for each dimension of the dataset-------
2023-01-26 14:59:07,832 - root - 
2023-01-26 14:59:07,833 - root - MinMax: [(5.583140399732177, 29.464384027058568), (12.145812502438586, 35.14576611977435)]
2023-01-26 14:59:07,833 - root - 
2023-01-26 14:59:07,833 - root - Range: [23.88124362732639, 22.999953617335763]
2023-01-26 14:59:07,833 - root - 
2023-01-26 14:59:07,833 - root - Mean value: [17.911521568196125, 23.500703981093682]
2023-01-26 14:59:07,833 - root - 
2023-01-26 14:59:07,833 - root - Median value: [18.05674096753308, 23.456060309202783]
2023-01-26 14:59:07,833 - root - 
2023-01-26 14:59:07,833 - root - Standard Deviation: [5.263345905817043, 4.970346901680535]
2023-01-26 14:59:07,833 - root - 
2023-01-26 14:59:07,833 - root - Kurtosis: [-1.0919343584985794, -0.9852238164036002]
2023-01-26 14:59:07,833 - root - 
2023-01-26 14:59:07,833 - root - Skewness (Asimetria): [-0.03826127441413372, 0.054279429024260896]
2023-01-26 14:59:07,833 - root - 
2023-01-26 14:59:07,833 - root - Mean distance between points (1-d): [6.068760598126656, 5.7281653075550665]
2023-01-26 14:59:07,833 - root - 
2023-01-26 14:59:07,960 - root - 
2023-01-26 14:59:07,960 - root - ------------ Distance Matrix-----------
2023-01-26 14:59:07,960 - root - 
2023-01-26 14:59:07,960 - root - MinMax distance: (0.0, 23.983097949589062)
2023-01-26 14:59:07,960 - root - 
2023-01-26 14:59:07,960 - root - Mean distance between points (all-d): 9.255069435300161
2023-01-26 14:59:07,961 - root - 
2023-01-26 14:59:07,961 - root - Quantiles:  q1=5.706413457976544  -  q2=9.68843429250468  -  q3=12.719328905172611
2023-01-26 14:59:07,961 - root - 
