2023-10-11 09:14:07,720 - root - ------------------------------------------------------------------------
2023-10-11 09:14:07,721 - root -             GLOVE100000 Dataset Descriptive Analysis 
2023-10-11 09:14:07,721 - root - ------------------------------------------------------------------------

2023-10-11 09:14:07,721 - root - 
2023-10-11 09:14:07,723 - root - Loading train and test set from ./data/GLOVE100000_train_test_set.hdf5

2023-10-11 09:14:07,830 - root - Size: 100000
2023-10-11 09:14:07,831 - root - 
2023-10-11 09:14:07,831 - root - Dimensionality: 100
2023-10-11 09:14:07,831 - root - 
2023-10-11 09:59:07,436 - root - ------- Descriptive analysis for each dimension of the dataset-------
2023-10-11 09:59:07,451 - root - 
2023-10-11 09:59:07,455 - root - MinMax: [(-4.4963, 3.0736), (-3.3012, 2.9153), (-3.1678, 3.7751), (-3.4281, 3.2635), (-3.4493, 3.1628), (-3.2775, 4.1262), (-3.5953, 3.1738), (-3.57, 3.2589), (-3.6971, 2.8997), (-3.4595, 2.9803), (-3.5264, 2.839), (-4.3627, 3.6801), (-5.8236, 3.3976), (-3.4718, 3.7758), (-3.3337, 3.5613), (-3.1134, 4.8976), (-3.5952, 3.2526), (-2.8527, 3.4832), (-3.3816, 3.6354), (-3.9726, 3.446), (-3.228, 3.5035), (-3.3319, 3.126), (-4.3613, 4.0677), (-3.7895, 3.3168), (-3.5928, 3.0954), (-5.2252, 3.5047), (-3.3258, 2.96), (-3.5137, 3.0738), (-3.6693, 3.0865), (-3.0373, 3.0659), (-3.4709, 3.2545), (-3.1188, 3.4138), (-2.8386, 3.6387), (-3.3489, 3.5795), (-3.5152, 3.187), (-3.6225, 2.9413), (-3.1862, 2.9567), (-2.9311, 3.9769), (-2.9098, 3.5652), (-2.7844, 3.3515), (-3.3654, 3.6047), (-3.855, 3.1973), (-3.5027, 3.391), (-3.1753, 2.98), (-3.2227, 3.8492), (-3.1905, 3.4173), (-2.8069, 3.004), (-3.7543, 2.8119), (-3.6409, 2.8526), (-3.8457, 3.7246), (-2.5607, 3.6102), (-3.3677, 3.3722), (-3.0932, 3.1955), (-3.305, 4.6215), (-3.1335, 3.6264), (-4.1517, 4.3865), (-3.1637, 3.2831), (-3.1058, 3.3393), (-3.0469, 4.5824), (-3.2987, 3.2265), (-3.2886, 4.0799), (-2.7464, 3.5943), (-3.5218, 3.1559), (-2.8638, 3.4958), (-4.1084, 2.9868), (-3.0601, 3.2152), (-3.3666, 3.4929), (-2.9627, 2.9759), (-3.0371, 3.0079), (-3.1104, 3.2504), (-3.9396, 2.823), (-3.4502, 2.9813), (-3.2824, 3.4355), (-3.5057, 3.4201), (-3.0401, 3.2617), (-2.8353, 3.9046), (-2.6412, 3.5384), (-3.0692, 2.9889), (-3.573, 3.2153), (-3.1249, 3.3347), (-4.1496, 2.8559), (-3.3323, 3.2719), (-3.1064, 3.2072), (-2.8786, 3.3281), (-3.5534, 3.1548), (-3.1902, 2.9299), (-3.2748, 3.5595), (-3.3306, 3.0692), (-3.4408, 3.0563), (-3.9271, 3.2688), (-3.1084, 3.0841), (-2.7165, 3.9182), (-2.7214, 3.2379), (-3.0505, 3.2282), (-2.8227, 4.0408), (-2.965, 3.5668), (-3.2424, 3.0298), (-2.8265, 3.5037), (-3.3531, 3.3791), (-2.8634, 3.2339)]
2023-10-11 09:59:07,455 - root - 
2023-10-11 09:59:07,456 - root - Range: [7.5699005, 6.2165, 6.9428997, 6.6916, 6.6121, 7.4037, 6.7691, 6.8289, 6.5968, 6.4398003, 6.3654003, 8.0428, 9.2212, 7.2476, 6.895, 8.011, 6.8478003, 6.3359003, 7.017, 7.4186, 6.7314997, 6.4579, 8.429, 7.1063004, 6.6882, 8.7299, 6.2858, 6.5875, 6.7558002, 6.1032, 6.7254, 6.5326, 6.4772997, 6.9284, 6.7022, 6.5638, 6.1429, 6.908, 6.4750004, 6.1359, 6.9701004, 7.0523, 6.8937, 6.1553, 7.0719004, 6.6078, 5.8108997, 6.5662003, 6.4934998, 7.5703, 6.1709, 6.7399, 6.2887, 7.9265003, 6.7599, 8.5382, 6.4468, 6.4451, 7.6293, 6.5252, 7.3684998, 6.3407, 6.6777, 6.3596, 7.0951996, 6.2753, 6.8595, 5.9385996, 6.045, 6.3608, 6.7626, 6.4315004, 6.7179, 6.9258003, 6.3018, 6.7398996, 6.1796, 6.0580997, 6.7883, 6.4596004, 7.0055, 6.6042, 6.3136, 6.2067, 6.7082, 6.1201, 6.8343, 6.3998003, 6.4971, 7.1959, 6.1925, 6.6347, 5.9593, 6.2787, 6.8635, 6.5318003, 6.2721996, 6.3302, 6.7322, 6.0973]
2023-10-11 09:59:07,456 - root - 
2023-10-11 09:59:07,456 - root - Mean value: [-0.15826602, -0.0017462166, -0.0344007, -0.06354285, -0.0074903374, -0.18727888, -0.050522745, -0.17765616, -0.03252054, -0.19801867, -0.06470534, 0.039566673, 0.65985024, -0.00711284, 0.00035057426, 0.091261886, 0.080090396, 0.07131685, 0.23009294, 0.098795235, 0.113913, 0.045082442, 0.06914765, -0.06397737, -0.20820422, 0.75252986, 0.13015847, 0.11282465, -0.3530845, 0.021040944, 0.25424117, 0.17695935, 0.42772305, -0.21572259, -0.4509942, -0.14162314, -0.00768769, 0.0075531146, 0.06763334, 0.12741095, 0.683493, -0.016677093, 0.12866257, -0.073202625, -0.35738078, 0.09799362, -0.050552554, 0.0070286468, 0.062109962, 0.29026237, 0.30525556, 0.09405015, -0.0884216, -0.028793018, -0.18118526, -0.16104434, 0.12442297, -0.017365765, -0.06274453, -0.11727387, 0.15009367, 0.118265115, 0.011826374, 0.13149484, -0.19209936, 0.22396755, 0.20444609, 0.17316723, -0.044672407, -0.06866316, -0.18206666, 0.06929832, -0.07011673, 0.018536514, 0.0027092777, 0.19335707, 0.19743629, 0.015352582, 0.047499165, 0.141312, -0.3628421, -0.10948404, -0.047605805, 0.04510915, -0.111143, -0.133382, 0.18963216, -0.39398012, 0.055902153, -0.1423149, 0.052900366, 0.14059576, 0.09949906, 0.064519405, 0.05237134, 0.083092816, 0.008394288, 0.21615504, -0.15367436, 0.15028495]
2023-10-11 09:59:07,457 - root - 
2023-10-11 09:59:07,457 - root - Median value: [-0.160995, 0.000821945, -0.0289945, -0.06117, -0.0023525502, -0.203765, -0.053241998, -0.18039, -0.017028, -0.20122501, -0.0716915, 0.039577, 0.710685, -0.0121845, 0.017149, 0.091716, 0.0894295, 0.068032, 0.22903, 0.113305, 0.094523504, 0.045900002, 0.073631, -0.0646185, -0.21467, 0.80459, 0.12654501, 0.113115, -0.352815, 0.00860925, 0.25287002, 0.19043, 0.4444, -0.22137499, -0.46719003, -0.13656, -0.00840845, 0.0154395, 0.06542, 0.13030499, 0.71094, -0.0187, 0.13220501, -0.064906, -0.361755, 0.104104996, -0.05375, 0.014387, 0.0709175, 0.29159498, 0.315325, 0.0932565, -0.08862, -0.0272715, -0.186955, -0.15747, 0.128835, -0.013431, -0.065367, -0.11141, 0.15202501, 0.12031, 0.0211015, 0.133665, -0.19995, 0.23256, 0.19367501, 0.175755, -0.0459215, -0.066208005, -0.17986, 0.0761755, -0.0752655, 0.0244805, -0.008107, 0.19231501, 0.20255, 0.027951501, 0.0467435, 0.15123, -0.373645, -0.109950006, -0.047525503, 0.041302, -0.110355, -0.121495, 0.18868, -0.421105, 0.061113, -0.145275, 0.052322, 0.148835, 0.104785, 0.066478, 0.029619, 0.077551, 0.0095175505, 0.22495, -0.15667, 0.15163]
2023-10-11 09:59:07,457 - root - 
2023-10-11 09:59:07,457 - root - Standard Deviation: [0.53784174, 0.55561656, 0.5459581, 0.5412069, 0.5304591, 0.55741704, 0.541137, 0.53600574, 0.54436916, 0.564076, 0.53759164, 0.55638593, 0.65265405, 0.53326446, 0.54521483, 0.55332875, 0.5539166, 0.5343019, 0.55007756, 0.5644375, 0.5967817, 0.55803794, 0.54973364, 0.5473132, 0.54415524, 0.61394477, 0.5368875, 0.55602854, 0.56024486, 0.5529226, 0.54427415, 0.5607343, 0.56060493, 0.53702945, 0.55690783, 0.5299006, 0.53316534, 0.5361595, 0.5395324, 0.53519225, 0.57771575, 0.54520714, 0.54243064, 0.5383134, 0.54574853, 0.5330637, 0.5324011, 0.5328443, 0.541933, 0.53949034, 0.5625644, 0.5581806, 0.5204025, 0.53600544, 0.5487209, 0.5379199, 0.5241052, 0.552677, 0.54670167, 0.5477278, 0.54771996, 0.5538156, 0.54557604, 0.5396257, 0.56008464, 0.5482657, 0.55428946, 0.5483228, 0.55055463, 0.54009974, 0.55561703, 0.557568, 0.5469287, 0.55455756, 0.5405097, 0.5691605, 0.54690963, 0.5554713, 0.54765934, 0.5718654, 0.5828178, 0.5545194, 0.53779376, 0.5467145, 0.5447697, 0.5808117, 0.53990763, 0.5864172, 0.5359129, 0.56366706, 0.53619933, 0.548963, 0.5457839, 0.5423774, 0.56458485, 0.55137366, 0.53845763, 0.55788296, 0.5433725, 0.53452253]
2023-10-11 09:59:07,457 - root - 
2023-10-11 09:59:07,457 - root - Kurtosis: [0.8228001337845376, 0.6717621579777404, 0.6758093079950172, 0.8564734889546455, 0.7217709509814387, 0.7667352224785065, 0.774054483281323, 0.7368473909147992, 0.7225555608515384, 0.5832829158925725, 0.7209932606610345, 0.7559817965745417, 6.849492664193111, 0.7566068905117982, 0.7256302441673448, 0.8345699865037863, 0.5183573200923677, 0.7720624847943109, 0.5441649501337897, 0.6436067992480021, 0.6376527879554867, 0.602649975738494, 0.8346853917427599, 0.6943417045882652, 0.7442030843909513, 4.682673013862855, 0.7034046250668333, 0.5968617397900151, 0.606090906180984, 0.5956109086249741, 0.6493255230556794, 0.5931282211876532, 0.6524282320594197, 0.6720983097982072, 0.7899677479008642, 0.7234198311091085, 0.7214061187456653, 0.6205334452964446, 0.8041111198937698, 0.693146081726618, 1.5567204348053707, 0.7392293224501905, 0.6795611800159214, 0.6918072134461326, 0.5855320902563124, 0.8286811771372209, 0.6425365475683167, 0.7349261521125392, 0.6684178908719072, 0.6771513271069951, 0.6234982830808029, 0.8298833978749536, 0.7528684864306143, 0.8412231303702069, 0.7358813127645085, 0.7537099149148685, 0.797920683054878, 0.5682486196868703, 0.7548853996232765, 0.6600666197496148, 0.7438424911053856, 0.622528290751871, 0.7029115679139846, 0.7162167656606893, 0.683571609227732, 0.5621733864526552, 0.5794430130646964, 0.7594248572989533, 0.5982152206268085, 0.7365366504742275, 0.623546342883246, 0.6503504947935999, 0.7852578837256936, 0.6446994872502567, 0.7680934505921111, 0.540721197085742, 0.550497490319072, 0.7301588356467716, 0.7826186080324322, 0.6126584001308335, 1.0033876745188062, 0.5826553502764167, 0.6572089267625407, 0.7616793082405984, 0.65690134613379, 0.6152637767334426, 0.857016652488586, 0.6459541942085529, 0.7640675069667759, 0.6270482739161718, 0.638792929564235, 0.5707661502678523, 0.7561955031232168, 0.6558151420695864, 0.6881807757807072, 0.7680551754341578, 0.7495870385050369, 0.5993037454743426, 0.656922704472279, 0.6261373044746521]
2023-10-11 09:59:07,458 - root - 
2023-10-11 09:59:07,458 - root - Skewness (Asimetria): [0.027203776268710577, -0.02875275818123677, -0.039144680784694456, -0.018105453882947917, -0.021347446086241333, 0.174196237748281, 0.04855207486426915, 0.047053802032350704, -0.19601573560326374, -0.009801431172758342, 0.04026087728640755, 0.0007810427690333086, -1.490603637032974, 0.030044674535212926, -0.15206820655843542, 0.033088176357341986, -0.05161717506488995, 0.05893224202763464, 0.006310557002385619, -0.14620812224034674, 0.1717718530858247, 0.020771281955862995, -0.022173601823342416, 0.008290971420183037, 0.05971802253977156, -1.1612640035066422, 0.049737342138120304, 0.0019362773026891085, 0.04686429014297883, 0.11446098715932122, -0.013681924466951193, -0.12805455433155555, -0.1370425172602749, 0.055283428936246874, 0.21328062941117143, -0.05936696635923022, 0.01846067674684992, -0.08616665575405341, 0.042301375129461215, -0.02649802012556474, -0.4533105313420378, 0.03003492120226149, -0.029598832824963166, -0.11846966915575974, 0.055245200574179136, -0.07738902073494573, 0.017958982778378603, -0.10180077328768314, -0.07775771140871919, -0.004240334128536752, -0.12981908812490414, 0.027605840196955934, 0.022342359167265426, -0.012756663613037145, 0.07542328561530447, -0.03750476514420205, -0.057783743588658086, -0.019593666498371624, 0.05711376316412425, -0.06557845940775987, -0.03247011391510761, 0.0034174567060174816, -0.08880180268161726, -0.01394449030769612, 0.10648773812621978, -0.09774016778934509, 0.08806286387313265, -0.03846768337483086, 0.01169570835081774, -0.03199758782296553, -0.034921239921702894, -0.10061498368770745, 0.10435014764126148, -0.10064515100836827, 0.08910876214320194, 0.03335563661661315, -0.020281271747988446, -0.15521252911062464, -0.04048432915482345, -0.09594820228040182, 0.09548501969403209, -0.02436805319070597, -0.026717305423353366, 0.007798868441703544, -0.03888906491845231, -0.10320764902895645, -0.0024401589688966274, 0.2793734563343472, -0.04903623598439301, 0.029270974736232223, 0.010301569421643427, -0.07454956293336722, -0.0445224130127108, -0.0011942280880506495, 0.23062076455928562, 0.09218773118072976, -0.03147262113429963, -0.11522181874364289, 0.02411317081662281, -0.00431509874210566]
2023-10-11 09:59:07,458 - root - 
2023-10-11 09:59:07,458 - root - Mean distance between points (1-d): [0.5980007012871112, 0.6185877047011715, 0.6079070811791188, 0.6007291289607747, 0.590301800149034, 0.6196150152716974, 0.6016957666145534, 0.5964545985984548, 0.6059199971467846, 0.6290773333332452, 0.5981204624367426, 0.6193874527811813, 0.6767137615016979, 0.593294224425488, 0.6067817687581648, 0.6151974600178226, 0.6192100676902227, 0.5937437453614431, 0.6143165539156822, 0.6289447733933189, 0.6638118699803134, 0.6225010575038535, 0.6103917089532019, 0.6095951318047865, 0.6051603632454878, 0.6514771990398028, 0.5977739747732127, 0.6201213706179403, 0.624566150714943, 0.6168236154457777, 0.6067845968547372, 0.6255818539361918, 0.6245969870968063, 0.5980778927597658, 0.6190849900109223, 0.5897059547972482, 0.5930338090029792, 0.5982455742529827, 0.5991148671974605, 0.5958386375232374, 0.6341821563043869, 0.6066446312116027, 0.60410537545331, 0.5996174992379655, 0.6092401547915606, 0.5920648930415076, 0.5935044919295371, 0.5931346156656881, 0.6038982828828431, 0.6014712482750808, 0.6268072514083314, 0.6203953701264523, 0.5788374144963628, 0.5955460727016835, 0.6103612674210268, 0.5984684725293851, 0.5826947284081155, 0.6166718706471441, 0.6084248849645068, 0.61018860644747, 0.6093528186746212, 0.6170622803723427, 0.6072803773195532, 0.6008715523997182, 0.6236751302317826, 0.6118455596166062, 0.6184814237873641, 0.609261419160361, 0.6137904380120766, 0.6007585974415531, 0.619486800898985, 0.6213684285489994, 0.6088083938974522, 0.6183725456759768, 0.6007631374042611, 0.6354753869084162, 0.6107265989649815, 0.6179863723530127, 0.6088241766056031, 0.6378228247449855, 0.6440033246719256, 0.6190227718196666, 0.5989671210068752, 0.6080001670301791, 0.6069172328175605, 0.6464810821732541, 0.5995662174637824, 0.6530525242044316, 0.5961489981054457, 0.6289312318995898, 0.5974302427352749, 0.6122449698245821, 0.6067435089513813, 0.6041209248497592, 0.6285053648713987, 0.6130631792001349, 0.598671586158452, 0.6221914964786515, 0.6059199416489184, 0.5959867759452785]
2023-10-11 09:59:07,458 - root - 
2023-10-11 11:02:55,246 - root - 
2023-10-11 11:02:55,269 - root - ------------ Distance Matrixes (built using several distance metrics)-----------
2023-10-11 11:02:55,269 - root - 
2023-10-11 11:02:55,269 - root - -------- Manhattan distance --------
2023-10-11 11:02:55,269 - root - 
2023-10-11 11:02:55,272 - root - MinMax distance: (0.4873810535573284, 186.0459924424067)
2023-10-11 11:02:55,272 - root - 
2023-10-11 11:02:55,272 - root - Mean distance between points (all-d): 61.17052921585445
2023-10-11 11:02:55,272 - root - 
2023-10-11 11:02:55,272 - root - Quantiles:  q1=53.59019936271943  -  q2=60.07510642017587  -  q3=67.54226897563785
2023-10-11 11:02:55,272 - root - 
2023-10-11 11:02:55,272 - root - -------- Euclidean distance --------
2023-10-11 11:02:55,272 - root - 
2023-10-11 11:02:55,272 - root - MinMax distance: (0.061146447070132934, 23.45403046655197)
2023-10-11 11:02:55,272 - root - 
2023-10-11 11:02:55,272 - root - Mean distance between points (all-d): 7.666195617021958
2023-10-11 11:02:55,272 - root - 
2023-10-11 11:02:55,272 - root - Quantiles:  q1=6.726463341297749  -  q2=7.5356267193812005  -  q3=8.460721577752624
2023-10-11 11:02:55,272 - root - 
2023-10-11 11:02:55,273 - root - -------- Chebyshev distance --------
2023-10-11 11:02:55,273 - root - 
2023-10-11 11:02:55,273 - root - MinMax distance: (0.01610099896788597, 9.221199750900269)
2023-10-11 11:02:55,273 - root - 
2023-10-11 11:02:55,273 - root - Mean distance between points (all-d): 2.151931657589018
2023-10-11 11:02:55,273 - root - 
2023-10-11 11:02:55,273 - root - Quantiles:  q1=1.7976000308990479  -  q2=2.0772799849510193  -  q3=2.4182000160217285
2023-10-11 11:02:55,273 - root - 
