2024-04-24 09:36:21,015 - root - ------------------------------------------------------------------------
2024-04-24 09:36:21,015 - root -                        KNN over NYtimes Dataset RECALL
2024-04-24 09:36:21,015 - root - ------------------------------------------------------------------------
2024-04-24 09:36:21,015 - root - Search of k neighbors over a choosen dataset, using different methods, benchmark.py
2024-04-24 09:36:21,015 - root - ------------------------------------------------------------------------

2024-04-24 09:36:21,015 - root - Distances: ['manhattan', 'euclidean', 'chebyshev'] 
2024-04-24 09:36:21,015 - root - Methods: ['FLANN', 'PYNN', 'GMASK']
2024-04-24 09:36:21,015 - root - KNN: [5, 10, 15]
2024-04-24 09:36:21,015 - root - MASK params: tg=1000, nc=500, r=30, algorithm=kmeans, implementation=kclust
2024-04-24 09:36:21,015 - root - GMASK params: tg=1000, nc=500, r=30, algorithm=kmedoids, implementation=fastkmedoids

2024-04-24 09:36:21,015 - root - ------------  manhattan distance  --------------------

2024-04-24 09:36:21,015 - root - -- FLANN method --

2024-04-24 09:36:21,016 - root - Loading neighbors from ./experiments/NearestNeighbors/NYtimes/knn_NYtimes_5_manhattan_KDTree.hdf5
2024-04-24 09:36:21,017 - root - Loading neighbors from ./experiments/NearestNeighbors/NYtimes/knn_NYtimes_5_manhattan_FLANN.hdf5
2024-04-24 09:36:21,018 - root - Correct neighbors rate: 112/500.0
2024-04-24 09:36:21,018 - root - Hit percentage: 22.400000000000002%


2024-04-24 09:36:21,019 - root - Loading neighbors from ./experiments/NearestNeighbors/NYtimes/knn_NYtimes_10_manhattan_KDTree.hdf5
2024-04-24 09:36:21,020 - root - Loading neighbors from ./experiments/NearestNeighbors/NYtimes/knn_NYtimes_10_manhattan_FLANN.hdf5
2024-04-24 09:36:21,021 - root - Correct neighbors rate: 162/1000.0
2024-04-24 09:36:21,021 - root - Hit percentage: 16.2%


2024-04-24 09:36:21,022 - root - Loading neighbors from ./experiments/NearestNeighbors/NYtimes/knn_NYtimes_15_manhattan_KDTree.hdf5
2024-04-24 09:36:21,023 - root - Loading neighbors from ./experiments/NearestNeighbors/NYtimes/knn_NYtimes_15_manhattan_FLANN.hdf5
2024-04-24 09:36:21,024 - root - Correct neighbors rate: 188/1500.0
2024-04-24 09:36:21,024 - root - Hit percentage: 12.533333333333333%


2024-04-24 09:36:21,024 - root - -- PYNN method --

2024-04-24 09:36:21,025 - root - Loading neighbors from ./experiments/NearestNeighbors/NYtimes/knn_NYtimes_5_manhattan_KDTree.hdf5
2024-04-24 09:36:21,025 - root - Loading neighbors from ./experiments/NearestNeighbors/NYtimes/knn_NYtimes_5_manhattan_PYNN.hdf5
2024-04-24 09:36:21,026 - root - Correct neighbors rate: 176/500.0
2024-04-24 09:36:21,026 - root - Hit percentage: 35.199999999999996%


2024-04-24 09:36:21,027 - root - Loading neighbors from ./experiments/NearestNeighbors/NYtimes/knn_NYtimes_10_manhattan_KDTree.hdf5
2024-04-24 09:36:21,028 - root - Loading neighbors from ./experiments/NearestNeighbors/NYtimes/knn_NYtimes_10_manhattan_PYNN.hdf5
2024-04-24 09:36:21,029 - root - Correct neighbors rate: 297/1000.0
2024-04-24 09:36:21,029 - root - Hit percentage: 29.7%


2024-04-24 09:36:21,029 - root - Loading neighbors from ./experiments/NearestNeighbors/NYtimes/knn_NYtimes_15_manhattan_KDTree.hdf5
2024-04-24 09:36:21,030 - root - Loading neighbors from ./experiments/NearestNeighbors/NYtimes/knn_NYtimes_15_manhattan_PYNN.hdf5
2024-04-24 09:36:21,031 - root - Correct neighbors rate: 404/1500.0
2024-04-24 09:36:21,032 - root - Hit percentage: 26.93333333333333%


2024-04-24 09:36:21,032 - root - -- GMASK method --

2024-04-24 09:36:21,032 - root - Loading neighbors from ./experiments/NearestNeighbors/NYtimes/knn_NYtimes_5_manhattan_KDTree.hdf5
2024-04-24 09:36:21,033 - root - Loading neighbors from ./experiments/NearestNeighbors/NYtimes/knn_NYtimes_5_manhattan_GMASK_tg1000_nc500_r30_kmedoids_fastkmedoids.hdf5
2024-04-24 09:36:21,034 - root - Correct neighbors rate: 254/500.0
2024-04-24 09:36:21,034 - root - Hit percentage: 50.8%


2024-04-24 09:36:21,034 - root - Loading neighbors from ./experiments/NearestNeighbors/NYtimes/knn_NYtimes_10_manhattan_KDTree.hdf5
2024-04-24 09:36:21,035 - root - Loading neighbors from ./experiments/NearestNeighbors/NYtimes/knn_NYtimes_10_manhattan_GMASK_tg1000_nc500_r30_kmedoids_fastkmedoids.hdf5
2024-04-24 09:36:21,037 - root - Correct neighbors rate: 431/1000.0
2024-04-24 09:36:21,037 - root - Hit percentage: 43.1%


2024-04-24 09:36:21,037 - root - Loading neighbors from ./experiments/NearestNeighbors/NYtimes/knn_NYtimes_15_manhattan_KDTree.hdf5
2024-04-24 09:36:21,038 - root - Loading neighbors from ./experiments/NearestNeighbors/NYtimes/knn_NYtimes_15_manhattan_GMASK_tg1000_nc500_r30_kmedoids_fastkmedoids.hdf5
2024-04-24 09:36:21,040 - root - Correct neighbors rate: 606/1500.0
2024-04-24 09:36:21,040 - root - Hit percentage: 40.400000000000006%


2024-04-24 09:36:21,040 - root - ------------  euclidean distance  --------------------

2024-04-24 09:36:21,040 - root - -- FLANN method --

2024-04-24 09:36:21,041 - root - Loading neighbors from ./experiments/NearestNeighbors/NYtimes/knn_NYtimes_5_euclidean_KDTree.hdf5
2024-04-24 09:36:21,041 - root - Loading neighbors from ./experiments/NearestNeighbors/NYtimes/knn_NYtimes_5_euclidean_FLANN.hdf5
2024-04-24 09:36:21,042 - root - Correct neighbors rate: 140/500.0
2024-04-24 09:36:21,042 - root - Hit percentage: 28.000000000000004%


2024-04-24 09:36:21,043 - root - Loading neighbors from ./experiments/NearestNeighbors/NYtimes/knn_NYtimes_10_euclidean_KDTree.hdf5
2024-04-24 09:36:21,043 - root - Loading neighbors from ./experiments/NearestNeighbors/NYtimes/knn_NYtimes_10_euclidean_FLANN.hdf5
2024-04-24 09:36:21,045 - root - Correct neighbors rate: 207/1000.0
2024-04-24 09:36:21,045 - root - Hit percentage: 20.7%


2024-04-24 09:36:21,045 - root - Loading neighbors from ./experiments/NearestNeighbors/NYtimes/knn_NYtimes_15_euclidean_KDTree.hdf5
2024-04-24 09:36:21,046 - root - Loading neighbors from ./experiments/NearestNeighbors/NYtimes/knn_NYtimes_15_euclidean_FLANN.hdf5
2024-04-24 09:36:21,047 - root - Correct neighbors rate: 246/1500.0
2024-04-24 09:36:21,047 - root - Hit percentage: 16.400000000000002%


2024-04-24 09:36:21,048 - root - -- PYNN method --

2024-04-24 09:36:21,048 - root - Loading neighbors from ./experiments/NearestNeighbors/NYtimes/knn_NYtimes_5_euclidean_KDTree.hdf5
2024-04-24 09:36:21,049 - root - Loading neighbors from ./experiments/NearestNeighbors/NYtimes/knn_NYtimes_5_euclidean_PYNN.hdf5
2024-04-24 09:36:21,050 - root - Correct neighbors rate: 161/500.0
2024-04-24 09:36:21,050 - root - Hit percentage: 32.2%


2024-04-24 09:36:21,050 - root - Loading neighbors from ./experiments/NearestNeighbors/NYtimes/knn_NYtimes_10_euclidean_KDTree.hdf5
2024-04-24 09:36:21,051 - root - Loading neighbors from ./experiments/NearestNeighbors/NYtimes/knn_NYtimes_10_euclidean_PYNN.hdf5
2024-04-24 09:36:21,052 - root - Correct neighbors rate: 297/1000.0
2024-04-24 09:36:21,052 - root - Hit percentage: 29.7%


2024-04-24 09:36:21,053 - root - Loading neighbors from ./experiments/NearestNeighbors/NYtimes/knn_NYtimes_15_euclidean_KDTree.hdf5
2024-04-24 09:36:21,054 - root - Loading neighbors from ./experiments/NearestNeighbors/NYtimes/knn_NYtimes_15_euclidean_PYNN.hdf5
2024-04-24 09:36:21,055 - root - Correct neighbors rate: 415/1500.0
2024-04-24 09:36:21,055 - root - Hit percentage: 27.666666666666668%


2024-04-24 09:36:21,056 - root - -- GMASK method --

2024-04-24 09:36:21,056 - root - Loading neighbors from ./experiments/NearestNeighbors/NYtimes/knn_NYtimes_5_euclidean_KDTree.hdf5
2024-04-24 09:36:21,057 - root - Loading neighbors from ./experiments/NearestNeighbors/NYtimes/knn_NYtimes_5_euclidean_GMASK_tg1000_nc500_r30_kmedoids_fastkmedoids.hdf5
2024-04-24 09:36:21,058 - root - Correct neighbors rate: 257/500.0
2024-04-24 09:36:21,058 - root - Hit percentage: 51.4%


2024-04-24 09:36:21,058 - root - Loading neighbors from ./experiments/NearestNeighbors/NYtimes/knn_NYtimes_10_euclidean_KDTree.hdf5
2024-04-24 09:36:21,059 - root - Loading neighbors from ./experiments/NearestNeighbors/NYtimes/knn_NYtimes_10_euclidean_GMASK_tg1000_nc500_r30_kmedoids_fastkmedoids.hdf5
2024-04-24 09:36:21,061 - root - Correct neighbors rate: 430/1000.0
2024-04-24 09:36:21,061 - root - Hit percentage: 43.0%


2024-04-24 09:36:21,061 - root - Loading neighbors from ./experiments/NearestNeighbors/NYtimes/knn_NYtimes_15_euclidean_KDTree.hdf5
2024-04-24 09:36:21,062 - root - Loading neighbors from ./experiments/NearestNeighbors/NYtimes/knn_NYtimes_15_euclidean_GMASK_tg1000_nc500_r30_kmedoids_fastkmedoids.hdf5
2024-04-24 09:36:21,064 - root - Correct neighbors rate: 602/1500.0
2024-04-24 09:36:21,064 - root - Hit percentage: 40.13333333333333%


2024-04-24 09:36:21,064 - root - ------------  chebyshev distance  --------------------

2024-04-24 09:36:21,064 - root - -- FLANN method --

2024-04-24 09:36:21,065 - root - -- PYNN method --

2024-04-24 09:36:21,065 - root - Loading neighbors from ./experiments/NearestNeighbors/NYtimes/knn_NYtimes_5_chebyshev_KDTree.hdf5
2024-04-24 09:36:21,066 - root - Loading neighbors from ./experiments/NearestNeighbors/NYtimes/knn_NYtimes_5_chebyshev_PYNN.hdf5
2024-04-24 09:36:21,067 - root - Correct neighbors rate: 177/500.0
2024-04-24 09:36:21,067 - root - Hit percentage: 35.4%


2024-04-24 09:36:21,068 - root - Loading neighbors from ./experiments/NearestNeighbors/NYtimes/knn_NYtimes_10_chebyshev_KDTree.hdf5
2024-04-24 09:36:21,069 - root - Loading neighbors from ./experiments/NearestNeighbors/NYtimes/knn_NYtimes_10_chebyshev_PYNN.hdf5
2024-04-24 09:36:21,070 - root - Correct neighbors rate: 424/1000.0
2024-04-24 09:36:21,070 - root - Hit percentage: 42.4%


2024-04-24 09:36:21,071 - root - Loading neighbors from ./experiments/NearestNeighbors/NYtimes/knn_NYtimes_15_chebyshev_KDTree.hdf5
2024-04-24 09:36:21,072 - root - Loading neighbors from ./experiments/NearestNeighbors/NYtimes/knn_NYtimes_15_chebyshev_PYNN.hdf5
2024-04-24 09:36:21,073 - root - Correct neighbors rate: 557/1500.0
2024-04-24 09:36:21,073 - root - Hit percentage: 37.13333333333333%


2024-04-24 09:36:21,073 - root - -- GMASK method --

2024-04-24 09:36:21,074 - root - Loading neighbors from ./experiments/NearestNeighbors/NYtimes/knn_NYtimes_5_chebyshev_KDTree.hdf5
2024-04-24 09:36:21,074 - root - Loading neighbors from ./experiments/NearestNeighbors/NYtimes/knn_NYtimes_5_chebyshev_GMASK_tg1000_nc500_r30_kmedoids_fastkmedoids.hdf5
2024-04-24 09:36:21,075 - root - Correct neighbors rate: 410/500.0
2024-04-24 09:36:21,075 - root - Hit percentage: 82.0%


2024-04-24 09:36:21,076 - root - Loading neighbors from ./experiments/NearestNeighbors/NYtimes/knn_NYtimes_10_chebyshev_KDTree.hdf5
2024-04-24 09:36:21,077 - root - Loading neighbors from ./experiments/NearestNeighbors/NYtimes/knn_NYtimes_10_chebyshev_GMASK_tg1000_nc500_r30_kmedoids_fastkmedoids.hdf5
2024-04-24 09:36:21,078 - root - Correct neighbors rate: 788/1000.0
2024-04-24 09:36:21,078 - root - Hit percentage: 78.8%


2024-04-24 09:36:21,079 - root - Loading neighbors from ./experiments/NearestNeighbors/NYtimes/knn_NYtimes_15_chebyshev_KDTree.hdf5
2024-04-24 09:36:21,079 - root - Loading neighbors from ./experiments/NearestNeighbors/NYtimes/knn_NYtimes_15_chebyshev_GMASK_tg1000_nc500_r30_kmedoids_fastkmedoids.hdf5
2024-04-24 09:36:21,081 - root - Correct neighbors rate: 1153/1500.0
2024-04-24 09:36:21,081 - root - Hit percentage: 76.86666666666667%


