2023-10-11 09:20:42,054 - root - ------------------------------------------------------------------------
2023-10-11 09:20:42,054 - root -             municipios Dataset Descriptive Analysis 
2023-10-11 09:20:42,054 - root - ------------------------------------------------------------------------

2023-10-11 09:20:42,054 - root - 
2023-10-11 09:20:42,055 - root - Loading train and test set from ./data/municipios_train_test_set.hdf5

2023-10-11 09:20:42,058 - root - Size: 8031
2023-10-11 09:20:42,058 - root - 
2023-10-11 09:20:42,058 - root - Dimensionality: 2
2023-10-11 09:20:42,058 - root - 
2023-10-11 09:20:42,353 - root - ------- Descriptive analysis for each dimension of the dataset-------
2023-10-11 09:20:42,353 - root - 
2023-10-11 09:20:42,353 - root - MinMax: [(-17.99838148, 4.28966629), (27.70386872, 43.74035104)]
2023-10-11 09:20:42,353 - root - 
2023-10-11 09:20:42,353 - root - Range: [22.28804777, 16.03648232]
2023-10-11 09:20:42,353 - root - 
2023-10-11 09:20:42,353 - root - Mean value: [-3.1030708344387996, 40.72636220723945]
2023-10-11 09:20:42,353 - root - 
2023-10-11 09:20:42,353 - root - Median value: [-3.23336595, 41.18276918]
2023-10-11 09:20:42,354 - root - 
2023-10-11 09:20:42,354 - root - Standard Deviation: [3.0278116033864144, 2.116885604109246]
2023-10-11 09:20:42,354 - root - 
2023-10-11 09:20:42,354 - root - Kurtosis: [2.588498624721522, 10.63222317629273]
2023-10-11 09:20:42,354 - root - 
2023-10-11 09:20:42,354 - root - Skewness (Asimetria): [-0.5723282912657461, -2.407757873974942]
2023-10-11 09:20:42,354 - root - 
2023-10-11 09:20:42,354 - root - Mean distance between points (1-d): [3.303800622717682, 2.1023794305989156]
2023-10-11 09:20:42,354 - root - 
2023-10-11 09:20:45,273 - root - 
2023-10-11 09:20:45,273 - root - ------------ Distance Matrixes (built using several distance metrics)-----------
2023-10-11 09:20:45,273 - root - 
2023-10-11 09:20:45,273 - root - -------- Manhattan distance --------
2023-10-11 09:20:45,273 - root - 
2023-10-11 09:20:45,273 - root - MinMax distance: (0.003977510000001794, 35.861506180000006)
2023-10-11 09:20:45,273 - root - 
2023-10-11 09:20:45,273 - root - Mean distance between points (all-d): 5.406180053316604
2023-10-11 09:20:45,273 - root - 
2023-10-11 09:20:45,273 - root - Quantiles:  q1=2.9673072000000005  -  q2=4.790397039999995  -  q3=6.797705530000004
2023-10-11 09:20:45,273 - root - 
2023-10-11 09:20:45,273 - root - -------- Euclidean distance --------
2023-10-11 09:20:45,273 - root - 
2023-10-11 09:20:45,273 - root - MinMax distance: (0.0032210406423060357, 25.778884485819248)
2023-10-11 09:20:45,273 - root - 
2023-10-11 09:20:45,273 - root - Mean distance between points (all-d): 4.281958641709949
2023-10-11 09:20:45,273 - root - 
2023-10-11 09:20:45,274 - root - Quantiles:  q1=2.3627453419499402  -  q2=3.8103484800339493  -  q3=5.482231871155984
2023-10-11 09:20:45,274 - root - 
2023-10-11 09:20:45,274 - root - -------- Chebyshev distance --------
2023-10-11 09:20:45,274 - root - 
2023-10-11 09:20:45,274 - root - MinMax distance: (0.002655949999997631, 22.28804777)
2023-10-11 09:20:45,274 - root - 
2023-10-11 09:20:45,274 - root - Mean distance between points (all-d): 3.8653672579906138
2023-10-11 09:20:45,274 - root - 
2023-10-11 09:20:45,274 - root - Quantiles:  q1=2.10566534  -  q2=3.42109844  -  q3=5.038520225999999
2023-10-11 09:20:45,274 - root - 
