2023-07-21 18:37:54,163 - root - ------------------------------------------------------------------------
2023-07-21 18:37:54,163 - root -                        KNN over municipios Dataset RECALL
2023-07-21 18:37:54,163 - root - ------------------------------------------------------------------------
2023-07-21 18:37:54,163 - root - Search of k neighbors over a choosen dataset, using different methods, benchmark.py
2023-07-21 18:37:54,163 - root - ------------------------------------------------------------------------

2023-07-21 18:37:54,163 - root - Distances: ['manhattan', 'euclidean', 'chebyshev'] 
2023-07-21 18:37:54,164 - root - Methods: ['FLANN', 'PYNN', 'MASK']
2023-07-21 18:37:54,164 - root - KNN: [5, 10, 15]
2023-07-21 18:37:54,164 - root - MASK params: tg=60, nc=30, r=25

2023-07-21 18:37:54,164 - root - ------------  manhattan distance  --------------------

2023-07-21 18:37:54,164 - root - -- FLANN method --

2023-07-21 18:37:54,164 - root - Loading neighbors from ./experiments/NearestNeighbors/municipios/knn_municipios_5_manhattan_KDTree.hdf5
2023-07-21 18:37:54,166 - root - Loading neighbors from ./experiments/NearestNeighbors/municipios/knn_municipios_5_manhattan_FLANN.hdf5
2023-07-21 18:37:54,170 - root - Correct neighbors rate: 415/500.0
2023-07-21 18:37:54,170 - root - Hit percentage: 83.0%


2023-07-21 18:37:54,171 - root - Loading neighbors from ./experiments/NearestNeighbors/municipios/knn_municipios_10_manhattan_KDTree.hdf5
2023-07-21 18:37:54,172 - root - Loading neighbors from ./experiments/NearestNeighbors/municipios/knn_municipios_10_manhattan_FLANN.hdf5
2023-07-21 18:37:54,176 - root - Correct neighbors rate: 847/1000.0
2023-07-21 18:37:54,176 - root - Hit percentage: 84.7%


2023-07-21 18:37:54,176 - root - Loading neighbors from ./experiments/NearestNeighbors/municipios/knn_municipios_15_manhattan_KDTree.hdf5
2023-07-21 18:37:54,178 - root - Loading neighbors from ./experiments/NearestNeighbors/municipios/knn_municipios_15_manhattan_FLANN.hdf5
2023-07-21 18:37:54,181 - root - Correct neighbors rate: 1220/1500.0
2023-07-21 18:37:54,181 - root - Hit percentage: 81.33333333333333%


2023-07-21 18:37:54,181 - root - -- PYNN method --

2023-07-21 18:37:54,181 - root - Loading neighbors from ./experiments/NearestNeighbors/municipios/knn_municipios_5_manhattan_KDTree.hdf5
2023-07-21 18:37:54,183 - root - Loading neighbors from ./experiments/NearestNeighbors/municipios/knn_municipios_5_manhattan_PYNN.hdf5
2023-07-21 18:37:54,186 - root - Correct neighbors rate: 443/500.0
2023-07-21 18:37:54,186 - root - Hit percentage: 88.6%


2023-07-21 18:37:54,186 - root - Loading neighbors from ./experiments/NearestNeighbors/municipios/knn_municipios_10_manhattan_KDTree.hdf5
2023-07-21 18:37:54,187 - root - Loading neighbors from ./experiments/NearestNeighbors/municipios/knn_municipios_10_manhattan_PYNN.hdf5
2023-07-21 18:37:54,190 - root - Correct neighbors rate: 906/1000.0
2023-07-21 18:37:54,190 - root - Hit percentage: 90.60000000000001%


2023-07-21 18:37:54,191 - root - Loading neighbors from ./experiments/NearestNeighbors/municipios/knn_municipios_15_manhattan_KDTree.hdf5
2023-07-21 18:37:54,192 - root - Loading neighbors from ./experiments/NearestNeighbors/municipios/knn_municipios_15_manhattan_PYNN.hdf5
2023-07-21 18:37:54,195 - root - Correct neighbors rate: 1354/1500.0
2023-07-21 18:37:54,195 - root - Hit percentage: 90.26666666666667%


2023-07-21 18:37:54,195 - root - -- MASK method --

2023-07-21 18:37:54,195 - root - ------------  euclidean distance  --------------------

2023-07-21 18:37:54,195 - root - -- FLANN method --

2023-07-21 18:37:54,196 - root - Loading neighbors from ./experiments/NearestNeighbors/municipios/knn_municipios_5_euclidean_KDTree.hdf5
2023-07-21 18:37:54,197 - root - Loading neighbors from ./experiments/NearestNeighbors/municipios/knn_municipios_5_euclidean_FLANN.hdf5
2023-07-21 18:37:54,201 - root - Correct neighbors rate: 490/500.0
2023-07-21 18:37:54,201 - root - Hit percentage: 98.0%


2023-07-21 18:37:54,201 - root - Loading neighbors from ./experiments/NearestNeighbors/municipios/knn_municipios_10_euclidean_KDTree.hdf5
2023-07-21 18:37:54,202 - root - Loading neighbors from ./experiments/NearestNeighbors/municipios/knn_municipios_10_euclidean_FLANN.hdf5
2023-07-21 18:37:54,205 - root - Correct neighbors rate: 884/1000.0
2023-07-21 18:37:54,205 - root - Hit percentage: 88.4%


2023-07-21 18:37:54,205 - root - Loading neighbors from ./experiments/NearestNeighbors/municipios/knn_municipios_15_euclidean_KDTree.hdf5
2023-07-21 18:37:54,207 - root - Loading neighbors from ./experiments/NearestNeighbors/municipios/knn_municipios_15_euclidean_FLANN.hdf5
2023-07-21 18:37:54,209 - root - Correct neighbors rate: 1266/1500.0
2023-07-21 18:37:54,209 - root - Hit percentage: 84.39999999999999%


2023-07-21 18:37:54,210 - root - -- PYNN method --

2023-07-21 18:37:54,210 - root - Loading neighbors from ./experiments/NearestNeighbors/municipios/knn_municipios_5_euclidean_KDTree.hdf5
2023-07-21 18:37:54,211 - root - Loading neighbors from ./experiments/NearestNeighbors/municipios/knn_municipios_5_euclidean_PYNN.hdf5
2023-07-21 18:37:54,215 - root - Correct neighbors rate: 499/500.0
2023-07-21 18:37:54,215 - root - Hit percentage: 99.8%


2023-07-21 18:37:54,216 - root - Loading neighbors from ./experiments/NearestNeighbors/municipios/knn_municipios_10_euclidean_KDTree.hdf5
2023-07-21 18:37:54,217 - root - Loading neighbors from ./experiments/NearestNeighbors/municipios/knn_municipios_10_euclidean_PYNN.hdf5
2023-07-21 18:37:54,220 - root - Correct neighbors rate: 1000/1000.0
2023-07-21 18:37:54,220 - root - Hit percentage: 100.0%


2023-07-21 18:37:54,220 - root - Loading neighbors from ./experiments/NearestNeighbors/municipios/knn_municipios_15_euclidean_KDTree.hdf5
2023-07-21 18:37:54,222 - root - Loading neighbors from ./experiments/NearestNeighbors/municipios/knn_municipios_15_euclidean_PYNN.hdf5
2023-07-21 18:37:54,225 - root - Correct neighbors rate: 1500/1500.0
2023-07-21 18:37:54,225 - root - Hit percentage: 100.0%


2023-07-21 18:37:54,225 - root - -- MASK method --

2023-07-21 18:37:54,225 - root - Loading neighbors from ./experiments/NearestNeighbors/municipios/knn_municipios_5_euclidean_KDTree.hdf5
2023-07-21 18:37:54,227 - root - Loading neighbors from ./experiments/NearestNeighbors/municipios/knn_municipios_5_euclidean_MASK_tg60_nc30_r25.hdf5
2023-07-21 18:37:54,230 - root - Correct neighbors rate: 500/500.0
2023-07-21 18:37:54,230 - root - Hit percentage: 100.0%


2023-07-21 18:37:54,231 - root - Loading neighbors from ./experiments/NearestNeighbors/municipios/knn_municipios_10_euclidean_KDTree.hdf5
2023-07-21 18:37:54,232 - root - Loading neighbors from ./experiments/NearestNeighbors/municipios/knn_municipios_10_euclidean_MASK_tg60_nc30_r25.hdf5
2023-07-21 18:37:54,236 - root - Correct neighbors rate: 1000/1000.0
2023-07-21 18:37:54,236 - root - Hit percentage: 100.0%


2023-07-21 18:37:54,237 - root - Loading neighbors from ./experiments/NearestNeighbors/municipios/knn_municipios_15_euclidean_KDTree.hdf5
2023-07-21 18:37:54,239 - root - Loading neighbors from ./experiments/NearestNeighbors/municipios/knn_municipios_15_euclidean_MASK_tg60_nc30_r25.hdf5
2023-07-21 18:37:54,242 - root - Correct neighbors rate: 1500/1500.0
2023-07-21 18:37:54,242 - root - Hit percentage: 100.0%


2023-07-21 18:37:54,242 - root - ------------  chebyshev distance  --------------------

2023-07-21 18:37:54,242 - root - -- FLANN method --

2023-07-21 18:37:54,242 - root - -- PYNN method --

2023-07-21 18:37:54,243 - root - Loading neighbors from ./experiments/NearestNeighbors/municipios/knn_municipios_5_chebyshev_KDTree.hdf5
2023-07-21 18:37:54,244 - root - Loading neighbors from ./experiments/NearestNeighbors/municipios/knn_municipios_5_chebyshev_PYNN.hdf5
2023-07-21 18:37:54,247 - root - Correct neighbors rate: 444/500.0
2023-07-21 18:37:54,247 - root - Hit percentage: 88.8%


2023-07-21 18:37:54,248 - root - Loading neighbors from ./experiments/NearestNeighbors/municipios/knn_municipios_10_chebyshev_KDTree.hdf5
2023-07-21 18:37:54,249 - root - Loading neighbors from ./experiments/NearestNeighbors/municipios/knn_municipios_10_chebyshev_PYNN.hdf5
2023-07-21 18:37:54,252 - root - Correct neighbors rate: 896/1000.0
2023-07-21 18:37:54,252 - root - Hit percentage: 89.60000000000001%


2023-07-21 18:37:54,252 - root - Loading neighbors from ./experiments/NearestNeighbors/municipios/knn_municipios_15_chebyshev_KDTree.hdf5
2023-07-21 18:37:54,254 - root - Loading neighbors from ./experiments/NearestNeighbors/municipios/knn_municipios_15_chebyshev_PYNN.hdf5
2023-07-21 18:37:54,256 - root - Correct neighbors rate: 1353/1500.0
2023-07-21 18:37:54,257 - root - Hit percentage: 90.2%


2023-07-21 18:37:54,257 - root - -- MASK method --

