2024-04-24 16:29:50,751 - root - ------------------------------------------------------------------------
2024-04-24 16:29:50,751 - root -                        KNN over municipios Dataset RECALL
2024-04-24 16:29:50,751 - root - ------------------------------------------------------------------------
2024-04-24 16:29:50,751 - root - Search of k neighbors over a choosen dataset, using different methods, benchmark.py
2024-04-24 16:29:50,751 - root - ------------------------------------------------------------------------

2024-04-24 16:29:50,751 - root - Distances: ['manhattan', 'euclidean', 'chebyshev'] 
2024-04-24 16:29:50,751 - root - Methods: ['FLANN', 'PYNN', 'GMASK']
2024-04-24 16:29:50,751 - root - KNN: [5, 10, 15]
2024-04-24 16:29:50,751 - root - MASK params: tg=60, nc=30, r=40, algorithm=kmeans, implementation=kclust
2024-04-24 16:29:50,751 - root - GMASK params: tg=60, nc=30, r=40, algorithm=kmedoids, implementation=fastkmedoids

2024-04-24 16:29:50,751 - root - ------------  manhattan distance  --------------------

2024-04-24 16:29:50,751 - root - -- FLANN method --

2024-04-24 16:29:50,752 - root - Loading neighbors from ./experiments/NearestNeighbors/municipios/knn_municipios_5_manhattan_KDTree.hdf5
2024-04-24 16:29:50,752 - root - Loading neighbors from ./experiments/NearestNeighbors/municipios/knn_municipios_5_manhattan_FLANN.hdf5
2024-04-24 16:29:50,753 - root - Correct neighbors rate: 452/500.0
2024-04-24 16:29:50,753 - root - Hit percentage: 90.4%


2024-04-24 16:29:50,754 - root - Loading neighbors from ./experiments/NearestNeighbors/municipios/knn_municipios_10_manhattan_KDTree.hdf5
2024-04-24 16:29:50,754 - root - Loading neighbors from ./experiments/NearestNeighbors/municipios/knn_municipios_10_manhattan_FLANN.hdf5
2024-04-24 16:29:50,755 - root - Correct neighbors rate: 904/1000.0
2024-04-24 16:29:50,755 - root - Hit percentage: 90.4%


2024-04-24 16:29:50,755 - root - Loading neighbors from ./experiments/NearestNeighbors/municipios/knn_municipios_15_manhattan_KDTree.hdf5
2024-04-24 16:29:50,756 - root - Loading neighbors from ./experiments/NearestNeighbors/municipios/knn_municipios_15_manhattan_FLANN.hdf5
2024-04-24 16:29:50,756 - root - Correct neighbors rate: 1344/1500.0
2024-04-24 16:29:50,756 - root - Hit percentage: 89.60000000000001%


2024-04-24 16:29:50,757 - root - -- PYNN method --

2024-04-24 16:29:50,757 - root - Loading neighbors from ./experiments/NearestNeighbors/municipios/knn_municipios_5_manhattan_KDTree.hdf5
2024-04-24 16:29:50,757 - root - Loading neighbors from ./experiments/NearestNeighbors/municipios/knn_municipios_5_manhattan_PYNN.hdf5
2024-04-24 16:29:50,758 - root - Correct neighbors rate: 500/500.0
2024-04-24 16:29:50,758 - root - Hit percentage: 100.0%


2024-04-24 16:29:50,758 - root - Loading neighbors from ./experiments/NearestNeighbors/municipios/knn_municipios_10_manhattan_KDTree.hdf5
2024-04-24 16:29:50,758 - root - Loading neighbors from ./experiments/NearestNeighbors/municipios/knn_municipios_10_manhattan_PYNN.hdf5
2024-04-24 16:29:50,759 - root - Correct neighbors rate: 1000/1000.0
2024-04-24 16:29:50,759 - root - Hit percentage: 100.0%


2024-04-24 16:29:50,760 - root - Loading neighbors from ./experiments/NearestNeighbors/municipios/knn_municipios_15_manhattan_KDTree.hdf5
2024-04-24 16:29:50,760 - root - Loading neighbors from ./experiments/NearestNeighbors/municipios/knn_municipios_15_manhattan_PYNN.hdf5
2024-04-24 16:29:50,761 - root - Correct neighbors rate: 1500/1500.0
2024-04-24 16:29:50,761 - root - Hit percentage: 100.0%


2024-04-24 16:29:50,761 - root - -- GMASK method --

2024-04-24 16:29:50,761 - root - Loading neighbors from ./experiments/NearestNeighbors/municipios/knn_municipios_5_manhattan_KDTree.hdf5
2024-04-24 16:29:50,761 - root - Loading neighbors from ./experiments/NearestNeighbors/municipios/knn_municipios_5_manhattan_GMASK_tg60_nc30_r40_kmedoids_fastkmedoids.hdf5
2024-04-24 16:29:50,762 - root - Correct neighbors rate: 500/500.0
2024-04-24 16:29:50,762 - root - Hit percentage: 100.0%


2024-04-24 16:29:50,762 - root - Loading neighbors from ./experiments/NearestNeighbors/municipios/knn_municipios_10_manhattan_KDTree.hdf5
2024-04-24 16:29:50,763 - root - Loading neighbors from ./experiments/NearestNeighbors/municipios/knn_municipios_10_manhattan_GMASK_tg60_nc30_r40_kmedoids_fastkmedoids.hdf5
2024-04-24 16:29:50,764 - root - Correct neighbors rate: 1000/1000.0
2024-04-24 16:29:50,764 - root - Hit percentage: 100.0%


2024-04-24 16:29:50,764 - root - Loading neighbors from ./experiments/NearestNeighbors/municipios/knn_municipios_15_manhattan_KDTree.hdf5
2024-04-24 16:29:50,764 - root - Loading neighbors from ./experiments/NearestNeighbors/municipios/knn_municipios_15_manhattan_GMASK_tg60_nc30_r40_kmedoids_fastkmedoids.hdf5
2024-04-24 16:29:50,765 - root - Correct neighbors rate: 1500/1500.0
2024-04-24 16:29:50,765 - root - Hit percentage: 100.0%


2024-04-24 16:29:50,765 - root - ------------  euclidean distance  --------------------

2024-04-24 16:29:50,765 - root - -- FLANN method --

2024-04-24 16:29:50,765 - root - Loading neighbors from ./experiments/NearestNeighbors/municipios/knn_municipios_5_euclidean_KDTree.hdf5
2024-04-24 16:29:50,766 - root - Loading neighbors from ./experiments/NearestNeighbors/municipios/knn_municipios_5_euclidean_FLANN.hdf5
2024-04-24 16:29:50,766 - root - Correct neighbors rate: 476/500.0
2024-04-24 16:29:50,766 - root - Hit percentage: 95.19999999999999%


2024-04-24 16:29:50,767 - root - Loading neighbors from ./experiments/NearestNeighbors/municipios/knn_municipios_10_euclidean_KDTree.hdf5
2024-04-24 16:29:50,767 - root - Loading neighbors from ./experiments/NearestNeighbors/municipios/knn_municipios_10_euclidean_FLANN.hdf5
2024-04-24 16:29:50,768 - root - Correct neighbors rate: 908/1000.0
2024-04-24 16:29:50,768 - root - Hit percentage: 90.8%


2024-04-24 16:29:50,768 - root - Loading neighbors from ./experiments/NearestNeighbors/municipios/knn_municipios_15_euclidean_KDTree.hdf5
2024-04-24 16:29:50,769 - root - Loading neighbors from ./experiments/NearestNeighbors/municipios/knn_municipios_15_euclidean_FLANN.hdf5
2024-04-24 16:29:50,769 - root - Correct neighbors rate: 1209/1500.0
2024-04-24 16:29:50,769 - root - Hit percentage: 80.60000000000001%


2024-04-24 16:29:50,769 - root - -- PYNN method --

2024-04-24 16:29:50,770 - root - Loading neighbors from ./experiments/NearestNeighbors/municipios/knn_municipios_5_euclidean_KDTree.hdf5
2024-04-24 16:29:50,770 - root - Loading neighbors from ./experiments/NearestNeighbors/municipios/knn_municipios_5_euclidean_PYNN.hdf5
2024-04-24 16:29:50,771 - root - Correct neighbors rate: 500/500.0
2024-04-24 16:29:50,771 - root - Hit percentage: 100.0%


2024-04-24 16:29:50,771 - root - Loading neighbors from ./experiments/NearestNeighbors/municipios/knn_municipios_10_euclidean_KDTree.hdf5
2024-04-24 16:29:50,771 - root - Loading neighbors from ./experiments/NearestNeighbors/municipios/knn_municipios_10_euclidean_PYNN.hdf5
2024-04-24 16:29:50,772 - root - Correct neighbors rate: 1000/1000.0
2024-04-24 16:29:50,772 - root - Hit percentage: 100.0%


2024-04-24 16:29:50,772 - root - Loading neighbors from ./experiments/NearestNeighbors/municipios/knn_municipios_15_euclidean_KDTree.hdf5
2024-04-24 16:29:50,773 - root - Loading neighbors from ./experiments/NearestNeighbors/municipios/knn_municipios_15_euclidean_PYNN.hdf5
2024-04-24 16:29:50,773 - root - Correct neighbors rate: 1500/1500.0
2024-04-24 16:29:50,773 - root - Hit percentage: 100.0%


2024-04-24 16:29:50,774 - root - -- GMASK method --

2024-04-24 16:29:50,774 - root - Loading neighbors from ./experiments/NearestNeighbors/municipios/knn_municipios_5_euclidean_KDTree.hdf5
2024-04-24 16:29:50,774 - root - Loading neighbors from ./experiments/NearestNeighbors/municipios/knn_municipios_5_euclidean_GMASK_tg60_nc30_r40_kmedoids_fastkmedoids.hdf5
2024-04-24 16:29:50,775 - root - Correct neighbors rate: 500/500.0
2024-04-24 16:29:50,775 - root - Hit percentage: 100.0%


2024-04-24 16:29:50,775 - root - Loading neighbors from ./experiments/NearestNeighbors/municipios/knn_municipios_10_euclidean_KDTree.hdf5
2024-04-24 16:29:50,775 - root - Loading neighbors from ./experiments/NearestNeighbors/municipios/knn_municipios_10_euclidean_GMASK_tg60_nc30_r40_kmedoids_fastkmedoids.hdf5
2024-04-24 16:29:50,776 - root - Correct neighbors rate: 1000/1000.0
2024-04-24 16:29:50,776 - root - Hit percentage: 100.0%


2024-04-24 16:29:50,776 - root - Loading neighbors from ./experiments/NearestNeighbors/municipios/knn_municipios_15_euclidean_KDTree.hdf5
2024-04-24 16:29:50,777 - root - Loading neighbors from ./experiments/NearestNeighbors/municipios/knn_municipios_15_euclidean_GMASK_tg60_nc30_r40_kmedoids_fastkmedoids.hdf5
2024-04-24 16:29:50,777 - root - Correct neighbors rate: 1500/1500.0
2024-04-24 16:29:50,777 - root - Hit percentage: 100.0%


2024-04-24 16:29:50,778 - root - ------------  chebyshev distance  --------------------

2024-04-24 16:29:50,778 - root - -- FLANN method --

2024-04-24 16:29:50,778 - root - -- PYNN method --

2024-04-24 16:29:50,778 - root - Loading neighbors from ./experiments/NearestNeighbors/municipios/knn_municipios_5_chebyshev_KDTree.hdf5
2024-04-24 16:29:50,779 - root - Loading neighbors from ./experiments/NearestNeighbors/municipios/knn_municipios_5_chebyshev_PYNN.hdf5
2024-04-24 16:29:50,779 - root - Correct neighbors rate: 498/500.0
2024-04-24 16:29:50,779 - root - Hit percentage: 99.6%


2024-04-24 16:29:50,780 - root - Loading neighbors from ./experiments/NearestNeighbors/municipios/knn_municipios_10_chebyshev_KDTree.hdf5
2024-04-24 16:29:50,780 - root - Loading neighbors from ./experiments/NearestNeighbors/municipios/knn_municipios_10_chebyshev_PYNN.hdf5
2024-04-24 16:29:50,781 - root - Correct neighbors rate: 1000/1000.0
2024-04-24 16:29:50,781 - root - Hit percentage: 100.0%


2024-04-24 16:29:50,781 - root - Loading neighbors from ./experiments/NearestNeighbors/municipios/knn_municipios_15_chebyshev_KDTree.hdf5
2024-04-24 16:29:50,782 - root - Loading neighbors from ./experiments/NearestNeighbors/municipios/knn_municipios_15_chebyshev_PYNN.hdf5
2024-04-24 16:29:50,782 - root - Correct neighbors rate: 1500/1500.0
2024-04-24 16:29:50,782 - root - Hit percentage: 100.0%


2024-04-24 16:29:50,782 - root - -- GMASK method --

2024-04-24 16:29:50,783 - root - Loading neighbors from ./experiments/NearestNeighbors/municipios/knn_municipios_5_chebyshev_KDTree.hdf5
2024-04-24 16:29:50,783 - root - Loading neighbors from ./experiments/NearestNeighbors/municipios/knn_municipios_5_chebyshev_GMASK_tg60_nc30_r40_kmedoids_fastkmedoids.hdf5
2024-04-24 16:29:50,784 - root - Correct neighbors rate: 500/500.0
2024-04-24 16:29:50,784 - root - Hit percentage: 100.0%


2024-04-24 16:29:50,784 - root - Loading neighbors from ./experiments/NearestNeighbors/municipios/knn_municipios_10_chebyshev_KDTree.hdf5
2024-04-24 16:29:50,784 - root - Loading neighbors from ./experiments/NearestNeighbors/municipios/knn_municipios_10_chebyshev_GMASK_tg60_nc30_r40_kmedoids_fastkmedoids.hdf5
2024-04-24 16:29:50,785 - root - Correct neighbors rate: 1000/1000.0
2024-04-24 16:29:50,785 - root - Hit percentage: 100.0%


2024-04-24 16:29:50,785 - root - Loading neighbors from ./experiments/NearestNeighbors/municipios/knn_municipios_15_chebyshev_KDTree.hdf5
2024-04-24 16:29:50,786 - root - Loading neighbors from ./experiments/NearestNeighbors/municipios/knn_municipios_15_chebyshev_GMASK_tg60_nc30_r40_kmedoids_fastkmedoids.hdf5
2024-04-24 16:29:50,786 - root - Correct neighbors rate: 1500/1500.0
2024-04-24 16:29:50,786 - root - Hit percentage: 100.0%


2024-04-24 16:29:50,787 - root - ------------------------------------------------------------------------
2024-04-24 16:29:50,787 - root -                        KNN over MNIST Dataset RECALL
2024-04-24 16:29:50,787 - root - ------------------------------------------------------------------------
2024-04-24 16:29:50,787 - root - Search of k neighbors over a choosen dataset, using different methods, benchmark.py
2024-04-24 16:29:50,787 - root - ------------------------------------------------------------------------

2024-04-24 16:29:50,787 - root - Distances: ['manhattan', 'euclidean', 'chebyshev'] 
2024-04-24 16:29:50,787 - root - Methods: ['FLANN', 'PYNN', 'GMASK']
2024-04-24 16:29:50,787 - root - KNN: [5, 10, 15]
2024-04-24 16:29:50,787 - root - MASK params: tg=1000, nc=500, r=80000, algorithm=kmeans, implementation=kclust
2024-04-24 16:29:50,787 - root - GMASK params: tg=1000, nc=500, r=80000, algorithm=kmedoids, implementation=fastkmedoids

2024-04-24 16:29:50,787 - root - ------------  manhattan distance  --------------------

2024-04-24 16:29:50,787 - root - -- FLANN method --

2024-04-24 16:29:50,787 - root - Loading neighbors from ./experiments/NearestNeighbors/MNIST/knn_MNIST_5_manhattan_KDTree.hdf5
2024-04-24 16:29:50,789 - root - Loading neighbors from ./experiments/NearestNeighbors/MNIST/knn_MNIST_5_manhattan_FLANN.hdf5
2024-04-24 16:29:50,790 - root - Correct neighbors rate: 251/500.0
2024-04-24 16:29:50,790 - root - Hit percentage: 50.2%


2024-04-24 16:29:50,791 - root - Loading neighbors from ./experiments/NearestNeighbors/MNIST/knn_MNIST_10_manhattan_KDTree.hdf5
2024-04-24 16:29:50,793 - root - Loading neighbors from ./experiments/NearestNeighbors/MNIST/knn_MNIST_10_manhattan_FLANN.hdf5
2024-04-24 16:29:50,795 - root - Correct neighbors rate: 401/1000.0
2024-04-24 16:29:50,795 - root - Hit percentage: 40.1%


2024-04-24 16:29:50,795 - root - Loading neighbors from ./experiments/NearestNeighbors/MNIST/knn_MNIST_15_manhattan_KDTree.hdf5
2024-04-24 16:29:50,797 - root - Loading neighbors from ./experiments/NearestNeighbors/MNIST/knn_MNIST_15_manhattan_FLANN.hdf5
2024-04-24 16:29:50,799 - root - Correct neighbors rate: 608/1500.0
2024-04-24 16:29:50,799 - root - Hit percentage: 40.53333333333333%


2024-04-24 16:29:50,800 - root - -- PYNN method --

2024-04-24 16:29:50,800 - root - Loading neighbors from ./experiments/NearestNeighbors/MNIST/knn_MNIST_5_manhattan_KDTree.hdf5
2024-04-24 16:29:50,801 - root - Loading neighbors from ./experiments/NearestNeighbors/MNIST/knn_MNIST_5_manhattan_PYNN.hdf5
2024-04-24 16:29:50,802 - root - Correct neighbors rate: 484/500.0
2024-04-24 16:29:50,802 - root - Hit percentage: 96.8%


2024-04-24 16:29:50,802 - root - Loading neighbors from ./experiments/NearestNeighbors/MNIST/knn_MNIST_10_manhattan_KDTree.hdf5
2024-04-24 16:29:50,804 - root - Loading neighbors from ./experiments/NearestNeighbors/MNIST/knn_MNIST_10_manhattan_PYNN.hdf5
2024-04-24 16:29:50,805 - root - Correct neighbors rate: 989/1000.0
2024-04-24 16:29:50,805 - root - Hit percentage: 98.9%


2024-04-24 16:29:50,806 - root - Loading neighbors from ./experiments/NearestNeighbors/MNIST/knn_MNIST_15_manhattan_KDTree.hdf5
2024-04-24 16:29:50,807 - root - Loading neighbors from ./experiments/NearestNeighbors/MNIST/knn_MNIST_15_manhattan_PYNN.hdf5
2024-04-24 16:29:50,809 - root - Correct neighbors rate: 1481/1500.0
2024-04-24 16:29:50,809 - root - Hit percentage: 98.73333333333333%


2024-04-24 16:29:50,809 - root - -- GMASK method --

2024-04-24 16:29:50,809 - root - Loading neighbors from ./experiments/NearestNeighbors/MNIST/knn_MNIST_5_manhattan_KDTree.hdf5
2024-04-24 16:29:50,810 - root - Loading neighbors from ./experiments/NearestNeighbors/MNIST/knn_MNIST_5_manhattan_GMASK_tg1000_nc500_r80000_kmedoids_fastkmedoids.hdf5
2024-04-24 16:29:50,811 - root - Correct neighbors rate: 500/500.0
2024-04-24 16:29:50,811 - root - Hit percentage: 100.0%


2024-04-24 16:29:50,812 - root - Loading neighbors from ./experiments/NearestNeighbors/MNIST/knn_MNIST_10_manhattan_KDTree.hdf5
2024-04-24 16:29:50,815 - root - Loading neighbors from ./experiments/NearestNeighbors/MNIST/knn_MNIST_10_manhattan_GMASK_tg1000_nc500_r80000_kmedoids_fastkmedoids.hdf5
2024-04-24 16:29:50,817 - root - Correct neighbors rate: 999/1000.0
2024-04-24 16:29:50,817 - root - Hit percentage: 99.9%


2024-04-24 16:29:50,818 - root - Loading neighbors from ./experiments/NearestNeighbors/MNIST/knn_MNIST_15_manhattan_KDTree.hdf5
2024-04-24 16:29:50,820 - root - Loading neighbors from ./experiments/NearestNeighbors/MNIST/knn_MNIST_15_manhattan_GMASK_tg1000_nc500_r80000_kmedoids_fastkmedoids.hdf5
2024-04-24 16:29:50,821 - root - Correct neighbors rate: 1500/1500.0
2024-04-24 16:29:50,822 - root - Hit percentage: 100.0%


2024-04-24 16:29:50,822 - root - ------------  euclidean distance  --------------------

2024-04-24 16:29:50,822 - root - -- FLANN method --

2024-04-24 16:29:50,822 - root - Loading neighbors from ./experiments/NearestNeighbors/MNIST/knn_MNIST_5_euclidean_KDTree.hdf5
2024-04-24 16:29:50,823 - root - Loading neighbors from ./experiments/NearestNeighbors/MNIST/knn_MNIST_5_euclidean_FLANN.hdf5
2024-04-24 16:29:50,824 - root - Correct neighbors rate: 318/500.0
2024-04-24 16:29:50,824 - root - Hit percentage: 63.6%


2024-04-24 16:29:50,824 - root - Loading neighbors from ./experiments/NearestNeighbors/MNIST/knn_MNIST_10_euclidean_KDTree.hdf5
2024-04-24 16:29:50,826 - root - Loading neighbors from ./experiments/NearestNeighbors/MNIST/knn_MNIST_10_euclidean_FLANN.hdf5
2024-04-24 16:29:50,827 - root - Correct neighbors rate: 564/1000.0
2024-04-24 16:29:50,827 - root - Hit percentage: 56.39999999999999%


2024-04-24 16:29:50,828 - root - Loading neighbors from ./experiments/NearestNeighbors/MNIST/knn_MNIST_15_euclidean_KDTree.hdf5
2024-04-24 16:29:50,829 - root - Loading neighbors from ./experiments/NearestNeighbors/MNIST/knn_MNIST_15_euclidean_FLANN.hdf5
2024-04-24 16:29:50,830 - root - Correct neighbors rate: 748/1500.0
2024-04-24 16:29:50,830 - root - Hit percentage: 49.86666666666667%


2024-04-24 16:29:50,831 - root - -- PYNN method --

2024-04-24 16:29:50,831 - root - Loading neighbors from ./experiments/NearestNeighbors/MNIST/knn_MNIST_5_euclidean_KDTree.hdf5
2024-04-24 16:29:50,832 - root - Loading neighbors from ./experiments/NearestNeighbors/MNIST/knn_MNIST_5_euclidean_PYNN.hdf5
2024-04-24 16:29:50,833 - root - Correct neighbors rate: 473/500.0
2024-04-24 16:29:50,833 - root - Hit percentage: 94.6%


2024-04-24 16:29:50,833 - root - Loading neighbors from ./experiments/NearestNeighbors/MNIST/knn_MNIST_10_euclidean_KDTree.hdf5
2024-04-24 16:29:50,835 - root - Loading neighbors from ./experiments/NearestNeighbors/MNIST/knn_MNIST_10_euclidean_PYNN.hdf5
2024-04-24 16:29:50,836 - root - Correct neighbors rate: 966/1000.0
2024-04-24 16:29:50,836 - root - Hit percentage: 96.6%


2024-04-24 16:29:50,837 - root - Loading neighbors from ./experiments/NearestNeighbors/MNIST/knn_MNIST_15_euclidean_KDTree.hdf5
2024-04-24 16:29:50,838 - root - Loading neighbors from ./experiments/NearestNeighbors/MNIST/knn_MNIST_15_euclidean_PYNN.hdf5
2024-04-24 16:29:50,839 - root - Correct neighbors rate: 1468/1500.0
2024-04-24 16:29:50,839 - root - Hit percentage: 97.86666666666667%


2024-04-24 16:29:50,840 - root - -- GMASK method --

2024-04-24 16:29:50,840 - root - Loading neighbors from ./experiments/NearestNeighbors/MNIST/knn_MNIST_5_euclidean_KDTree.hdf5
2024-04-24 16:29:50,841 - root - Loading neighbors from ./experiments/NearestNeighbors/MNIST/knn_MNIST_5_euclidean_GMASK_tg1000_nc500_r80000_kmedoids_fastkmedoids.hdf5
2024-04-24 16:29:50,842 - root - Correct neighbors rate: 500/500.0
2024-04-24 16:29:50,842 - root - Hit percentage: 100.0%


2024-04-24 16:29:50,842 - root - Loading neighbors from ./experiments/NearestNeighbors/MNIST/knn_MNIST_10_euclidean_KDTree.hdf5
2024-04-24 16:29:50,843 - root - Loading neighbors from ./experiments/NearestNeighbors/MNIST/knn_MNIST_10_euclidean_GMASK_tg1000_nc500_r80000_kmedoids_fastkmedoids.hdf5
2024-04-24 16:29:50,845 - root - Correct neighbors rate: 1000/1000.0
2024-04-24 16:29:50,845 - root - Hit percentage: 100.0%


2024-04-24 16:29:50,846 - root - Loading neighbors from ./experiments/NearestNeighbors/MNIST/knn_MNIST_15_euclidean_KDTree.hdf5
2024-04-24 16:29:50,847 - root - Loading neighbors from ./experiments/NearestNeighbors/MNIST/knn_MNIST_15_euclidean_GMASK_tg1000_nc500_r80000_kmedoids_fastkmedoids.hdf5
2024-04-24 16:29:50,848 - root - Correct neighbors rate: 1500/1500.0
2024-04-24 16:29:50,848 - root - Hit percentage: 100.0%


2024-04-24 16:29:50,848 - root - ------------  chebyshev distance  --------------------

2024-04-24 16:29:50,848 - root - -- FLANN method --

2024-04-24 16:29:50,849 - root - -- PYNN method --

2024-04-24 16:29:50,849 - root - Loading neighbors from ./experiments/NearestNeighbors/MNIST/knn_MNIST_5_chebyshev_KDTree.hdf5
2024-04-24 16:29:50,850 - root - Loading neighbors from ./experiments/NearestNeighbors/MNIST/knn_MNIST_5_chebyshev_PYNN.hdf5
2024-04-24 16:29:50,851 - root - Correct neighbors rate: 322/500.0
2024-04-24 16:29:50,851 - root - Hit percentage: 64.4%


2024-04-24 16:29:50,852 - root - Loading neighbors from ./experiments/NearestNeighbors/MNIST/knn_MNIST_10_chebyshev_KDTree.hdf5
2024-04-24 16:29:50,853 - root - Loading neighbors from ./experiments/NearestNeighbors/MNIST/knn_MNIST_10_chebyshev_PYNN.hdf5
2024-04-24 16:29:50,855 - root - Correct neighbors rate: 613/1000.0
2024-04-24 16:29:50,855 - root - Hit percentage: 61.3%


2024-04-24 16:29:50,855 - root - Loading neighbors from ./experiments/NearestNeighbors/MNIST/knn_MNIST_15_chebyshev_KDTree.hdf5
2024-04-24 16:29:50,857 - root - Loading neighbors from ./experiments/NearestNeighbors/MNIST/knn_MNIST_15_chebyshev_PYNN.hdf5
2024-04-24 16:29:50,858 - root - Correct neighbors rate: 903/1500.0
2024-04-24 16:29:50,858 - root - Hit percentage: 60.199999999999996%


2024-04-24 16:29:50,858 - root - -- GMASK method --

2024-04-24 16:29:50,859 - root - Loading neighbors from ./experiments/NearestNeighbors/MNIST/knn_MNIST_5_chebyshev_KDTree.hdf5
2024-04-24 16:29:50,859 - root - Loading neighbors from ./experiments/NearestNeighbors/MNIST/knn_MNIST_5_chebyshev_GMASK_tg1000_nc500_r80000_kmedoids_fastkmedoids.hdf5
2024-04-24 16:29:50,860 - root - Correct neighbors rate: 332/500.0
2024-04-24 16:29:50,860 - root - Hit percentage: 66.4%


2024-04-24 16:29:50,861 - root - Loading neighbors from ./experiments/NearestNeighbors/MNIST/knn_MNIST_10_chebyshev_KDTree.hdf5
2024-04-24 16:29:50,862 - root - Loading neighbors from ./experiments/NearestNeighbors/MNIST/knn_MNIST_10_chebyshev_GMASK_tg1000_nc500_r80000_kmedoids_fastkmedoids.hdf5
2024-04-24 16:29:50,864 - root - Correct neighbors rate: 615/1000.0
2024-04-24 16:29:50,864 - root - Hit percentage: 61.5%


2024-04-24 16:29:50,864 - root - Loading neighbors from ./experiments/NearestNeighbors/MNIST/knn_MNIST_15_chebyshev_KDTree.hdf5
2024-04-24 16:29:50,865 - root - Loading neighbors from ./experiments/NearestNeighbors/MNIST/knn_MNIST_15_chebyshev_GMASK_tg1000_nc500_r80000_kmedoids_fastkmedoids.hdf5
2024-04-24 16:29:50,867 - root - Correct neighbors rate: 890/1500.0
2024-04-24 16:29:50,867 - root - Hit percentage: 59.333333333333336%


2024-04-24 16:29:50,867 - root - ------------------------------------------------------------------------
2024-04-24 16:29:50,867 - root -                        KNN over NYtimes Dataset RECALL
2024-04-24 16:29:50,867 - root - ------------------------------------------------------------------------
2024-04-24 16:29:50,867 - root - Search of k neighbors over a choosen dataset, using different methods, benchmark.py
2024-04-24 16:29:50,867 - root - ------------------------------------------------------------------------

2024-04-24 16:29:50,867 - root - Distances: ['manhattan', 'euclidean', 'chebyshev'] 
2024-04-24 16:29:50,867 - root - Methods: ['FLANN', 'PYNN', 'GMASK']
2024-04-24 16:29:50,867 - root - KNN: [5, 10, 15]
2024-04-24 16:29:50,867 - root - MASK params: tg=1000, nc=500, r=30, algorithm=kmeans, implementation=kclust
2024-04-24 16:29:50,867 - root - GMASK params: tg=1000, nc=500, r=30, algorithm=kmedoids, implementation=fastkmedoids

2024-04-24 16:29:50,867 - root - ------------  manhattan distance  --------------------

2024-04-24 16:29:50,867 - root - -- FLANN method --

2024-04-24 16:29:50,867 - root - Loading neighbors from ./experiments/NearestNeighbors/NYtimes/knn_NYtimes_5_manhattan_KDTree.hdf5
2024-04-24 16:29:50,868 - root - Loading neighbors from ./experiments/NearestNeighbors/NYtimes/knn_NYtimes_5_manhattan_FLANN.hdf5
2024-04-24 16:29:50,868 - root - Correct neighbors rate: 112/500.0
2024-04-24 16:29:50,868 - root - Hit percentage: 22.400000000000002%


2024-04-24 16:29:50,869 - root - Loading neighbors from ./experiments/NearestNeighbors/NYtimes/knn_NYtimes_10_manhattan_KDTree.hdf5
2024-04-24 16:29:50,869 - root - Loading neighbors from ./experiments/NearestNeighbors/NYtimes/knn_NYtimes_10_manhattan_FLANN.hdf5
2024-04-24 16:29:50,870 - root - Correct neighbors rate: 162/1000.0
2024-04-24 16:29:50,870 - root - Hit percentage: 16.2%


2024-04-24 16:29:50,871 - root - Loading neighbors from ./experiments/NearestNeighbors/NYtimes/knn_NYtimes_15_manhattan_KDTree.hdf5
2024-04-24 16:29:50,871 - root - Loading neighbors from ./experiments/NearestNeighbors/NYtimes/knn_NYtimes_15_manhattan_FLANN.hdf5
2024-04-24 16:29:50,872 - root - Correct neighbors rate: 188/1500.0
2024-04-24 16:29:50,872 - root - Hit percentage: 12.533333333333333%


2024-04-24 16:29:50,872 - root - -- PYNN method --

2024-04-24 16:29:50,872 - root - Loading neighbors from ./experiments/NearestNeighbors/NYtimes/knn_NYtimes_5_manhattan_KDTree.hdf5
2024-04-24 16:29:50,873 - root - Loading neighbors from ./experiments/NearestNeighbors/NYtimes/knn_NYtimes_5_manhattan_PYNN.hdf5
2024-04-24 16:29:50,873 - root - Correct neighbors rate: 176/500.0
2024-04-24 16:29:50,873 - root - Hit percentage: 35.199999999999996%


2024-04-24 16:29:50,874 - root - Loading neighbors from ./experiments/NearestNeighbors/NYtimes/knn_NYtimes_10_manhattan_KDTree.hdf5
2024-04-24 16:29:50,874 - root - Loading neighbors from ./experiments/NearestNeighbors/NYtimes/knn_NYtimes_10_manhattan_PYNN.hdf5
2024-04-24 16:29:50,875 - root - Correct neighbors rate: 297/1000.0
2024-04-24 16:29:50,875 - root - Hit percentage: 29.7%


2024-04-24 16:29:50,875 - root - Loading neighbors from ./experiments/NearestNeighbors/NYtimes/knn_NYtimes_15_manhattan_KDTree.hdf5
2024-04-24 16:29:50,876 - root - Loading neighbors from ./experiments/NearestNeighbors/NYtimes/knn_NYtimes_15_manhattan_PYNN.hdf5
2024-04-24 16:29:50,877 - root - Correct neighbors rate: 404/1500.0
2024-04-24 16:29:50,877 - root - Hit percentage: 26.93333333333333%


2024-04-24 16:29:50,877 - root - -- GMASK method --

2024-04-24 16:29:50,877 - root - Loading neighbors from ./experiments/NearestNeighbors/NYtimes/knn_NYtimes_5_manhattan_KDTree.hdf5
2024-04-24 16:29:50,878 - root - Loading neighbors from ./experiments/NearestNeighbors/NYtimes/knn_NYtimes_5_manhattan_GMASK_tg1000_nc500_r30_kmedoids_fastkmedoids.hdf5
2024-04-24 16:29:50,878 - root - Correct neighbors rate: 254/500.0
2024-04-24 16:29:50,878 - root - Hit percentage: 50.8%


2024-04-24 16:29:50,879 - root - Loading neighbors from ./experiments/NearestNeighbors/NYtimes/knn_NYtimes_10_manhattan_KDTree.hdf5
2024-04-24 16:29:50,879 - root - Loading neighbors from ./experiments/NearestNeighbors/NYtimes/knn_NYtimes_10_manhattan_GMASK_tg1000_nc500_r30_kmedoids_fastkmedoids.hdf5
2024-04-24 16:29:50,880 - root - Correct neighbors rate: 431/1000.0
2024-04-24 16:29:50,880 - root - Hit percentage: 43.1%


2024-04-24 16:29:50,881 - root - Loading neighbors from ./experiments/NearestNeighbors/NYtimes/knn_NYtimes_15_manhattan_KDTree.hdf5
2024-04-24 16:29:50,881 - root - Loading neighbors from ./experiments/NearestNeighbors/NYtimes/knn_NYtimes_15_manhattan_GMASK_tg1000_nc500_r30_kmedoids_fastkmedoids.hdf5
2024-04-24 16:29:50,882 - root - Correct neighbors rate: 606/1500.0
2024-04-24 16:29:50,882 - root - Hit percentage: 40.400000000000006%


2024-04-24 16:29:50,882 - root - ------------  euclidean distance  --------------------

2024-04-24 16:29:50,882 - root - -- FLANN method --

2024-04-24 16:29:50,883 - root - Loading neighbors from ./experiments/NearestNeighbors/NYtimes/knn_NYtimes_5_euclidean_KDTree.hdf5
2024-04-24 16:29:50,883 - root - Loading neighbors from ./experiments/NearestNeighbors/NYtimes/knn_NYtimes_5_euclidean_FLANN.hdf5
2024-04-24 16:29:50,884 - root - Correct neighbors rate: 140/500.0
2024-04-24 16:29:50,884 - root - Hit percentage: 28.000000000000004%


2024-04-24 16:29:50,884 - root - Loading neighbors from ./experiments/NearestNeighbors/NYtimes/knn_NYtimes_10_euclidean_KDTree.hdf5
2024-04-24 16:29:50,885 - root - Loading neighbors from ./experiments/NearestNeighbors/NYtimes/knn_NYtimes_10_euclidean_FLANN.hdf5
2024-04-24 16:29:50,886 - root - Correct neighbors rate: 207/1000.0
2024-04-24 16:29:50,886 - root - Hit percentage: 20.7%


2024-04-24 16:29:50,886 - root - Loading neighbors from ./experiments/NearestNeighbors/NYtimes/knn_NYtimes_15_euclidean_KDTree.hdf5
2024-04-24 16:29:50,886 - root - Loading neighbors from ./experiments/NearestNeighbors/NYtimes/knn_NYtimes_15_euclidean_FLANN.hdf5
2024-04-24 16:29:50,887 - root - Correct neighbors rate: 246/1500.0
2024-04-24 16:29:50,887 - root - Hit percentage: 16.400000000000002%


2024-04-24 16:29:50,887 - root - -- PYNN method --

2024-04-24 16:29:50,888 - root - Loading neighbors from ./experiments/NearestNeighbors/NYtimes/knn_NYtimes_5_euclidean_KDTree.hdf5
2024-04-24 16:29:50,888 - root - Loading neighbors from ./experiments/NearestNeighbors/NYtimes/knn_NYtimes_5_euclidean_PYNN.hdf5
2024-04-24 16:29:50,889 - root - Correct neighbors rate: 161/500.0
2024-04-24 16:29:50,889 - root - Hit percentage: 32.2%


2024-04-24 16:29:50,889 - root - Loading neighbors from ./experiments/NearestNeighbors/NYtimes/knn_NYtimes_10_euclidean_KDTree.hdf5
2024-04-24 16:29:50,890 - root - Loading neighbors from ./experiments/NearestNeighbors/NYtimes/knn_NYtimes_10_euclidean_PYNN.hdf5
2024-04-24 16:29:50,890 - root - Correct neighbors rate: 297/1000.0
2024-04-24 16:29:50,890 - root - Hit percentage: 29.7%


2024-04-24 16:29:50,891 - root - Loading neighbors from ./experiments/NearestNeighbors/NYtimes/knn_NYtimes_15_euclidean_KDTree.hdf5
2024-04-24 16:29:50,891 - root - Loading neighbors from ./experiments/NearestNeighbors/NYtimes/knn_NYtimes_15_euclidean_PYNN.hdf5
2024-04-24 16:29:50,892 - root - Correct neighbors rate: 415/1500.0
2024-04-24 16:29:50,892 - root - Hit percentage: 27.666666666666668%


2024-04-24 16:29:50,892 - root - -- GMASK method --

2024-04-24 16:29:50,892 - root - Loading neighbors from ./experiments/NearestNeighbors/NYtimes/knn_NYtimes_5_euclidean_KDTree.hdf5
2024-04-24 16:29:50,893 - root - Loading neighbors from ./experiments/NearestNeighbors/NYtimes/knn_NYtimes_5_euclidean_GMASK_tg1000_nc500_r30_kmedoids_fastkmedoids.hdf5
2024-04-24 16:29:50,894 - root - Correct neighbors rate: 257/500.0
2024-04-24 16:29:50,894 - root - Hit percentage: 51.4%


2024-04-24 16:29:50,894 - root - Loading neighbors from ./experiments/NearestNeighbors/NYtimes/knn_NYtimes_10_euclidean_KDTree.hdf5
2024-04-24 16:29:50,895 - root - Loading neighbors from ./experiments/NearestNeighbors/NYtimes/knn_NYtimes_10_euclidean_GMASK_tg1000_nc500_r30_kmedoids_fastkmedoids.hdf5
2024-04-24 16:29:50,896 - root - Correct neighbors rate: 430/1000.0
2024-04-24 16:29:50,896 - root - Hit percentage: 43.0%


2024-04-24 16:29:50,896 - root - Loading neighbors from ./experiments/NearestNeighbors/NYtimes/knn_NYtimes_15_euclidean_KDTree.hdf5
2024-04-24 16:29:50,897 - root - Loading neighbors from ./experiments/NearestNeighbors/NYtimes/knn_NYtimes_15_euclidean_GMASK_tg1000_nc500_r30_kmedoids_fastkmedoids.hdf5
2024-04-24 16:29:50,898 - root - Correct neighbors rate: 602/1500.0
2024-04-24 16:29:50,898 - root - Hit percentage: 40.13333333333333%


2024-04-24 16:29:50,898 - root - ------------  chebyshev distance  --------------------

2024-04-24 16:29:50,898 - root - -- FLANN method --

2024-04-24 16:29:50,898 - root - -- PYNN method --

2024-04-24 16:29:50,899 - root - Loading neighbors from ./experiments/NearestNeighbors/NYtimes/knn_NYtimes_5_chebyshev_KDTree.hdf5
2024-04-24 16:29:50,899 - root - Loading neighbors from ./experiments/NearestNeighbors/NYtimes/knn_NYtimes_5_chebyshev_PYNN.hdf5
2024-04-24 16:29:50,900 - root - Correct neighbors rate: 177/500.0
2024-04-24 16:29:50,900 - root - Hit percentage: 35.4%


2024-04-24 16:29:50,900 - root - Loading neighbors from ./experiments/NearestNeighbors/NYtimes/knn_NYtimes_10_chebyshev_KDTree.hdf5
2024-04-24 16:29:50,901 - root - Loading neighbors from ./experiments/NearestNeighbors/NYtimes/knn_NYtimes_10_chebyshev_PYNN.hdf5
2024-04-24 16:29:50,902 - root - Correct neighbors rate: 424/1000.0
2024-04-24 16:29:50,902 - root - Hit percentage: 42.4%


2024-04-24 16:29:50,903 - root - Loading neighbors from ./experiments/NearestNeighbors/NYtimes/knn_NYtimes_15_chebyshev_KDTree.hdf5
2024-04-24 16:29:50,903 - root - Loading neighbors from ./experiments/NearestNeighbors/NYtimes/knn_NYtimes_15_chebyshev_PYNN.hdf5
2024-04-24 16:29:50,904 - root - Correct neighbors rate: 557/1500.0
2024-04-24 16:29:50,904 - root - Hit percentage: 37.13333333333333%


2024-04-24 16:29:50,904 - root - -- GMASK method --

2024-04-24 16:29:50,904 - root - Loading neighbors from ./experiments/NearestNeighbors/NYtimes/knn_NYtimes_5_chebyshev_KDTree.hdf5
2024-04-24 16:29:50,905 - root - Loading neighbors from ./experiments/NearestNeighbors/NYtimes/knn_NYtimes_5_chebyshev_GMASK_tg1000_nc500_r30_kmedoids_fastkmedoids.hdf5
2024-04-24 16:29:50,906 - root - Correct neighbors rate: 410/500.0
2024-04-24 16:29:50,906 - root - Hit percentage: 82.0%


2024-04-24 16:29:50,906 - root - Loading neighbors from ./experiments/NearestNeighbors/NYtimes/knn_NYtimes_10_chebyshev_KDTree.hdf5
2024-04-24 16:29:50,907 - root - Loading neighbors from ./experiments/NearestNeighbors/NYtimes/knn_NYtimes_10_chebyshev_GMASK_tg1000_nc500_r30_kmedoids_fastkmedoids.hdf5
2024-04-24 16:29:50,908 - root - Correct neighbors rate: 788/1000.0
2024-04-24 16:29:50,908 - root - Hit percentage: 78.8%


2024-04-24 16:29:50,908 - root - Loading neighbors from ./experiments/NearestNeighbors/NYtimes/knn_NYtimes_15_chebyshev_KDTree.hdf5
2024-04-24 16:29:50,909 - root - Loading neighbors from ./experiments/NearestNeighbors/NYtimes/knn_NYtimes_15_chebyshev_GMASK_tg1000_nc500_r30_kmedoids_fastkmedoids.hdf5
2024-04-24 16:29:50,910 - root - Correct neighbors rate: 1153/1500.0
2024-04-24 16:29:50,910 - root - Hit percentage: 76.86666666666667%


2024-04-24 16:29:50,910 - root - ------------------------------------------------------------------------
2024-04-24 16:29:50,910 - root -                        KNN over GLOVE Dataset RECALL
2024-04-24 16:29:50,910 - root - ------------------------------------------------------------------------
2024-04-24 16:29:50,910 - root - Search of k neighbors over a choosen dataset, using different methods, benchmark.py
2024-04-24 16:29:50,910 - root - ------------------------------------------------------------------------

2024-04-24 16:29:50,910 - root - Distances: ['manhattan', 'euclidean', 'chebyshev'] 
2024-04-24 16:29:50,910 - root - Methods: ['FLANN', 'PYNN', 'GMASK']
2024-04-24 16:29:50,910 - root - KNN: [5, 10, 15]
2024-04-24 16:29:50,910 - root - MASK params: tg=1000, nc=500, r=250, algorithm=kmeans, implementation=kclust
2024-04-24 16:29:50,910 - root - GMASK params: tg=1000, nc=500, r=250, algorithm=kmedoids, implementation=fastkmedoids

2024-04-24 16:29:50,910 - root - ------------  manhattan distance  --------------------

2024-04-24 16:29:50,910 - root - -- FLANN method --

2024-04-24 16:29:50,910 - root - Loading neighbors from ./experiments/NearestNeighbors/GLOVE/knn_GLOVE_5_manhattan_KDTree.hdf5
2024-04-24 16:29:50,911 - root - Loading neighbors from ./experiments/NearestNeighbors/GLOVE/knn_GLOVE_5_manhattan_FLANN.hdf5
2024-04-24 16:29:50,911 - root - Correct neighbors rate: 49/500.0
2024-04-24 16:29:50,911 - root - Hit percentage: 9.8%


2024-04-24 16:29:50,912 - root - Loading neighbors from ./experiments/NearestNeighbors/GLOVE/knn_GLOVE_10_manhattan_KDTree.hdf5
2024-04-24 16:29:50,912 - root - Loading neighbors from ./experiments/NearestNeighbors/GLOVE/knn_GLOVE_10_manhattan_FLANN.hdf5
2024-04-24 16:29:50,913 - root - Correct neighbors rate: 78/1000.0
2024-04-24 16:29:50,913 - root - Hit percentage: 7.8%


2024-04-24 16:29:50,913 - root - Loading neighbors from ./experiments/NearestNeighbors/GLOVE/knn_GLOVE_15_manhattan_KDTree.hdf5
2024-04-24 16:29:50,914 - root - Loading neighbors from ./experiments/NearestNeighbors/GLOVE/knn_GLOVE_15_manhattan_FLANN.hdf5
2024-04-24 16:29:50,915 - root - Correct neighbors rate: 118/1500.0
2024-04-24 16:29:50,915 - root - Hit percentage: 7.866666666666666%


2024-04-24 16:29:50,915 - root - -- PYNN method --

2024-04-24 16:29:50,915 - root - Loading neighbors from ./experiments/NearestNeighbors/GLOVE/knn_GLOVE_5_manhattan_KDTree.hdf5
2024-04-24 16:29:50,915 - root - Loading neighbors from ./experiments/NearestNeighbors/GLOVE/knn_GLOVE_5_manhattan_PYNN.hdf5
2024-04-24 16:29:50,916 - root - Correct neighbors rate: 422/500.0
2024-04-24 16:29:50,916 - root - Hit percentage: 84.39999999999999%


2024-04-24 16:29:50,917 - root - Loading neighbors from ./experiments/NearestNeighbors/GLOVE/knn_GLOVE_10_manhattan_KDTree.hdf5
2024-04-24 16:29:50,917 - root - Loading neighbors from ./experiments/NearestNeighbors/GLOVE/knn_GLOVE_10_manhattan_PYNN.hdf5
2024-04-24 16:29:50,918 - root - Correct neighbors rate: 894/1000.0
2024-04-24 16:29:50,918 - root - Hit percentage: 89.4%


2024-04-24 16:29:50,918 - root - Loading neighbors from ./experiments/NearestNeighbors/GLOVE/knn_GLOVE_15_manhattan_KDTree.hdf5
2024-04-24 16:29:50,918 - root - Loading neighbors from ./experiments/NearestNeighbors/GLOVE/knn_GLOVE_15_manhattan_PYNN.hdf5
2024-04-24 16:29:50,919 - root - Correct neighbors rate: 1378/1500.0
2024-04-24 16:29:50,919 - root - Hit percentage: 91.86666666666666%


2024-04-24 16:29:50,919 - root - -- GMASK method --

2024-04-24 16:29:50,920 - root - Loading neighbors from ./experiments/NearestNeighbors/GLOVE/knn_GLOVE_5_manhattan_KDTree.hdf5
2024-04-24 16:29:50,920 - root - Loading neighbors from ./experiments/NearestNeighbors/GLOVE/knn_GLOVE_5_manhattan_GMASK_tg1000_nc500_r250_kmedoids_fastkmedoids.hdf5
2024-04-24 16:29:50,921 - root - Correct neighbors rate: 500/500.0
2024-04-24 16:29:50,921 - root - Hit percentage: 100.0%


2024-04-24 16:29:50,921 - root - Loading neighbors from ./experiments/NearestNeighbors/GLOVE/knn_GLOVE_10_manhattan_KDTree.hdf5
2024-04-24 16:29:50,921 - root - Loading neighbors from ./experiments/NearestNeighbors/GLOVE/knn_GLOVE_10_manhattan_GMASK_tg1000_nc500_r250_kmedoids_fastkmedoids.hdf5
2024-04-24 16:29:50,922 - root - Correct neighbors rate: 1000/1000.0
2024-04-24 16:29:50,922 - root - Hit percentage: 100.0%


2024-04-24 16:29:50,923 - root - Loading neighbors from ./experiments/NearestNeighbors/GLOVE/knn_GLOVE_15_manhattan_KDTree.hdf5
2024-04-24 16:29:50,923 - root - Loading neighbors from ./experiments/NearestNeighbors/GLOVE/knn_GLOVE_15_manhattan_GMASK_tg1000_nc500_r250_kmedoids_fastkmedoids.hdf5
2024-04-24 16:29:50,924 - root - Correct neighbors rate: 1500/1500.0
2024-04-24 16:29:50,924 - root - Hit percentage: 100.0%


2024-04-24 16:29:50,924 - root - ------------  euclidean distance  --------------------

2024-04-24 16:29:50,924 - root - -- FLANN method --

2024-04-24 16:29:50,924 - root - Loading neighbors from ./experiments/NearestNeighbors/GLOVE/knn_GLOVE_5_euclidean_KDTree.hdf5
2024-04-24 16:29:50,925 - root - Loading neighbors from ./experiments/NearestNeighbors/GLOVE/knn_GLOVE_5_euclidean_FLANN.hdf5
2024-04-24 16:29:50,925 - root - Correct neighbors rate: 54/500.0
2024-04-24 16:29:50,925 - root - Hit percentage: 10.8%


2024-04-24 16:29:50,926 - root - Loading neighbors from ./experiments/NearestNeighbors/GLOVE/knn_GLOVE_10_euclidean_KDTree.hdf5
2024-04-24 16:29:50,926 - root - Loading neighbors from ./experiments/NearestNeighbors/GLOVE/knn_GLOVE_10_euclidean_FLANN.hdf5
2024-04-24 16:29:50,927 - root - Correct neighbors rate: 80/1000.0
2024-04-24 16:29:50,927 - root - Hit percentage: 8.0%


2024-04-24 16:29:50,927 - root - Loading neighbors from ./experiments/NearestNeighbors/GLOVE/knn_GLOVE_15_euclidean_KDTree.hdf5
2024-04-24 16:29:50,927 - root - Loading neighbors from ./experiments/NearestNeighbors/GLOVE/knn_GLOVE_15_euclidean_FLANN.hdf5
2024-04-24 16:29:50,928 - root - Correct neighbors rate: 114/1500.0
2024-04-24 16:29:50,928 - root - Hit percentage: 7.6%


2024-04-24 16:29:50,929 - root - -- PYNN method --

2024-04-24 16:29:50,929 - root - Loading neighbors from ./experiments/NearestNeighbors/GLOVE/knn_GLOVE_5_euclidean_KDTree.hdf5
2024-04-24 16:29:50,929 - root - Loading neighbors from ./experiments/NearestNeighbors/GLOVE/knn_GLOVE_5_euclidean_PYNN.hdf5
2024-04-24 16:29:50,930 - root - Correct neighbors rate: 324/500.0
2024-04-24 16:29:50,930 - root - Hit percentage: 64.8%


2024-04-24 16:29:50,930 - root - Loading neighbors from ./experiments/NearestNeighbors/GLOVE/knn_GLOVE_10_euclidean_KDTree.hdf5
2024-04-24 16:29:50,931 - root - Loading neighbors from ./experiments/NearestNeighbors/GLOVE/knn_GLOVE_10_euclidean_PYNN.hdf5
2024-04-24 16:29:50,932 - root - Correct neighbors rate: 706/1000.0
2024-04-24 16:29:50,932 - root - Hit percentage: 70.6%


2024-04-24 16:29:50,932 - root - Loading neighbors from ./experiments/NearestNeighbors/GLOVE/knn_GLOVE_15_euclidean_KDTree.hdf5
2024-04-24 16:29:50,932 - root - Loading neighbors from ./experiments/NearestNeighbors/GLOVE/knn_GLOVE_15_euclidean_PYNN.hdf5
2024-04-24 16:29:50,933 - root - Correct neighbors rate: 1122/1500.0
2024-04-24 16:29:50,933 - root - Hit percentage: 74.8%


2024-04-24 16:29:50,933 - root - -- GMASK method --

2024-04-24 16:29:50,934 - root - Loading neighbors from ./experiments/NearestNeighbors/GLOVE/knn_GLOVE_5_euclidean_KDTree.hdf5
2024-04-24 16:29:50,934 - root - Loading neighbors from ./experiments/NearestNeighbors/GLOVE/knn_GLOVE_5_euclidean_GMASK_tg1000_nc500_r250_kmedoids_fastkmedoids.hdf5
2024-04-24 16:29:50,935 - root - Correct neighbors rate: 500/500.0
2024-04-24 16:29:50,935 - root - Hit percentage: 100.0%


2024-04-24 16:29:50,935 - root - Loading neighbors from ./experiments/NearestNeighbors/GLOVE/knn_GLOVE_10_euclidean_KDTree.hdf5
2024-04-24 16:29:50,935 - root - Loading neighbors from ./experiments/NearestNeighbors/GLOVE/knn_GLOVE_10_euclidean_GMASK_tg1000_nc500_r250_kmedoids_fastkmedoids.hdf5
2024-04-24 16:29:50,936 - root - Correct neighbors rate: 1000/1000.0
2024-04-24 16:29:50,936 - root - Hit percentage: 100.0%


2024-04-24 16:29:50,937 - root - Loading neighbors from ./experiments/NearestNeighbors/GLOVE/knn_GLOVE_15_euclidean_KDTree.hdf5
2024-04-24 16:29:50,937 - root - Loading neighbors from ./experiments/NearestNeighbors/GLOVE/knn_GLOVE_15_euclidean_GMASK_tg1000_nc500_r250_kmedoids_fastkmedoids.hdf5
2024-04-24 16:29:50,938 - root - Correct neighbors rate: 1500/1500.0
2024-04-24 16:29:50,938 - root - Hit percentage: 100.0%


2024-04-24 16:29:50,938 - root - ------------  chebyshev distance  --------------------

2024-04-24 16:29:50,938 - root - -- FLANN method --

2024-04-24 16:29:50,939 - root - -- PYNN method --

2024-04-24 16:29:50,939 - root - Loading neighbors from ./experiments/NearestNeighbors/GLOVE/knn_GLOVE_5_chebyshev_KDTree.hdf5
2024-04-24 16:29:50,940 - root - Loading neighbors from ./experiments/NearestNeighbors/GLOVE/knn_GLOVE_5_chebyshev_PYNN.hdf5
2024-04-24 16:29:50,940 - root - Correct neighbors rate: 188/500.0
2024-04-24 16:29:50,940 - root - Hit percentage: 37.6%


2024-04-24 16:29:50,941 - root - Loading neighbors from ./experiments/NearestNeighbors/GLOVE/knn_GLOVE_10_chebyshev_KDTree.hdf5
2024-04-24 16:29:50,941 - root - Loading neighbors from ./experiments/NearestNeighbors/GLOVE/knn_GLOVE_10_chebyshev_PYNN.hdf5
2024-04-24 16:29:50,942 - root - Correct neighbors rate: 422/1000.0
2024-04-24 16:29:50,942 - root - Hit percentage: 42.199999999999996%


2024-04-24 16:29:50,942 - root - Loading neighbors from ./experiments/NearestNeighbors/GLOVE/knn_GLOVE_15_chebyshev_KDTree.hdf5
2024-04-24 16:29:50,943 - root - Loading neighbors from ./experiments/NearestNeighbors/GLOVE/knn_GLOVE_15_chebyshev_PYNN.hdf5
2024-04-24 16:29:50,943 - root - Correct neighbors rate: 723/1500.0
2024-04-24 16:29:50,943 - root - Hit percentage: 48.199999999999996%


2024-04-24 16:29:50,944 - root - -- GMASK method --

2024-04-24 16:29:50,944 - root - Loading neighbors from ./experiments/NearestNeighbors/GLOVE/knn_GLOVE_5_chebyshev_KDTree.hdf5
2024-04-24 16:29:50,945 - root - Loading neighbors from ./experiments/NearestNeighbors/GLOVE/knn_GLOVE_5_chebyshev_GMASK_tg1000_nc500_r250_kmedoids_fastkmedoids.hdf5
2024-04-24 16:29:50,945 - root - Correct neighbors rate: 500/500.0
2024-04-24 16:29:50,945 - root - Hit percentage: 100.0%


2024-04-24 16:29:50,946 - root - Loading neighbors from ./experiments/NearestNeighbors/GLOVE/knn_GLOVE_10_chebyshev_KDTree.hdf5
2024-04-24 16:29:50,946 - root - Loading neighbors from ./experiments/NearestNeighbors/GLOVE/knn_GLOVE_10_chebyshev_GMASK_tg1000_nc500_r250_kmedoids_fastkmedoids.hdf5
2024-04-24 16:29:50,947 - root - Correct neighbors rate: 1000/1000.0
2024-04-24 16:29:50,947 - root - Hit percentage: 100.0%


2024-04-24 16:29:50,947 - root - Loading neighbors from ./experiments/NearestNeighbors/GLOVE/knn_GLOVE_15_chebyshev_KDTree.hdf5
2024-04-24 16:29:50,948 - root - Loading neighbors from ./experiments/NearestNeighbors/GLOVE/knn_GLOVE_15_chebyshev_GMASK_tg1000_nc500_r250_kmedoids_fastkmedoids.hdf5
2024-04-24 16:29:50,949 - root - Correct neighbors rate: 1500/1500.0
2024-04-24 16:29:50,949 - root - Hit percentage: 100.0%


2024-04-24 16:29:50,949 - root - Loading train and test set from ./data/municipios_train_test_set.hdf5

2024-04-24 16:29:50,950 - root - Loading train and test set from ./data/MNIST_train_test_set.hdf5

2024-04-24 16:29:51,060 - root - Loading train and test set from ./data/NYtimes_train_test_set.hdf5

2024-04-24 16:29:51,135 - root - Loading train and test set from ./data/GLOVE_train_test_set.hdf5

2024-04-24 16:29:51,282 - matplotlib.category - Using categorical units to plot a list of strings that are all parsable as floats or dates. If these strings should be plotted as numbers, cast to the appropriate data type before plotting.
2024-04-24 16:29:51,284 - matplotlib.category - Using categorical units to plot a list of strings that are all parsable as floats or dates. If these strings should be plotted as numbers, cast to the appropriate data type before plotting.
2024-04-24 16:29:51,301 - matplotlib.category - Using categorical units to plot a list of strings that are all parsable as floats or dates. If these strings should be plotted as numbers, cast to the appropriate data type before plotting.
2024-04-24 16:29:51,302 - matplotlib.category - Using categorical units to plot a list of strings that are all parsable as floats or dates. If these strings should be plotted as numbers, cast to the appropriate data type before plotting.
