2023-09-20 21:25:07,385 - root - ------------------------------------------------------------------------
2023-09-20 21:25:07,385 - root -                        KNN over municipios Dataset RECALL
2023-09-20 21:25:07,385 - root - ------------------------------------------------------------------------
2023-09-20 21:25:07,385 - root - Search of k neighbors over a choosen dataset, using different methods, benchmark.py
2023-09-20 21:25:07,386 - root - ------------------------------------------------------------------------

2023-09-20 21:25:07,386 - root - Distances: ['manhattan', 'euclidean', 'chebyshev'] 
2023-09-20 21:25:07,386 - root - Methods: ['FLANN', 'PYNN', 'MASK']
2023-09-20 21:25:07,386 - root - KNN: [5, 10, 15]
2023-09-20 21:25:07,386 - root - MASK params: tg=60, nc=30, r=25, kmeans_implementation=kclust

2023-09-20 21:25:07,386 - root - ------------  manhattan distance  --------------------

2023-09-20 21:25:07,386 - root - -- FLANN method --

2023-09-20 21:25:07,387 - root - Loading neighbors from ./experiments/NearestNeighbors/municipios/knn_municipios_5_manhattan_KDTree.hdf5
2023-09-20 21:25:07,392 - root - Loading neighbors from ./experiments/NearestNeighbors/municipios/knn_municipios_5_manhattan_FLANN.hdf5
2023-09-20 21:25:07,397 - root - Correct neighbors rate: 415/500.0
2023-09-20 21:25:07,397 - root - Hit percentage: 83.0%


2023-09-20 21:25:07,398 - root - Loading neighbors from ./experiments/NearestNeighbors/municipios/knn_municipios_10_manhattan_KDTree.hdf5
2023-09-20 21:25:07,401 - root - Loading neighbors from ./experiments/NearestNeighbors/municipios/knn_municipios_10_manhattan_FLANN.hdf5
2023-09-20 21:25:07,405 - root - Correct neighbors rate: 847/1000.0
2023-09-20 21:25:07,405 - root - Hit percentage: 84.7%


2023-09-20 21:25:07,406 - root - Loading neighbors from ./experiments/NearestNeighbors/municipios/knn_municipios_15_manhattan_KDTree.hdf5
2023-09-20 21:25:07,409 - root - Loading neighbors from ./experiments/NearestNeighbors/municipios/knn_municipios_15_manhattan_FLANN.hdf5
2023-09-20 21:25:07,414 - root - Correct neighbors rate: 1220/1500.0
2023-09-20 21:25:07,414 - root - Hit percentage: 81.33333333333333%


2023-09-20 21:25:07,414 - root - -- PYNN method --

2023-09-20 21:25:07,415 - root - Loading neighbors from ./experiments/NearestNeighbors/municipios/knn_municipios_5_manhattan_KDTree.hdf5
2023-09-20 21:25:07,417 - root - Loading neighbors from ./experiments/NearestNeighbors/municipios/knn_municipios_5_manhattan_PYNN.hdf5
2023-09-20 21:25:07,421 - root - Correct neighbors rate: 443/500.0
2023-09-20 21:25:07,421 - root - Hit percentage: 88.6%


2023-09-20 21:25:07,422 - root - Loading neighbors from ./experiments/NearestNeighbors/municipios/knn_municipios_10_manhattan_KDTree.hdf5
2023-09-20 21:25:07,424 - root - Loading neighbors from ./experiments/NearestNeighbors/municipios/knn_municipios_10_manhattan_PYNN.hdf5
2023-09-20 21:25:07,428 - root - Correct neighbors rate: 906/1000.0
2023-09-20 21:25:07,428 - root - Hit percentage: 90.60000000000001%


2023-09-20 21:25:07,428 - root - Loading neighbors from ./experiments/NearestNeighbors/municipios/knn_municipios_15_manhattan_KDTree.hdf5
2023-09-20 21:25:07,430 - root - Loading neighbors from ./experiments/NearestNeighbors/municipios/knn_municipios_15_manhattan_PYNN.hdf5
2023-09-20 21:25:07,434 - root - Correct neighbors rate: 1354/1500.0
2023-09-20 21:25:07,434 - root - Hit percentage: 90.26666666666667%


2023-09-20 21:25:07,434 - root - -- MASK method --

2023-09-20 21:25:07,434 - root - Loading neighbors from ./experiments/NearestNeighbors/municipios/knn_municipios_5_manhattan_KDTree.hdf5
2023-09-20 21:25:07,436 - root - Loading neighbors from ./experiments/NearestNeighbors/municipios/knn_municipios_5_manhattan_MASK_tg60_nc30_r25_kclust.hdf5
2023-09-20 21:25:07,441 - root - Correct neighbors rate: 443/500.0
2023-09-20 21:25:07,441 - root - Hit percentage: 88.6%


2023-09-20 21:25:07,441 - root - Loading neighbors from ./experiments/NearestNeighbors/municipios/knn_municipios_10_manhattan_KDTree.hdf5
2023-09-20 21:25:07,443 - root - Loading neighbors from ./experiments/NearestNeighbors/municipios/knn_municipios_10_manhattan_MASK_tg60_nc30_r25_kclust.hdf5
2023-09-20 21:25:07,448 - root - Correct neighbors rate: 905/1000.0
2023-09-20 21:25:07,448 - root - Hit percentage: 90.5%


2023-09-20 21:25:07,449 - root - Loading neighbors from ./experiments/NearestNeighbors/municipios/knn_municipios_15_manhattan_KDTree.hdf5
2023-09-20 21:25:07,451 - root - Loading neighbors from ./experiments/NearestNeighbors/municipios/knn_municipios_15_manhattan_MASK_tg60_nc30_r25_kclust.hdf5
2023-09-20 21:25:07,456 - root - Correct neighbors rate: 1354/1500.0
2023-09-20 21:25:07,456 - root - Hit percentage: 90.26666666666667%


2023-09-20 21:25:07,456 - root - ------------  euclidean distance  --------------------

2023-09-20 21:25:07,456 - root - -- FLANN method --

2023-09-20 21:25:07,457 - root - Loading neighbors from ./experiments/NearestNeighbors/municipios/knn_municipios_5_euclidean_KDTree.hdf5
2023-09-20 21:25:07,460 - root - Loading neighbors from ./experiments/NearestNeighbors/municipios/knn_municipios_5_euclidean_FLANN.hdf5
2023-09-20 21:25:07,464 - root - Correct neighbors rate: 490/500.0
2023-09-20 21:25:07,464 - root - Hit percentage: 98.0%


2023-09-20 21:25:07,465 - root - Loading neighbors from ./experiments/NearestNeighbors/municipios/knn_municipios_10_euclidean_KDTree.hdf5
2023-09-20 21:25:07,468 - root - Loading neighbors from ./experiments/NearestNeighbors/municipios/knn_municipios_10_euclidean_FLANN.hdf5
2023-09-20 21:25:07,472 - root - Correct neighbors rate: 884/1000.0
2023-09-20 21:25:07,472 - root - Hit percentage: 88.4%


2023-09-20 21:25:07,473 - root - Loading neighbors from ./experiments/NearestNeighbors/municipios/knn_municipios_15_euclidean_KDTree.hdf5
2023-09-20 21:25:07,476 - root - Loading neighbors from ./experiments/NearestNeighbors/municipios/knn_municipios_15_euclidean_FLANN.hdf5
2023-09-20 21:25:07,481 - root - Correct neighbors rate: 1266/1500.0
2023-09-20 21:25:07,481 - root - Hit percentage: 84.39999999999999%


2023-09-20 21:25:07,481 - root - -- PYNN method --

2023-09-20 21:25:07,482 - root - Loading neighbors from ./experiments/NearestNeighbors/municipios/knn_municipios_5_euclidean_KDTree.hdf5
2023-09-20 21:25:07,484 - root - Loading neighbors from ./experiments/NearestNeighbors/municipios/knn_municipios_5_euclidean_PYNN.hdf5
2023-09-20 21:25:07,488 - root - Correct neighbors rate: 499/500.0
2023-09-20 21:25:07,488 - root - Hit percentage: 99.8%


2023-09-20 21:25:07,488 - root - Loading neighbors from ./experiments/NearestNeighbors/municipios/knn_municipios_10_euclidean_KDTree.hdf5
2023-09-20 21:25:07,490 - root - Loading neighbors from ./experiments/NearestNeighbors/municipios/knn_municipios_10_euclidean_PYNN.hdf5
2023-09-20 21:25:07,494 - root - Correct neighbors rate: 1000/1000.0
2023-09-20 21:25:07,494 - root - Hit percentage: 100.0%


2023-09-20 21:25:07,494 - root - Loading neighbors from ./experiments/NearestNeighbors/municipios/knn_municipios_15_euclidean_KDTree.hdf5
2023-09-20 21:25:07,496 - root - Loading neighbors from ./experiments/NearestNeighbors/municipios/knn_municipios_15_euclidean_PYNN.hdf5
2023-09-20 21:25:07,500 - root - Correct neighbors rate: 1500/1500.0
2023-09-20 21:25:07,500 - root - Hit percentage: 100.0%


2023-09-20 21:25:07,500 - root - -- MASK method --

2023-09-20 21:25:07,501 - root - Loading neighbors from ./experiments/NearestNeighbors/municipios/knn_municipios_5_euclidean_KDTree.hdf5
2023-09-20 21:25:07,503 - root - Loading neighbors from ./experiments/NearestNeighbors/municipios/knn_municipios_5_euclidean_MASK_tg60_nc30_r25_kclust.hdf5
2023-09-20 21:25:07,506 - root - Correct neighbors rate: 500/500.0
2023-09-20 21:25:07,506 - root - Hit percentage: 100.0%


2023-09-20 21:25:07,507 - root - Loading neighbors from ./experiments/NearestNeighbors/municipios/knn_municipios_10_euclidean_KDTree.hdf5
2023-09-20 21:25:07,511 - root - Loading neighbors from ./experiments/NearestNeighbors/municipios/knn_municipios_10_euclidean_MASK_tg60_nc30_r25_kclust.hdf5
2023-09-20 21:25:07,514 - root - Correct neighbors rate: 1000/1000.0
2023-09-20 21:25:07,514 - root - Hit percentage: 100.0%


2023-09-20 21:25:07,514 - root - Loading neighbors from ./experiments/NearestNeighbors/municipios/knn_municipios_15_euclidean_KDTree.hdf5
2023-09-20 21:25:07,517 - root - Loading neighbors from ./experiments/NearestNeighbors/municipios/knn_municipios_15_euclidean_MASK_tg60_nc30_r25_kclust.hdf5
2023-09-20 21:25:07,520 - root - Correct neighbors rate: 1500/1500.0
2023-09-20 21:25:07,520 - root - Hit percentage: 100.0%


2023-09-20 21:25:07,520 - root - ------------  chebyshev distance  --------------------

2023-09-20 21:25:07,520 - root - -- FLANN method --

2023-09-20 21:25:07,520 - root - -- PYNN method --

2023-09-20 21:25:07,521 - root - Loading neighbors from ./experiments/NearestNeighbors/municipios/knn_municipios_5_chebyshev_KDTree.hdf5
2023-09-20 21:25:07,524 - root - Loading neighbors from ./experiments/NearestNeighbors/municipios/knn_municipios_5_chebyshev_PYNN.hdf5
2023-09-20 21:25:07,528 - root - Correct neighbors rate: 444/500.0
2023-09-20 21:25:07,528 - root - Hit percentage: 88.8%


2023-09-20 21:25:07,533 - root - Loading neighbors from ./experiments/NearestNeighbors/municipios/knn_municipios_10_chebyshev_KDTree.hdf5
2023-09-20 21:25:07,535 - root - Loading neighbors from ./experiments/NearestNeighbors/municipios/knn_municipios_10_chebyshev_PYNN.hdf5
2023-09-20 21:25:07,539 - root - Correct neighbors rate: 896/1000.0
2023-09-20 21:25:07,539 - root - Hit percentage: 89.60000000000001%


2023-09-20 21:25:07,541 - root - Loading neighbors from ./experiments/NearestNeighbors/municipios/knn_municipios_15_chebyshev_KDTree.hdf5
2023-09-20 21:25:07,545 - root - Loading neighbors from ./experiments/NearestNeighbors/municipios/knn_municipios_15_chebyshev_PYNN.hdf5
2023-09-20 21:25:07,548 - root - Correct neighbors rate: 1353/1500.0
2023-09-20 21:25:07,548 - root - Hit percentage: 90.2%


2023-09-20 21:25:07,548 - root - -- MASK method --

2023-09-20 21:25:07,548 - root - Loading neighbors from ./experiments/NearestNeighbors/municipios/knn_municipios_5_chebyshev_KDTree.hdf5
2023-09-20 21:25:07,551 - root - Loading neighbors from ./experiments/NearestNeighbors/municipios/knn_municipios_5_chebyshev_MASK_tg60_nc30_r25_kclust.hdf5
2023-09-20 21:25:07,554 - root - Correct neighbors rate: 445/500.0
2023-09-20 21:25:07,554 - root - Hit percentage: 89.0%


2023-09-20 21:25:07,555 - root - Loading neighbors from ./experiments/NearestNeighbors/municipios/knn_municipios_10_chebyshev_KDTree.hdf5
2023-09-20 21:25:07,558 - root - Loading neighbors from ./experiments/NearestNeighbors/municipios/knn_municipios_10_chebyshev_MASK_tg60_nc30_r25_kclust.hdf5
2023-09-20 21:25:07,562 - root - Correct neighbors rate: 896/1000.0
2023-09-20 21:25:07,562 - root - Hit percentage: 89.60000000000001%


2023-09-20 21:25:07,562 - root - Loading neighbors from ./experiments/NearestNeighbors/municipios/knn_municipios_15_chebyshev_KDTree.hdf5
2023-09-20 21:25:07,566 - root - Loading neighbors from ./experiments/NearestNeighbors/municipios/knn_municipios_15_chebyshev_MASK_tg60_nc30_r25_kclust.hdf5
2023-09-20 21:25:07,569 - root - Correct neighbors rate: 1353/1500.0
2023-09-20 21:25:07,569 - root - Hit percentage: 90.2%


