2023-12-13 13:47:06,472 - root - ------------------------------------------------------------------------
2023-12-13 13:47:06,472 - root -                        KNN over municipios Dataset RECALL
2023-12-13 13:47:06,472 - root - ------------------------------------------------------------------------
2023-12-13 13:47:06,472 - root - Search of k neighbors over a choosen dataset, using different methods, benchmark.py
2023-12-13 13:47:06,472 - root - ------------------------------------------------------------------------

2023-12-13 13:47:06,472 - root - Distances: ['manhattan', 'euclidean', 'chebyshev'] 
2023-12-13 13:47:06,472 - root - Methods: ['FLANN', 'PYNN', 'MASK']
2023-12-13 13:47:06,472 - root - KNN: [5, 10, 15]
2023-12-13 13:47:06,472 - root - MASK params: tg=60, nc=30, r=40, algorithm=kmedoids, implementation=fastkmedoids

2023-12-13 13:47:06,473 - root - ------------  manhattan distance  --------------------

2023-12-13 13:47:06,473 - root - -- FLANN method --

2023-12-13 13:47:06,474 - root - Loading neighbors from ./experiments/NearestNeighbors/municipios/knn_municipios_5_manhattan_KDTree.hdf5
2023-12-13 13:47:06,478 - root - Loading neighbors from ./experiments/NearestNeighbors/municipios/knn_municipios_5_manhattan_FLANN.hdf5
2023-12-13 13:47:06,484 - root - Correct neighbors rate: 480/500.0
2023-12-13 13:47:06,484 - root - Hit percentage: 96.0%


2023-12-13 13:47:06,485 - root - Loading neighbors from ./experiments/NearestNeighbors/municipios/knn_municipios_10_manhattan_KDTree.hdf5
2023-12-13 13:47:06,489 - root - Loading neighbors from ./experiments/NearestNeighbors/municipios/knn_municipios_10_manhattan_FLANN.hdf5
2023-12-13 13:47:06,493 - root - Correct neighbors rate: 900/1000.0
2023-12-13 13:47:06,493 - root - Hit percentage: 90.0%


2023-12-13 13:47:06,494 - root - Loading neighbors from ./experiments/NearestNeighbors/municipios/knn_municipios_15_manhattan_KDTree.hdf5
2023-12-13 13:47:06,498 - root - Loading neighbors from ./experiments/NearestNeighbors/municipios/knn_municipios_15_manhattan_FLANN.hdf5
2023-12-13 13:47:06,502 - root - Correct neighbors rate: 1302/1500.0
2023-12-13 13:47:06,502 - root - Hit percentage: 86.8%


2023-12-13 13:47:06,503 - root - -- PYNN method --

2023-12-13 13:47:06,503 - root - Loading neighbors from ./experiments/NearestNeighbors/municipios/knn_municipios_5_manhattan_KDTree.hdf5
2023-12-13 13:47:06,505 - root - Loading neighbors from ./experiments/NearestNeighbors/municipios/knn_municipios_5_manhattan_PYNN.hdf5
2023-12-13 13:47:06,510 - root - Correct neighbors rate: 499/500.0
2023-12-13 13:47:06,510 - root - Hit percentage: 99.8%


2023-12-13 13:47:06,511 - root - Loading neighbors from ./experiments/NearestNeighbors/municipios/knn_municipios_10_manhattan_KDTree.hdf5
2023-12-13 13:47:06,513 - root - Loading neighbors from ./experiments/NearestNeighbors/municipios/knn_municipios_10_manhattan_PYNN.hdf5
2023-12-13 13:47:06,517 - root - Correct neighbors rate: 1000/1000.0
2023-12-13 13:47:06,517 - root - Hit percentage: 100.0%


2023-12-13 13:47:06,518 - root - Loading neighbors from ./experiments/NearestNeighbors/municipios/knn_municipios_15_manhattan_KDTree.hdf5
2023-12-13 13:47:06,520 - root - Loading neighbors from ./experiments/NearestNeighbors/municipios/knn_municipios_15_manhattan_PYNN.hdf5
2023-12-13 13:47:06,524 - root - Correct neighbors rate: 1499/1500.0
2023-12-13 13:47:06,524 - root - Hit percentage: 99.93333333333332%


2023-12-13 13:47:06,525 - root - -- MASK method --

2023-12-13 13:47:06,525 - root - Loading neighbors from ./experiments/NearestNeighbors/municipios/knn_municipios_5_manhattan_KDTree.hdf5
2023-12-13 13:47:06,527 - root - Loading neighbors from ./experiments/NearestNeighbors/municipios/knn_municipios_5_manhattan_MASK_tg60_nc30_r40_kmedoids_fastkmedoids.hdf5
2023-12-13 13:47:06,532 - root - Correct neighbors rate: 500/500.0
2023-12-13 13:47:06,532 - root - Hit percentage: 100.0%


2023-12-13 13:47:06,534 - root - Loading neighbors from ./experiments/NearestNeighbors/municipios/knn_municipios_10_manhattan_KDTree.hdf5
2023-12-13 13:47:06,537 - root - Loading neighbors from ./experiments/NearestNeighbors/municipios/knn_municipios_10_manhattan_MASK_tg60_nc30_r40_kmedoids_fastkmedoids.hdf5
2023-12-13 13:47:06,541 - root - Correct neighbors rate: 1000/1000.0
2023-12-13 13:47:06,542 - root - Hit percentage: 100.0%


2023-12-13 13:47:06,542 - root - Loading neighbors from ./experiments/NearestNeighbors/municipios/knn_municipios_15_manhattan_KDTree.hdf5
2023-12-13 13:47:06,544 - root - Loading neighbors from ./experiments/NearestNeighbors/municipios/knn_municipios_15_manhattan_MASK_tg60_nc30_r40_kmedoids_fastkmedoids.hdf5
2023-12-13 13:47:06,548 - root - Correct neighbors rate: 1500/1500.0
2023-12-13 13:47:06,548 - root - Hit percentage: 100.0%


2023-12-13 13:47:06,548 - root - ------------  euclidean distance  --------------------

2023-12-13 13:47:06,548 - root - -- FLANN method --

2023-12-13 13:47:06,549 - root - Loading neighbors from ./experiments/NearestNeighbors/municipios/knn_municipios_5_euclidean_KDTree.hdf5
2023-12-13 13:47:06,551 - root - Loading neighbors from ./experiments/NearestNeighbors/municipios/knn_municipios_5_euclidean_FLANN.hdf5
2023-12-13 13:47:06,555 - root - Correct neighbors rate: 485/500.0
2023-12-13 13:47:06,555 - root - Hit percentage: 97.0%


2023-12-13 13:47:06,555 - root - Loading neighbors from ./experiments/NearestNeighbors/municipios/knn_municipios_10_euclidean_KDTree.hdf5
2023-12-13 13:47:06,558 - root - Loading neighbors from ./experiments/NearestNeighbors/municipios/knn_municipios_10_euclidean_FLANN.hdf5
2023-12-13 13:47:06,562 - root - Correct neighbors rate: 894/1000.0
2023-12-13 13:47:06,563 - root - Hit percentage: 89.4%


2023-12-13 13:47:06,564 - root - Loading neighbors from ./experiments/NearestNeighbors/municipios/knn_municipios_15_euclidean_KDTree.hdf5
2023-12-13 13:47:06,567 - root - Loading neighbors from ./experiments/NearestNeighbors/municipios/knn_municipios_15_euclidean_FLANN.hdf5
2023-12-13 13:47:06,571 - root - Correct neighbors rate: 1266/1500.0
2023-12-13 13:47:06,571 - root - Hit percentage: 84.39999999999999%


2023-12-13 13:47:06,571 - root - -- PYNN method --

2023-12-13 13:47:06,572 - root - Loading neighbors from ./experiments/NearestNeighbors/municipios/knn_municipios_5_euclidean_KDTree.hdf5
2023-12-13 13:47:06,574 - root - Loading neighbors from ./experiments/NearestNeighbors/municipios/knn_municipios_5_euclidean_PYNN.hdf5
2023-12-13 13:47:06,578 - root - Correct neighbors rate: 500/500.0
2023-12-13 13:47:06,578 - root - Hit percentage: 100.0%


2023-12-13 13:47:06,579 - root - Loading neighbors from ./experiments/NearestNeighbors/municipios/knn_municipios_10_euclidean_KDTree.hdf5
2023-12-13 13:47:06,580 - root - Loading neighbors from ./experiments/NearestNeighbors/municipios/knn_municipios_10_euclidean_PYNN.hdf5
2023-12-13 13:47:06,585 - root - Correct neighbors rate: 1000/1000.0
2023-12-13 13:47:06,585 - root - Hit percentage: 100.0%


2023-12-13 13:47:06,585 - root - Loading neighbors from ./experiments/NearestNeighbors/municipios/knn_municipios_15_euclidean_KDTree.hdf5
2023-12-13 13:47:06,587 - root - Loading neighbors from ./experiments/NearestNeighbors/municipios/knn_municipios_15_euclidean_PYNN.hdf5
2023-12-13 13:47:06,591 - root - Correct neighbors rate: 1500/1500.0
2023-12-13 13:47:06,591 - root - Hit percentage: 100.0%


2023-12-13 13:47:06,591 - root - -- MASK method --

2023-12-13 13:47:06,592 - root - Loading neighbors from ./experiments/NearestNeighbors/municipios/knn_municipios_5_euclidean_KDTree.hdf5
2023-12-13 13:47:06,594 - root - Loading neighbors from ./experiments/NearestNeighbors/municipios/knn_municipios_5_euclidean_MASK_tg60_nc30_r40_kmedoids_fastkmedoids.hdf5
2023-12-13 13:47:06,598 - root - Correct neighbors rate: 500/500.0
2023-12-13 13:47:06,598 - root - Hit percentage: 100.0%


2023-12-13 13:47:06,599 - root - Loading neighbors from ./experiments/NearestNeighbors/municipios/knn_municipios_10_euclidean_KDTree.hdf5
2023-12-13 13:47:06,601 - root - Loading neighbors from ./experiments/NearestNeighbors/municipios/knn_municipios_10_euclidean_MASK_tg60_nc30_r40_kmedoids_fastkmedoids.hdf5
2023-12-13 13:47:06,605 - root - Correct neighbors rate: 1000/1000.0
2023-12-13 13:47:06,605 - root - Hit percentage: 100.0%


2023-12-13 13:47:06,606 - root - Loading neighbors from ./experiments/NearestNeighbors/municipios/knn_municipios_15_euclidean_KDTree.hdf5
2023-12-13 13:47:06,608 - root - Loading neighbors from ./experiments/NearestNeighbors/municipios/knn_municipios_15_euclidean_MASK_tg60_nc30_r40_kmedoids_fastkmedoids.hdf5
2023-12-13 13:47:06,612 - root - Correct neighbors rate: 1500/1500.0
2023-12-13 13:47:06,612 - root - Hit percentage: 100.0%


2023-12-13 13:47:06,612 - root - ------------  chebyshev distance  --------------------

2023-12-13 13:47:06,613 - root - -- FLANN method --

2023-12-13 13:47:06,613 - root - -- PYNN method --

2023-12-13 13:47:06,613 - root - Loading neighbors from ./experiments/NearestNeighbors/municipios/knn_municipios_5_chebyshev_KDTree.hdf5
2023-12-13 13:47:06,616 - root - Loading neighbors from ./experiments/NearestNeighbors/municipios/knn_municipios_5_chebyshev_PYNN.hdf5
2023-12-13 13:47:06,621 - root - Correct neighbors rate: 499/500.0
2023-12-13 13:47:06,621 - root - Hit percentage: 99.8%


2023-12-13 13:47:06,622 - root - Loading neighbors from ./experiments/NearestNeighbors/municipios/knn_municipios_10_chebyshev_KDTree.hdf5
2023-12-13 13:47:06,625 - root - Loading neighbors from ./experiments/NearestNeighbors/municipios/knn_municipios_10_chebyshev_PYNN.hdf5
2023-12-13 13:47:06,629 - root - Correct neighbors rate: 1000/1000.0
2023-12-13 13:47:06,629 - root - Hit percentage: 100.0%


2023-12-13 13:47:06,630 - root - Loading neighbors from ./experiments/NearestNeighbors/municipios/knn_municipios_15_chebyshev_KDTree.hdf5
2023-12-13 13:47:06,633 - root - Loading neighbors from ./experiments/NearestNeighbors/municipios/knn_municipios_15_chebyshev_PYNN.hdf5
2023-12-13 13:47:06,638 - root - Correct neighbors rate: 1500/1500.0
2023-12-13 13:47:06,638 - root - Hit percentage: 100.0%


2023-12-13 13:47:06,638 - root - -- MASK method --

2023-12-13 13:47:06,639 - root - Loading neighbors from ./experiments/NearestNeighbors/municipios/knn_municipios_5_chebyshev_KDTree.hdf5
2023-12-13 13:47:06,640 - root - Loading neighbors from ./experiments/NearestNeighbors/municipios/knn_municipios_5_chebyshev_MASK_tg60_nc30_r40_kmedoids_fastkmedoids.hdf5
2023-12-13 13:47:06,644 - root - Correct neighbors rate: 500/500.0
2023-12-13 13:47:06,644 - root - Hit percentage: 100.0%


2023-12-13 13:47:06,645 - root - Loading neighbors from ./experiments/NearestNeighbors/municipios/knn_municipios_10_chebyshev_KDTree.hdf5
2023-12-13 13:47:06,647 - root - Loading neighbors from ./experiments/NearestNeighbors/municipios/knn_municipios_10_chebyshev_MASK_tg60_nc30_r40_kmedoids_fastkmedoids.hdf5
2023-12-13 13:47:06,652 - root - Correct neighbors rate: 1000/1000.0
2023-12-13 13:47:06,652 - root - Hit percentage: 100.0%


2023-12-13 13:47:06,653 - root - Loading neighbors from ./experiments/NearestNeighbors/municipios/knn_municipios_15_chebyshev_KDTree.hdf5
2023-12-13 13:47:06,654 - root - Loading neighbors from ./experiments/NearestNeighbors/municipios/knn_municipios_15_chebyshev_MASK_tg60_nc30_r40_kmedoids_fastkmedoids.hdf5
2023-12-13 13:47:06,660 - root - Correct neighbors rate: 1500/1500.0
2023-12-13 13:47:06,660 - root - Hit percentage: 100.0%


