2023-01-23 14:50:39,564 - root - ------------------------------------------------------------------------
2023-01-23 14:50:39,564 - root -             municipios Dataset Descriptive Analysis 
2023-01-23 14:50:39,564 - root - ------------------------------------------------------------------------

2023-01-23 14:50:39,564 - root - 
2023-01-23 14:50:39,567 - root - Loading train and test set from ./data/municipios_train_test_set.hdf5

2023-01-23 14:50:39,572 - root - Size: 8031
2023-01-23 14:50:39,572 - root - 
2023-01-23 14:50:39,572 - root - Dimensionality: 2
2023-01-23 14:50:39,572 - root - 
2023-01-23 14:50:40,269 - root - ------- Descriptive analysis for each dimension of the dataset-------
2023-01-23 14:50:40,270 - root - 
2023-01-23 14:50:40,272 - root - MinMax: [(-17.99838148, 4.28966629), (27.70386872, 43.74035104)]
2023-01-23 14:50:40,272 - root - 
2023-01-23 14:50:40,272 - root - Range: [22.28804777, 16.03648232]
2023-01-23 14:50:40,272 - root - 
2023-01-23 14:50:40,272 - root - Mean value: [-3.1030708344387996, 40.72636220723945]
2023-01-23 14:50:40,272 - root - 
2023-01-23 14:50:40,272 - root - Median value: [-3.23336595, 41.18276918]
2023-01-23 14:50:40,272 - root - 
2023-01-23 14:50:40,272 - root - Standard Deviation: [3.0278116033864144, 2.116885604109246]
2023-01-23 14:50:40,272 - root - 
2023-01-23 14:50:40,272 - root - Kurtosis: [2.588498624721522, 10.63222317629273]
2023-01-23 14:50:40,272 - root - 
2023-01-23 14:50:40,272 - root - Skewness (Asimetria): [-0.5723282912657461, -2.407757873974942]
2023-01-23 14:50:40,272 - root - 
2023-01-23 14:50:40,273 - root - Mean distance between points (1-d): [3.303800622717682, 2.1023794305989156]
2023-01-23 14:50:40,273 - root - 
2023-01-23 14:50:45,128 - root - 
2023-01-23 14:50:45,130 - root - ------------ Distance Matrix-----------
2023-01-23 14:50:45,131 - root - 
2023-01-23 14:50:45,131 - root - MinMax distance: (0.0, 25.778884485819248)
2023-01-23 14:50:45,131 - root - 
2023-01-23 14:50:45,131 - root - Mean distance between points (all-d): 4.281425462947424
2023-01-23 14:50:45,131 - root - 
2023-01-23 14:50:45,131 - root - Quantiles:  q1=2.362183106398672  -  q2=3.8099757956157934  -  q3=5.481964471951258
2023-01-23 14:50:45,133 - root - 
