2021-03-09 05:37:28,838 - root - ------------------------------------------------------------------------
2021-03-09 05:37:28,838 - root -  
2021-03-09 05:37:28,838 - root - Sub Text 10_2, tam_grupo=10  n_centroides=2
2021-03-09 05:39:32,470 - kmeans_tree - tree time=123.53724354482256 seconds
2021-03-09 05:39:32,527 - kmeans_tree - tree-depth=5
2021-03-09 05:57:31,612 - kmeans_tree - Porcentaje de aciertos= 78.5925
2021-03-09 05:57:31,612 - kmeans_tree - Porcentaje de fallos= 21.4075
2021-03-09 05:57:31,612 - kmeans_tree - search time= 1079.0854606931098 seconds
2021-03-09 05:57:31,660 - root -  
2021-03-09 05:57:31,660 - root - ------------------------------------------------------------------------
2021-03-09 05:57:31,660 - root -  
2021-03-09 05:57:31,660 - root - Sub Text 10_5, tam_grupo=10  n_centroides=5
2021-03-09 06:02:55,652 - kmeans_tree - tree time=323.89127464802004 seconds
2021-03-09 06:02:55,700 - kmeans_tree - tree-depth=13
2021-03-09 06:41:24,950 - kmeans_tree - Porcentaje de aciertos= 86.20875
2021-03-09 06:41:24,950 - kmeans_tree - Porcentaje de fallos= 13.79125
2021-03-09 06:41:24,950 - kmeans_tree - search time= 2309.250320438994 seconds
2021-03-09 06:41:24,990 - root -  
2021-03-09 06:41:24,991 - root - ------------------------------------------------------------------------
2021-03-09 06:41:24,991 - root -  
2021-03-09 06:41:24,991 - root - Sub Text 10_8, tam_grupo=10  n_centroides=8
2021-03-09 07:00:19,215 - kmeans_tree - tree time=1134.0625269990414 seconds
2021-03-09 07:00:19,270 - kmeans_tree - tree-depth=43
2021-03-09 08:57:14,687 - kmeans_tree - Porcentaje de aciertos= 83.2675
2021-03-09 08:57:14,687 - kmeans_tree - Porcentaje de fallos= 16.7325
2021-03-09 08:57:14,687 - kmeans_tree - search time= 7015.417444498045 seconds
2021-03-09 08:57:14,737 - root -  
2021-03-09 08:57:14,738 - root - ------------------------------------------------------------------------
2021-03-09 08:57:14,738 - root - ------------------------------------------------------------------------
2021-03-09 08:57:14,738 - root -  
2021-03-09 08:57:14,738 - root - Sub Text 50_10, tam_grupo=50  n_centroides=10
2021-03-09 08:58:34,466 - kmeans_tree - tree time=79.62232527183369 seconds
2021-03-09 08:58:34,535 - kmeans_tree - tree-depth=4
2021-03-09 09:09:21,402 - kmeans_tree - Porcentaje de aciertos= 86.47375
2021-03-09 09:09:21,403 - kmeans_tree - Porcentaje de fallos= 13.52625
2021-03-09 09:09:21,403 - kmeans_tree - search time= 646.8682183660567 seconds
2021-03-09 09:09:21,467 - root -  
2021-03-09 09:09:21,467 - root - ------------------------------------------------------------------------
2021-03-09 09:09:21,467 - root -  
2021-03-09 09:09:21,468 - root - Sub Text 50_25, tam_grupo=50  n_centroides=25
2021-03-09 09:14:38,324 - kmeans_tree - tree time=316.71548453415744 seconds
2021-03-09 09:14:38,443 - kmeans_tree - tree-depth=11
2021-03-09 09:48:56,672 - kmeans_tree - Porcentaje de aciertos= 87.225
2021-03-09 09:48:56,673 - kmeans_tree - Porcentaje de fallos= 12.775
2021-03-09 09:48:56,673 - kmeans_tree - search time= 2058.2298650951125 seconds
2021-03-09 09:48:56,741 - root -  
2021-03-09 09:48:56,742 - root - ------------------------------------------------------------------------
2021-03-09 09:48:56,742 - root -  
2021-03-09 09:48:56,742 - root - Sub Text 50_40, tam_grupo=50  n_centroides=40
2021-03-09 10:09:15,625 - kmeans_tree - tree time=1218.7517313021235 seconds
2021-03-09 10:09:15,773 - kmeans_tree - tree-depth=35
2021-03-09 12:16:48,598 - kmeans_tree - Porcentaje de aciertos= 87.86875
2021-03-09 12:16:48,598 - kmeans_tree - Porcentaje de fallos= 12.13125
2021-03-09 12:16:48,598 - kmeans_tree - search time= 7652.825182756176 seconds
2021-03-09 12:16:48,670 - root -  
2021-03-09 12:16:48,670 - root - ------------------------------------------------------------------------
2021-03-09 12:16:48,670 - root - ------------------------------------------------------------------------
2021-03-09 12:16:48,670 - root -  
2021-03-09 12:16:48,670 - root - Sub Text 90_18, tam_grupo=90  n_centroides=18
2021-03-09 12:18:16,420 - kmeans_tree - tree time=87.64046587399207 seconds
2021-03-09 12:18:16,516 - kmeans_tree - tree-depth=4
2021-03-09 12:28:30,233 - kmeans_tree - Porcentaje de aciertos= 88.64625
2021-03-09 12:28:30,234 - kmeans_tree - Porcentaje de fallos= 11.35375
2021-03-09 12:28:30,234 - kmeans_tree - search time= 613.7186178509146 seconds
2021-03-09 12:28:30,308 - root -  
2021-03-09 12:28:30,308 - root - ------------------------------------------------------------------------
2021-03-09 12:28:30,308 - root -  
2021-03-09 12:28:30,309 - root - Sub Text 90_45, tam_grupo=90  n_centroides=45
2021-03-09 12:33:41,311 - kmeans_tree - tree time=310.86589081492275 seconds
2021-03-09 12:33:41,468 - kmeans_tree - tree-depth=10
2021-03-09 13:08:27,718 - kmeans_tree - Porcentaje de aciertos= 88.2875
2021-03-09 13:08:27,719 - kmeans_tree - Porcentaje de fallos= 11.7125
2021-03-09 13:08:27,719 - kmeans_tree - search time= 2086.2512620370835 seconds
2021-03-09 13:08:27,791 - root -  
2021-03-09 14:11:18,434 - root - ------------------------------------------------------------------------
2021-03-09 14:11:18,434 - root -  
2021-03-09 14:11:18,434 - root - Sub Text 90_72, tam_grupo=90  n_centroides=72
2021-03-09 14:30:47,284 - kmeans_tree - tree time=1168.74862368498 seconds
2021-03-09 14:30:47,508 - kmeans_tree - tree-depth=33
2021-03-09 16:20:11,628 - kmeans_tree - Porcentaje de aciertos= 88.91625
2021-03-09 16:20:11,629 - kmeans_tree - Porcentaje de fallos= 11.08375
2021-03-09 16:20:11,629 - kmeans_tree - search time= 6564.121044155909 seconds
2021-03-09 16:20:11,687 - root -  
