2023-10-23 16:21:36,490 - root - ------------------------------------------------------------------------
2023-10-23 16:21:36,490 - root -             wdbc Dataset Descriptive Analysis 
2023-10-23 16:21:36,490 - root - ------------------------------------------------------------------------

2023-10-23 16:21:36,490 - root - 
2023-10-23 16:21:36,503 - root - Loading train and test set from ./data/wdbc_train_test_set.hdf5

2023-10-23 16:21:36,511 - root - Size: 468
2023-10-23 16:21:36,511 - root - 
2023-10-23 16:21:36,512 - root - Dimensionality: 30
2023-10-23 16:21:36,512 - root - 
2023-10-23 16:21:36,545 - root - ------- Descriptive analysis for each dimension of the dataset-------
2023-10-23 16:21:36,545 - root - 
2023-10-23 16:21:36,546 - root - MinMax: [(7.691, 28.11), (9.71, 39.28), (47.92, 188.5), (170.4, 2501.0), (0.052629999999999996, 0.1634), (0.01938, 0.3114), (0.0, 0.4268), (0.0, 0.2012), (0.106, 0.304), (0.049960000000000004, 0.09744), (0.1115, 2.873), (0.3602, 4.885), (0.7714, 21.98), (7.228, 542.2), (0.001713, 0.03113), (0.002252, 0.1006), (0.0, 0.396), (0.0, 0.05279), (0.007882, 0.06146), (0.0008948000000000001, 0.02984), (8.677999999999999, 36.04), (12.02, 49.54), (54.49, 251.2), (223.6, 4254.0), (0.07117000000000001, 0.2226), (0.02729, 1.058), (0.0, 1.252), (0.0, 0.29100000000000004), (0.1565, 0.6638), (0.05504, 0.2075)]
2023-10-23 16:21:36,546 - root - 
2023-10-23 16:21:36,546 - root - Range: [20.419, 29.57, 140.57999999999998, 2330.6, 0.11077, 0.29202, 0.4268, 0.2012, 0.198, 0.047479999999999994, 2.7615000000000003, 4.5248, 21.2086, 534.9720000000001, 0.029417000000000002, 0.09834799999999999, 0.396, 0.05279, 0.053578, 0.028945199999999997, 27.362000000000002, 37.519999999999996, 196.70999999999998, 4030.4, 0.15142999999999998, 1.03071, 1.252, 0.29100000000000004, 0.5073, 0.15245999999999998]
2023-10-23 16:21:36,546 - root - 
2023-10-23 16:21:36,546 - root - Mean value: [14.144408119658118, 19.39553418803419, 92.0665170940171, 656.580341880342, 0.09612305555555556, 0.10368123931623931, 0.0895347344017094, 0.04913967948717949, 0.18092371794871792, 0.0626269017094017, 0.4033935897435898, 1.2228529914529915, 2.860667307692308, 40.230435897435896, 0.007114799145299145, 0.025290190170940172, 0.03225562521367521, 0.01187022435897436, 0.020484803418803422, 0.0037370284188034185, 16.274123931623933, 25.786388888888887, 107.31497863247864, 880.6630341880342, 0.13240940170940171, 0.25338318376068375, 0.27404752564102564, 0.11514389102564103, 0.2891425213675214, 0.08374619658119657]
2023-10-23 16:21:36,546 - root - 
2023-10-23 16:21:36,546 - root - Median value: [13.309999999999999, 18.895, 86.14, 544.05, 0.09502, 0.09403500000000001, 0.06265, 0.03387, 0.17915, 0.061454999999999996, 0.32175, 1.119, 2.319, 24.265, 0.0064565, 0.020495, 0.02627, 0.01112, 0.01874, 0.0032685, 14.940000000000001, 25.43, 97.66499999999999, 684.55, 0.13125, 0.2071, 0.22985, 0.1017, 0.2806, 0.07974]
2023-10-23 16:21:36,546 - root - 
2023-10-23 16:21:36,546 - root - Standard Deviation: [3.5292361661939937, 4.388918535496454, 24.292221558638506, 355.28256666723865, 0.014085504970676944, 0.051481229167374715, 0.07944812262765645, 0.03865398865576276, 0.027126369622784027, 0.006833708902668253, 0.2795520987970124, 0.5578532036363065, 2.026192776510927, 47.10020578123603, 0.0030014892375982414, 0.0170296613111346, 0.03153951325539282, 0.00614048677833254, 0.007900874718412935, 0.002428476637004914, 4.822713372258996, 6.276758955505426, 33.50607469159674, 572.5320469336257, 0.022650383208041056, 0.15687270326684716, 0.21100121292456644, 0.06606611872330023, 0.06143589744890284, 0.018319029911584475]
2023-10-23 16:21:36,547 - root - 
2023-10-23 16:21:36,547 - root - Kurtosis: [0.9214903829615824, 0.6442771500558213, 1.0684810606859996, 3.8506694842064997, 1.0992846764631272, 1.3156853570580633, 2.0777332493669647, 0.9754482893530794, 1.013271657335867, 3.0842167934785945, 20.331366353867057, 5.540415237993331, 24.74995645888356, 51.18466133958133, 11.163751011184756, 3.0428972301122688, 48.72881192930609, 5.090632340899633, 5.251601045887936, 31.01061333161551, 1.0492055094878507, 0.22051231556275708, 1.1612842351147288, 4.712246872482481, 0.6966433909232208, 3.0320705323178556, 1.7950624383347584, -0.5420453262600349, 4.6438308775783455, 5.713879953896644]
2023-10-23 16:21:36,547 - root - 
2023-10-23 16:21:36,547 - root - Skewness (Asimetria): [0.9900637019794266, 0.6399635365091223, 1.0338682221927664, 1.7012688342689657, 0.5254442264689542, 1.1084277026520826, 1.396515661740295, 1.1364877542439635, 0.6113465319340325, 1.2660424342403398, 3.3829391905104265, 1.680910942537341, 3.7438611090735106, 5.757488880693303, 2.371299788549305, 1.6100543963213252, 5.2797216590590725, 1.3671046993953606, 1.8938218402936162, 3.9501939645781525, 1.1470577536073552, 0.5064065299325925, 1.1635866918001443, 1.9282035169774265, 0.43298870577306275, 1.4665471403506656, 1.1828610489885598, 0.4708010408086756, 1.4156448985621342, 1.7387028672832467]
2023-10-23 16:21:36,547 - root - 
2023-10-23 16:21:36,547 - root - Mean distance between points (1-d): [3.841619859441059, 4.896148264060469, 26.373063288127536, 363.23804242390963, 0.015672945972656893, 0.05592753289774703, 0.08383536353977929, 0.041687019491571956, 0.030064350555464043, 0.007313750709200388, 0.2561375299694358, 0.5825578597704936, 1.8172557413203023, 35.59269283844872, 0.002988960669119127, 0.017599873542707593, 0.026842898878090743, 0.006507593742564835, 0.008012250132689103, 0.0022231660032211425, 5.182316019692894, 7.067965830267757, 36.004852486319294, 567.764334083713, 0.025242508281630337, 0.1655019437581215, 0.2285058153882758, 0.07497357121286995, 0.06445589688683907, 0.019018989000530756]
2023-10-23 16:21:36,547 - root - 
2023-10-23 16:21:36,571 - root - 
2023-10-23 16:21:36,571 - root - ------------ Distance Matrixes (built using several distance metrics)-----------
2023-10-23 16:21:36,571 - root - 
2023-10-23 16:21:36,571 - root - -------- Manhattan distance --------
2023-10-23 16:21:36,571 - root - 
2023-10-23 16:21:36,571 - root - MinMax distance: (9.979120000000036, 7296.233803)
2023-10-23 16:21:36,571 - root - 
2023-10-23 16:21:36,571 - root - Mean distance between points (all-d): 1053.493360655704
2023-10-23 16:21:36,571 - root - 
2023-10-23 16:21:36,571 - root - Quantiles:  q1=315.59529100000003  -  q2=691.137702  -  q3=1534.7467277500002
2023-10-23 16:21:36,571 - root - 
2023-10-23 16:21:36,571 - root - -------- Euclidean distance --------
2023-10-23 16:21:36,571 - root - 
2023-10-23 16:21:36,571 - root - MinMax distance: (3.8159672659759636, 4692.180010811616)
2023-10-23 16:21:36,572 - root - 
2023-10-23 16:21:36,572 - root - Mean distance between points (all-d): 685.7821332473403
2023-10-23 16:21:36,572 - root - 
2023-10-23 16:21:36,572 - root - Quantiles:  q1=198.4705900858118  -  q2=444.9668674852177  -  q3=998.799585617425
2023-10-23 16:21:36,572 - root - 
2023-10-23 16:21:36,572 - root - -------- Chebyshev distance --------
2023-10-23 16:21:36,572 - root - 
2023-10-23 16:21:36,572 - root - MinMax distance: (2.1899999999999977, 4030.4)
2023-10-23 16:21:36,572 - root - 
2023-10-23 16:21:36,572 - root - Mean distance between points (all-d): 575.4169343783744
2023-10-23 16:21:36,572 - root - 
2023-10-23 16:21:36,572 - root - Quantiles:  q1=161.89999999999998  -  q2=364.0  -  q3=831.375
2023-10-23 16:21:36,573 - root - 
