2023-10-25 19:14:34,783 - root - ------------------------------------------------------------------------
2023-10-25 19:14:34,783 - root -                        KNN over wdbc Dataset RECALL
2023-10-25 19:14:34,783 - root - ------------------------------------------------------------------------
2023-10-25 19:14:34,783 - root - Search of k neighbors over a choosen dataset, using different methods, benchmark.py
2023-10-25 19:14:34,784 - root - ------------------------------------------------------------------------

2023-10-25 19:14:34,784 - root - Distances: ['manhattan', 'euclidean'] 
2023-10-25 19:14:34,784 - root - Methods: ['MASK']
2023-10-25 19:14:34,784 - root - KNN: [5, 15]
2023-10-25 19:14:34,784 - root - MASK params: tg=80, nc=40, r=7500, algorithm=kmedoids, implementation=sklearnextra

2023-10-25 19:14:34,784 - root - ------------  manhattan distance  --------------------

2023-10-25 19:14:34,784 - root - -- MASK method --

2023-10-25 19:14:34,785 - root - Loading neighbors from ./experiments/NearestNeighbors/wdbc/knn_wdbc_5_manhattan_KDTree.hdf5
2023-10-25 19:14:34,790 - root - Loading neighbors from ./experiments/NearestNeighbors/wdbc/knn_wdbc_5_manhattan_MASK_tg80_nc40_r7500_kmedoids_sklearnextra.hdf5
2023-10-25 19:14:34,795 - root - Correct neighbors rate: 500/500.0
2023-10-25 19:14:34,795 - root - Hit percentage: 100.0%


2023-10-25 19:14:34,803 - root - Loading neighbors from ./experiments/NearestNeighbors/wdbc/knn_wdbc_15_manhattan_KDTree.hdf5
2023-10-25 19:14:34,816 - root - Loading neighbors from ./experiments/NearestNeighbors/wdbc/knn_wdbc_15_manhattan_MASK_tg80_nc40_r7500_kmedoids_sklearnextra.hdf5
2023-10-25 19:14:34,819 - root - Correct neighbors rate: 1500/1500.0
2023-10-25 19:14:34,819 - root - Hit percentage: 100.0%


2023-10-25 19:14:34,819 - root - ------------  euclidean distance  --------------------

2023-10-25 19:14:34,819 - root - -- MASK method --

2023-10-25 19:14:34,820 - root - Loading neighbors from ./experiments/NearestNeighbors/wdbc/knn_wdbc_5_euclidean_KDTree.hdf5
2023-10-25 19:14:34,824 - root - Loading neighbors from ./experiments/NearestNeighbors/wdbc/knn_wdbc_5_euclidean_MASK_tg80_nc40_r7500_kmedoids_sklearnextra.hdf5
2023-10-25 19:14:34,828 - root - Correct neighbors rate: 500/500.0
2023-10-25 19:14:34,828 - root - Hit percentage: 100.0%


2023-10-25 19:14:34,842 - root - Loading neighbors from ./experiments/NearestNeighbors/wdbc/knn_wdbc_15_euclidean_KDTree.hdf5
2023-10-25 19:14:34,853 - root - Loading neighbors from ./experiments/NearestNeighbors/wdbc/knn_wdbc_15_euclidean_MASK_tg80_nc40_r7500_kmedoids_sklearnextra.hdf5
2023-10-25 19:14:34,856 - root - Correct neighbors rate: 1500/1500.0
2023-10-25 19:14:34,856 - root - Hit percentage: 100.0%


