2023-10-19 15:39:54,863 - root - ------------------------------------------------------------------------
2023-10-19 15:39:54,863 - root -             NYtaxis100000 Dataset Descriptive Analysis 
2023-10-19 15:39:54,863 - root - ------------------------------------------------------------------------

2023-10-19 15:39:54,864 - root - 
2023-10-19 15:39:54,864 - root - Loading train and test set from ./data/NYtaxis100000_train_test_set.hdf5

2023-10-19 15:39:54,866 - root - Size: 100000
2023-10-19 15:39:54,867 - root - 
2023-10-19 15:39:54,867 - root - Dimensionality: 2
2023-10-19 15:39:54,867 - root - 
2023-10-19 15:40:50,678 - root - ------- Descriptive analysis for each dimension of the dataset-------
2023-10-19 15:40:50,684 - root - 
2023-10-19 15:40:50,684 - root - MinMax: [(1, 265), (1, 265)]
2023-10-19 15:40:50,684 - root - 
2023-10-19 15:40:50,684 - root - Range: [264, 264]
2023-10-19 15:40:50,684 - root - 
2023-10-19 15:40:50,685 - root - Mean value: [166.35428, 164.21725]
2023-10-19 15:40:50,685 - root - 
2023-10-19 15:40:50,685 - root - Median value: [162.0, 162.0]
2023-10-19 15:40:50,685 - root - 
2023-10-19 15:40:50,685 - root - Standard Deviation: [64.31752580503701, 69.90131681476036]
2023-10-19 15:40:50,685 - root - 
2023-10-19 15:40:50,685 - root - Kurtosis: [-0.8602457453061962, -0.9349328040444234]
2023-10-19 15:40:50,685 - root - 
2023-10-19 15:40:50,685 - root - Skewness (Asimetria): [-0.2585696253565029, -0.3606116768487531]
2023-10-19 15:40:50,686 - root - 
2023-10-19 15:40:50,686 - root - Mean distance between points (1-d): [72.67955119471195, 79.07516917269173]
2023-10-19 15:40:50,686 - root - 
2023-10-19 16:19:21,350 - root - 
2023-10-19 16:19:21,367 - root - ------------ Distance Matrixes (built using several distance metrics)-----------
2023-10-19 16:19:21,367 - root - 
2023-10-19 16:19:21,367 - root - -------- Manhattan distance --------
2023-10-19 16:19:21,367 - root - 
2023-10-19 16:19:21,368 - root - MinMax distance: (0.0, 528.0)
2023-10-19 16:19:21,368 - root - 
2023-10-19 16:19:21,368 - root - Mean distance between points (all-d): 151.75472036740368
2023-10-19 16:19:21,368 - root - 
2023-10-19 16:19:21,368 - root - Quantiles:  q1=93.0  -  q2=145.0  -  q3=204.0
2023-10-19 16:19:21,368 - root - 
2023-10-19 16:19:21,368 - root - -------- Euclidean distance --------
2023-10-19 16:19:21,368 - root - 
2023-10-19 16:19:21,368 - root - MinMax distance: (0.0, 373.3523804664971)
2023-10-19 16:19:21,368 - root - 
2023-10-19 16:19:21,369 - root - Mean distance between points (all-d): 120.02671166816472
2023-10-19 16:19:21,369 - root - 
2023-10-19 16:19:21,369 - root - Quantiles:  q1=77.4919350642375  -  q2=115.43396380615195  -  q3=161.44348856488452
2023-10-19 16:19:21,369 - root - 
2023-10-19 16:19:21,369 - root - -------- Chebyshev distance --------
2023-10-19 16:19:21,369 - root - 
2023-10-19 16:19:21,369 - root - MinMax distance: (0.0, 264.0)
2023-10-19 16:19:21,369 - root - 
2023-10-19 16:19:21,369 - root - Mean distance between points (all-d): 107.67655243392434
2023-10-19 16:19:21,369 - root - 
2023-10-19 16:19:21,369 - root - Quantiles:  q1=72.0  -  q2=99.0  -  q3=146.0
2023-10-19 16:19:21,369 - root - 
