2023-07-13 13:59:14,489 - root - ------------------------------------------------------------------------
2023-07-13 13:59:14,489 - root -                        KNN over MNIST Dataset RECALL
2023-07-13 13:59:14,490 - root - ------------------------------------------------------------------------
2023-07-13 13:59:14,490 - root - Search of k neighbors over a choosen dataset, using different methods, benchmark.py
2023-07-13 13:59:14,490 - root - ------------------------------------------------------------------------

2023-07-13 13:59:14,490 - root - Distances: ['euclidean', 'manhattan', 'chebyshev'] 
2023-07-13 13:59:14,490 - root - Methods: ['FLANN', 'PYNN', 'MASK']
2023-07-13 13:59:14,490 - root - KNN: [5, 10, 15]
2023-07-13 13:59:14,490 - root - MASK params: tg=1000, nc=500, r=4500

2023-07-13 13:59:14,490 - root - ------------  euclidean distance  --------------------

2023-07-13 13:59:14,490 - root - -- FLANN method --

2023-07-13 13:59:14,553 - root - Loading neighbors from ./experiments/NearestNeighbors/MNIST/knn_MNIST_5_euclidean_KDTree.hdf5
2023-07-13 13:59:14,592 - root - Loading neighbors from ./experiments/NearestNeighbors/MNIST/knn_MNIST_5_euclidean_FLANN.hdf5
2023-07-13 13:59:14,599 - root - Correct neighbors rate: 313/500.0
2023-07-13 13:59:14,599 - root - Hit percentage: 62.6%


2023-07-13 13:59:14,703 - root - Loading neighbors from ./experiments/NearestNeighbors/MNIST/knn_MNIST_10_euclidean_KDTree.hdf5
2023-07-13 13:59:14,785 - root - Loading neighbors from ./experiments/NearestNeighbors/MNIST/knn_MNIST_10_euclidean_FLANN.hdf5
2023-07-13 13:59:14,795 - root - Correct neighbors rate: 552/1000.0
2023-07-13 13:59:14,795 - root - Hit percentage: 55.2%


2023-07-13 13:59:14,854 - root - Loading neighbors from ./experiments/NearestNeighbors/MNIST/knn_MNIST_15_euclidean_KDTree.hdf5
2023-07-13 13:59:14,943 - root - Loading neighbors from ./experiments/NearestNeighbors/MNIST/knn_MNIST_15_euclidean_FLANN.hdf5
2023-07-13 13:59:14,960 - root - Correct neighbors rate: 739/1500.0
2023-07-13 13:59:14,960 - root - Hit percentage: 49.266666666666666%


2023-07-13 13:59:14,963 - root - -- PYNN method --

2023-07-13 13:59:14,963 - root - Loading neighbors from ./experiments/NearestNeighbors/MNIST/knn_MNIST_5_euclidean_KDTree.hdf5
2023-07-13 13:59:14,998 - root - Loading neighbors from ./experiments/NearestNeighbors/MNIST/knn_MNIST_5_euclidean_PYNN.hdf5
2023-07-13 13:59:15,004 - root - Correct neighbors rate: 472/500.0
2023-07-13 13:59:15,004 - root - Hit percentage: 94.39999999999999%


2023-07-13 13:59:15,005 - root - Loading neighbors from ./experiments/NearestNeighbors/MNIST/knn_MNIST_10_euclidean_KDTree.hdf5
2023-07-13 13:59:15,083 - root - Loading neighbors from ./experiments/NearestNeighbors/MNIST/knn_MNIST_10_euclidean_PYNN.hdf5
2023-07-13 13:59:15,090 - root - Correct neighbors rate: 965/1000.0
2023-07-13 13:59:15,090 - root - Hit percentage: 96.5%


2023-07-13 13:59:15,092 - root - Loading neighbors from ./experiments/NearestNeighbors/MNIST/knn_MNIST_15_euclidean_KDTree.hdf5
2023-07-13 13:59:15,148 - root - Loading neighbors from ./experiments/NearestNeighbors/MNIST/knn_MNIST_15_euclidean_PYNN.hdf5
2023-07-13 13:59:15,158 - root - Correct neighbors rate: 1465/1500.0
2023-07-13 13:59:15,158 - root - Hit percentage: 97.66666666666667%


2023-07-13 13:59:15,159 - root - -- MASK method --

2023-07-13 13:59:15,160 - root - Loading neighbors from ./experiments/NearestNeighbors/MNIST/knn_MNIST_5_euclidean_KDTree.hdf5
2023-07-13 13:59:15,205 - root - Loading neighbors from ./experiments/NearestNeighbors/MNIST/knn_MNIST_5_euclidean_MASK_tg1000_nc500_r4500.hdf5
2023-07-13 13:59:15,211 - root - Correct neighbors rate: 500/500.0
2023-07-13 13:59:15,212 - root - Hit percentage: 100.0%


2023-07-13 13:59:15,213 - root - Loading neighbors from ./experiments/NearestNeighbors/MNIST/knn_MNIST_10_euclidean_KDTree.hdf5
2023-07-13 13:59:15,280 - root - Loading neighbors from ./experiments/NearestNeighbors/MNIST/knn_MNIST_10_euclidean_MASK_tg1000_nc500_r4500.hdf5
2023-07-13 13:59:15,288 - root - Correct neighbors rate: 1000/1000.0
2023-07-13 13:59:15,288 - root - Hit percentage: 100.0%


2023-07-13 13:59:15,290 - root - Loading neighbors from ./experiments/NearestNeighbors/MNIST/knn_MNIST_15_euclidean_KDTree.hdf5
2023-07-13 13:59:15,362 - root - Loading neighbors from ./experiments/NearestNeighbors/MNIST/knn_MNIST_15_euclidean_MASK_tg1000_nc500_r4500.hdf5
2023-07-13 13:59:15,371 - root - Correct neighbors rate: 1500/1500.0
2023-07-13 13:59:15,371 - root - Hit percentage: 100.0%


2023-07-13 13:59:15,373 - root - ------------  manhattan distance  --------------------

2023-07-13 13:59:15,373 - root - -- FLANN method --

2023-07-13 13:59:15,396 - root - Loading neighbors from ./experiments/NearestNeighbors/MNIST/knn_MNIST_5_manhattan_KDTree.hdf5
2023-07-13 13:59:15,425 - root - Loading neighbors from ./experiments/NearestNeighbors/MNIST/knn_MNIST_5_manhattan_FLANN.hdf5
2023-07-13 13:59:15,430 - root - Correct neighbors rate: 244/500.0
2023-07-13 13:59:15,430 - root - Hit percentage: 48.8%


2023-07-13 13:59:15,499 - root - Loading neighbors from ./experiments/NearestNeighbors/MNIST/knn_MNIST_10_manhattan_KDTree.hdf5
2023-07-13 13:59:15,617 - root - Loading neighbors from ./experiments/NearestNeighbors/MNIST/knn_MNIST_10_manhattan_FLANN.hdf5
2023-07-13 13:59:15,623 - root - Correct neighbors rate: 428/1000.0
2023-07-13 13:59:15,623 - root - Hit percentage: 42.8%


2023-07-13 13:59:15,683 - root - Loading neighbors from ./experiments/NearestNeighbors/MNIST/knn_MNIST_15_manhattan_KDTree.hdf5
2023-07-13 13:59:15,765 - root - Loading neighbors from ./experiments/NearestNeighbors/MNIST/knn_MNIST_15_manhattan_FLANN.hdf5
2023-07-13 13:59:15,776 - root - Correct neighbors rate: 599/1500.0
2023-07-13 13:59:15,777 - root - Hit percentage: 39.93333333333333%


2023-07-13 13:59:15,778 - root - -- PYNN method --

2023-07-13 13:59:15,779 - root - Loading neighbors from ./experiments/NearestNeighbors/MNIST/knn_MNIST_5_manhattan_KDTree.hdf5
2023-07-13 13:59:15,812 - root - Loading neighbors from ./experiments/NearestNeighbors/MNIST/knn_MNIST_5_manhattan_PYNN.hdf5
2023-07-13 13:59:15,815 - root - Correct neighbors rate: 423/500.0
2023-07-13 13:59:15,815 - root - Hit percentage: 84.6%


2023-07-13 13:59:15,816 - root - Loading neighbors from ./experiments/NearestNeighbors/MNIST/knn_MNIST_10_manhattan_KDTree.hdf5
2023-07-13 13:59:15,911 - root - Loading neighbors from ./experiments/NearestNeighbors/MNIST/knn_MNIST_10_manhattan_PYNN.hdf5
2023-07-13 13:59:15,919 - root - Correct neighbors rate: 859/1000.0
2023-07-13 13:59:15,919 - root - Hit percentage: 85.9%


2023-07-13 13:59:15,921 - root - Loading neighbors from ./experiments/NearestNeighbors/MNIST/knn_MNIST_15_manhattan_KDTree.hdf5
2023-07-13 13:59:16,003 - root - Loading neighbors from ./experiments/NearestNeighbors/MNIST/knn_MNIST_15_manhattan_PYNN.hdf5
2023-07-13 13:59:16,014 - root - Correct neighbors rate: 1293/1500.0
2023-07-13 13:59:16,014 - root - Hit percentage: 86.2%


2023-07-13 13:59:16,016 - root - -- MASK method --

2023-07-13 13:59:16,016 - root - ------------  chebyshev distance  --------------------

2023-07-13 13:59:16,016 - root - -- FLANN method --

2023-07-13 13:59:16,016 - root - -- PYNN method --

2023-07-13 13:59:16,048 - root - Loading neighbors from ./experiments/NearestNeighbors/MNIST/knn_MNIST_5_chebyshev_KDTree.hdf5
2023-07-13 13:59:16,093 - root - Loading neighbors from ./experiments/NearestNeighbors/MNIST/knn_MNIST_5_chebyshev_PYNN.hdf5
2023-07-13 13:59:16,097 - root - Correct neighbors rate: 125/500.0
2023-07-13 13:59:16,097 - root - Hit percentage: 25.0%


2023-07-13 13:59:16,165 - root - Loading neighbors from ./experiments/NearestNeighbors/MNIST/knn_MNIST_10_chebyshev_KDTree.hdf5
2023-07-13 13:59:16,221 - root - Loading neighbors from ./experiments/NearestNeighbors/MNIST/knn_MNIST_10_chebyshev_PYNN.hdf5
2023-07-13 13:59:16,228 - root - Correct neighbors rate: 243/1000.0
2023-07-13 13:59:16,228 - root - Hit percentage: 24.3%


2023-07-13 13:59:16,305 - root - Loading neighbors from ./experiments/NearestNeighbors/MNIST/knn_MNIST_15_chebyshev_KDTree.hdf5
2023-07-13 13:59:16,373 - root - Loading neighbors from ./experiments/NearestNeighbors/MNIST/knn_MNIST_15_chebyshev_PYNN.hdf5
2023-07-13 13:59:16,387 - root - Correct neighbors rate: 360/1500.0
2023-07-13 13:59:16,387 - root - Hit percentage: 24.0%


2023-07-13 13:59:16,389 - root - -- MASK method --

