2024-04-19 10:21:50,562 - root - ------------------------------------------------------------------------
2024-04-19 10:21:50,562 - root -                        KNN over MNIST Dataset RECALL
2024-04-19 10:21:50,562 - root - ------------------------------------------------------------------------
2024-04-19 10:21:50,562 - root - Search of k neighbors over a choosen dataset, using different methods, benchmark.py
2024-04-19 10:21:50,562 - root - ------------------------------------------------------------------------

2024-04-19 10:21:50,562 - root - Distances: ['manhattan', 'euclidean', 'chebyshev'] 
2024-04-19 10:21:50,562 - root - Methods: ['FLANN', 'PYNN', 'MASK', 'GMASK']
2024-04-19 10:21:50,562 - root - KNN: [5, 10, 15]
2024-04-19 10:21:50,562 - root - MASK params: tg=1000, nc=500, r=80000, algorithm=kmeans, implementation=kclust
2024-04-19 10:21:50,562 - root - GMASK params: tg=1000, nc=500, r=80000, algorithm=kmedoids, implementation=fastkmedoids

2024-04-19 10:21:50,562 - root - ------------  manhattan distance  --------------------

2024-04-19 10:21:50,562 - root - -- FLANN method --

2024-04-19 10:21:50,577 - root - Loading neighbors from ./experiments/NearestNeighbors/MNIST/knn_MNIST_5_manhattan_KDTree.hdf5
2024-04-19 10:21:50,589 - root - Loading neighbors from ./experiments/NearestNeighbors/MNIST/knn_MNIST_5_manhattan_FLANN.hdf5
2024-04-19 10:21:50,592 - root - Correct neighbors rate: 251/500.0
2024-04-19 10:21:50,592 - root - Hit percentage: 50.2%


2024-04-19 10:21:50,608 - root - Loading neighbors from ./experiments/NearestNeighbors/MNIST/knn_MNIST_10_manhattan_KDTree.hdf5
2024-04-19 10:21:50,624 - root - Loading neighbors from ./experiments/NearestNeighbors/MNIST/knn_MNIST_10_manhattan_FLANN.hdf5
2024-04-19 10:21:50,627 - root - Correct neighbors rate: 401/1000.0
2024-04-19 10:21:50,627 - root - Hit percentage: 40.1%


2024-04-19 10:21:50,640 - root - Loading neighbors from ./experiments/NearestNeighbors/MNIST/knn_MNIST_15_manhattan_KDTree.hdf5
2024-04-19 10:21:50,655 - root - Loading neighbors from ./experiments/NearestNeighbors/MNIST/knn_MNIST_15_manhattan_FLANN.hdf5
2024-04-19 10:21:50,660 - root - Correct neighbors rate: 608/1500.0
2024-04-19 10:21:50,660 - root - Hit percentage: 40.53333333333333%


2024-04-19 10:21:50,660 - root - -- PYNN method --

2024-04-19 10:21:50,667 - root - Loading neighbors from ./experiments/NearestNeighbors/MNIST/knn_MNIST_5_manhattan_KDTree.hdf5
2024-04-19 10:21:50,675 - root - Loading neighbors from ./experiments/NearestNeighbors/MNIST/knn_MNIST_5_manhattan_PYNN.hdf5
2024-04-19 10:21:50,677 - root - Correct neighbors rate: 484/500.0
2024-04-19 10:21:50,677 - root - Hit percentage: 96.8%


2024-04-19 10:21:50,689 - root - Loading neighbors from ./experiments/NearestNeighbors/MNIST/knn_MNIST_10_manhattan_KDTree.hdf5
2024-04-19 10:21:50,703 - root - Loading neighbors from ./experiments/NearestNeighbors/MNIST/knn_MNIST_10_manhattan_PYNN.hdf5
2024-04-19 10:21:50,706 - root - Correct neighbors rate: 989/1000.0
2024-04-19 10:21:50,706 - root - Hit percentage: 98.9%


2024-04-19 10:21:50,717 - root - Loading neighbors from ./experiments/NearestNeighbors/MNIST/knn_MNIST_15_manhattan_KDTree.hdf5
2024-04-19 10:21:50,731 - root - Loading neighbors from ./experiments/NearestNeighbors/MNIST/knn_MNIST_15_manhattan_PYNN.hdf5
2024-04-19 10:21:50,734 - root - Correct neighbors rate: 1481/1500.0
2024-04-19 10:21:50,734 - root - Hit percentage: 98.73333333333333%


2024-04-19 10:21:50,735 - root - -- MASK method --

2024-04-19 10:21:50,736 - root - -- GMASK method --

2024-04-19 10:21:50,742 - root - Loading neighbors from ./experiments/NearestNeighbors/MNIST/knn_MNIST_5_manhattan_KDTree.hdf5
2024-04-19 10:21:50,749 - root - Loading neighbors from ./experiments/NearestNeighbors/MNIST/knn_MNIST_5_manhattan_GMASK_tg1000_nc500_r80000_kmedoids_fastkmedoids.hdf5
2024-04-19 10:21:50,751 - root - Correct neighbors rate: 500/500.0
2024-04-19 10:21:50,751 - root - Hit percentage: 100.0%


2024-04-19 10:21:50,763 - root - Loading neighbors from ./experiments/NearestNeighbors/MNIST/knn_MNIST_10_manhattan_KDTree.hdf5
2024-04-19 10:21:50,777 - root - Loading neighbors from ./experiments/NearestNeighbors/MNIST/knn_MNIST_10_manhattan_GMASK_tg1000_nc500_r80000_kmedoids_fastkmedoids.hdf5
2024-04-19 10:21:50,780 - root - Correct neighbors rate: 999/1000.0
2024-04-19 10:21:50,780 - root - Hit percentage: 99.9%


2024-04-19 10:21:50,792 - root - Loading neighbors from ./experiments/NearestNeighbors/MNIST/knn_MNIST_15_manhattan_KDTree.hdf5
2024-04-19 10:21:50,806 - root - Loading neighbors from ./experiments/NearestNeighbors/MNIST/knn_MNIST_15_manhattan_GMASK_tg1000_nc500_r80000_kmedoids_fastkmedoids.hdf5
2024-04-19 10:21:50,810 - root - Correct neighbors rate: 1500/1500.0
2024-04-19 10:21:50,811 - root - Hit percentage: 100.0%


2024-04-19 10:21:50,811 - root - ------------  euclidean distance  --------------------

2024-04-19 10:21:50,811 - root - -- FLANN method --

2024-04-19 10:21:50,817 - root - Loading neighbors from ./experiments/NearestNeighbors/MNIST/knn_MNIST_5_euclidean_KDTree.hdf5
2024-04-19 10:21:50,825 - root - Loading neighbors from ./experiments/NearestNeighbors/MNIST/knn_MNIST_5_euclidean_FLANN.hdf5
2024-04-19 10:21:50,827 - root - Correct neighbors rate: 318/500.0
2024-04-19 10:21:50,828 - root - Hit percentage: 63.6%


2024-04-19 10:21:50,839 - root - Loading neighbors from ./experiments/NearestNeighbors/MNIST/knn_MNIST_10_euclidean_KDTree.hdf5
2024-04-19 10:21:50,853 - root - Loading neighbors from ./experiments/NearestNeighbors/MNIST/knn_MNIST_10_euclidean_FLANN.hdf5
2024-04-19 10:21:50,856 - root - Correct neighbors rate: 564/1000.0
2024-04-19 10:21:50,856 - root - Hit percentage: 56.39999999999999%


2024-04-19 10:21:50,868 - root - Loading neighbors from ./experiments/NearestNeighbors/MNIST/knn_MNIST_15_euclidean_KDTree.hdf5
2024-04-19 10:21:50,882 - root - Loading neighbors from ./experiments/NearestNeighbors/MNIST/knn_MNIST_15_euclidean_FLANN.hdf5
2024-04-19 10:21:50,886 - root - Correct neighbors rate: 748/1500.0
2024-04-19 10:21:50,886 - root - Hit percentage: 49.86666666666667%


2024-04-19 10:21:50,886 - root - -- PYNN method --

2024-04-19 10:21:50,892 - root - Loading neighbors from ./experiments/NearestNeighbors/MNIST/knn_MNIST_5_euclidean_KDTree.hdf5
2024-04-19 10:21:50,899 - root - Loading neighbors from ./experiments/NearestNeighbors/MNIST/knn_MNIST_5_euclidean_PYNN.hdf5
2024-04-19 10:21:50,901 - root - Correct neighbors rate: 473/500.0
2024-04-19 10:21:50,901 - root - Hit percentage: 94.6%


2024-04-19 10:21:50,913 - root - Loading neighbors from ./experiments/NearestNeighbors/MNIST/knn_MNIST_10_euclidean_KDTree.hdf5
2024-04-19 10:21:50,926 - root - Loading neighbors from ./experiments/NearestNeighbors/MNIST/knn_MNIST_10_euclidean_PYNN.hdf5
2024-04-19 10:21:50,929 - root - Correct neighbors rate: 966/1000.0
2024-04-19 10:21:50,929 - root - Hit percentage: 96.6%


2024-04-19 10:21:50,940 - root - Loading neighbors from ./experiments/NearestNeighbors/MNIST/knn_MNIST_15_euclidean_KDTree.hdf5
2024-04-19 10:21:50,953 - root - Loading neighbors from ./experiments/NearestNeighbors/MNIST/knn_MNIST_15_euclidean_PYNN.hdf5
2024-04-19 10:21:50,956 - root - Correct neighbors rate: 1468/1500.0
2024-04-19 10:21:50,956 - root - Hit percentage: 97.86666666666667%


2024-04-19 10:21:50,957 - root - -- MASK method --

2024-04-19 10:21:50,962 - root - Loading neighbors from ./experiments/NearestNeighbors/MNIST/knn_MNIST_5_euclidean_KDTree.hdf5
2024-04-19 10:21:50,969 - root - Loading neighbors from ./experiments/NearestNeighbors/MNIST/knn_MNIST_5_euclidean_MASK_tg1000_nc500_r80000_kmeans_kclust.hdf5
2024-04-19 10:21:50,971 - root - Correct neighbors rate: 500/500.0
2024-04-19 10:21:50,971 - root - Hit percentage: 100.0%


2024-04-19 10:21:50,982 - root - Loading neighbors from ./experiments/NearestNeighbors/MNIST/knn_MNIST_10_euclidean_KDTree.hdf5
2024-04-19 10:21:50,996 - root - Loading neighbors from ./experiments/NearestNeighbors/MNIST/knn_MNIST_10_euclidean_MASK_tg1000_nc500_r80000_kmeans_kclust.hdf5
2024-04-19 10:21:50,999 - root - Correct neighbors rate: 1000/1000.0
2024-04-19 10:21:50,999 - root - Hit percentage: 100.0%


2024-04-19 10:21:51,011 - root - Loading neighbors from ./experiments/NearestNeighbors/MNIST/knn_MNIST_15_euclidean_KDTree.hdf5
2024-04-19 10:21:51,025 - root - Loading neighbors from ./experiments/NearestNeighbors/MNIST/knn_MNIST_15_euclidean_MASK_tg1000_nc500_r80000_kmeans_kclust.hdf5
2024-04-19 10:21:51,028 - root - Correct neighbors rate: 1500/1500.0
2024-04-19 10:21:51,028 - root - Hit percentage: 100.0%


2024-04-19 10:21:51,029 - root - -- GMASK method --

2024-04-19 10:21:51,035 - root - Loading neighbors from ./experiments/NearestNeighbors/MNIST/knn_MNIST_5_euclidean_KDTree.hdf5
2024-04-19 10:21:51,043 - root - Loading neighbors from ./experiments/NearestNeighbors/MNIST/knn_MNIST_5_euclidean_GMASK_tg1000_nc500_r80000_kmedoids_fastkmedoids.hdf5
2024-04-19 10:21:51,046 - root - Correct neighbors rate: 500/500.0
2024-04-19 10:21:51,046 - root - Hit percentage: 100.0%


2024-04-19 10:21:51,057 - root - Loading neighbors from ./experiments/NearestNeighbors/MNIST/knn_MNIST_10_euclidean_KDTree.hdf5
2024-04-19 10:21:51,073 - root - Loading neighbors from ./experiments/NearestNeighbors/MNIST/knn_MNIST_10_euclidean_GMASK_tg1000_nc500_r80000_kmedoids_fastkmedoids.hdf5
2024-04-19 10:21:51,077 - root - Correct neighbors rate: 1000/1000.0
2024-04-19 10:21:51,077 - root - Hit percentage: 100.0%


2024-04-19 10:21:51,088 - root - Loading neighbors from ./experiments/NearestNeighbors/MNIST/knn_MNIST_15_euclidean_KDTree.hdf5
2024-04-19 10:21:51,102 - root - Loading neighbors from ./experiments/NearestNeighbors/MNIST/knn_MNIST_15_euclidean_GMASK_tg1000_nc500_r80000_kmedoids_fastkmedoids.hdf5
2024-04-19 10:21:51,105 - root - Correct neighbors rate: 1500/1500.0
2024-04-19 10:21:51,105 - root - Hit percentage: 100.0%


2024-04-19 10:21:51,106 - root - ------------  chebyshev distance  --------------------

2024-04-19 10:21:51,106 - root - -- FLANN method --

2024-04-19 10:21:51,107 - root - -- PYNN method --

2024-04-19 10:21:51,113 - root - Loading neighbors from ./experiments/NearestNeighbors/MNIST/knn_MNIST_5_chebyshev_KDTree.hdf5
2024-04-19 10:21:51,120 - root - Loading neighbors from ./experiments/NearestNeighbors/MNIST/knn_MNIST_5_chebyshev_PYNN.hdf5
2024-04-19 10:21:51,122 - root - Correct neighbors rate: 322/500.0
2024-04-19 10:21:51,122 - root - Hit percentage: 64.4%


2024-04-19 10:21:51,133 - root - Loading neighbors from ./experiments/NearestNeighbors/MNIST/knn_MNIST_10_chebyshev_KDTree.hdf5
2024-04-19 10:21:51,145 - root - Loading neighbors from ./experiments/NearestNeighbors/MNIST/knn_MNIST_10_chebyshev_PYNN.hdf5
2024-04-19 10:21:51,148 - root - Correct neighbors rate: 613/1000.0
2024-04-19 10:21:51,148 - root - Hit percentage: 61.3%


2024-04-19 10:21:51,158 - root - Loading neighbors from ./experiments/NearestNeighbors/MNIST/knn_MNIST_15_chebyshev_KDTree.hdf5
2024-04-19 10:21:51,170 - root - Loading neighbors from ./experiments/NearestNeighbors/MNIST/knn_MNIST_15_chebyshev_PYNN.hdf5
2024-04-19 10:21:51,174 - root - Correct neighbors rate: 903/1500.0
2024-04-19 10:21:51,174 - root - Hit percentage: 60.199999999999996%


2024-04-19 10:21:51,174 - root - -- MASK method --

2024-04-19 10:21:51,175 - root - -- GMASK method --

2024-04-19 10:21:51,181 - root - Loading neighbors from ./experiments/NearestNeighbors/MNIST/knn_MNIST_5_chebyshev_KDTree.hdf5
2024-04-19 10:21:51,188 - root - Loading neighbors from ./experiments/NearestNeighbors/MNIST/knn_MNIST_5_chebyshev_GMASK_tg1000_nc500_r80000_kmedoids_fastkmedoids.hdf5
2024-04-19 10:21:51,191 - root - Correct neighbors rate: 332/500.0
2024-04-19 10:21:51,191 - root - Hit percentage: 66.4%


2024-04-19 10:21:51,201 - root - Loading neighbors from ./experiments/NearestNeighbors/MNIST/knn_MNIST_10_chebyshev_KDTree.hdf5
2024-04-19 10:21:51,216 - root - Loading neighbors from ./experiments/NearestNeighbors/MNIST/knn_MNIST_10_chebyshev_GMASK_tg1000_nc500_r80000_kmedoids_fastkmedoids.hdf5
2024-04-19 10:21:51,220 - root - Correct neighbors rate: 615/1000.0
2024-04-19 10:21:51,220 - root - Hit percentage: 61.5%


2024-04-19 10:21:51,231 - root - Loading neighbors from ./experiments/NearestNeighbors/MNIST/knn_MNIST_15_chebyshev_KDTree.hdf5
2024-04-19 10:21:51,244 - root - Loading neighbors from ./experiments/NearestNeighbors/MNIST/knn_MNIST_15_chebyshev_GMASK_tg1000_nc500_r80000_kmedoids_fastkmedoids.hdf5
2024-04-19 10:21:51,248 - root - Correct neighbors rate: 890/1500.0
2024-04-19 10:21:51,248 - root - Hit percentage: 59.333333333333336%


