2023-10-12 21:30:09,633 - root - ------------------------------------------------------------------------
2023-10-12 21:30:09,633 - root -                        KNN over MNIST Dataset RECALL
2023-10-12 21:30:09,634 - root - ------------------------------------------------------------------------
2023-10-12 21:30:09,634 - root - Search of k neighbors over a choosen dataset, using different methods, benchmark.py
2023-10-12 21:30:09,634 - root - ------------------------------------------------------------------------

2023-10-12 21:30:09,634 - root - Distances: ['manhattan', 'euclidean', 'chebyshev'] 
2023-10-12 21:30:09,634 - root - Methods: ['FLANN', 'PYNN', 'MASK']
2023-10-12 21:30:09,634 - root - KNN: [5, 10, 15]
2023-10-12 21:30:09,634 - root - MASK params: tg=1000, nc=500, r=80000, kmeans_implementation=kclust

2023-10-12 21:30:09,634 - root - ------------  manhattan distance  --------------------

2023-10-12 21:30:09,634 - root - -- FLANN method --

2023-10-12 21:30:09,635 - root - Loading neighbors from ./experiments/NearestNeighbors/MNIST/knn_MNIST_5_manhattan_KDTree.hdf5
2023-10-12 21:30:09,642 - root - Loading neighbors from ./experiments/NearestNeighbors/MNIST/knn_MNIST_5_manhattan_FLANN.hdf5
2023-10-12 21:30:09,649 - root - Correct neighbors rate: 244/500.0
2023-10-12 21:30:09,649 - root - Hit percentage: 48.8%


2023-10-12 21:30:09,650 - root - Loading neighbors from ./experiments/NearestNeighbors/MNIST/knn_MNIST_10_manhattan_KDTree.hdf5
2023-10-12 21:30:09,690 - root - Loading neighbors from ./experiments/NearestNeighbors/MNIST/knn_MNIST_10_manhattan_FLANN.hdf5
2023-10-12 21:30:09,720 - root - Correct neighbors rate: 428/1000.0
2023-10-12 21:30:09,720 - root - Hit percentage: 42.8%


2023-10-12 21:30:09,722 - root - Loading neighbors from ./experiments/NearestNeighbors/MNIST/knn_MNIST_15_manhattan_KDTree.hdf5
2023-10-12 21:30:09,764 - root - Loading neighbors from ./experiments/NearestNeighbors/MNIST/knn_MNIST_15_manhattan_FLANN.hdf5
2023-10-12 21:30:09,800 - root - Correct neighbors rate: 599/1500.0
2023-10-12 21:30:09,800 - root - Hit percentage: 39.93333333333333%


2023-10-12 21:30:09,803 - root - -- PYNN method --

2023-10-12 21:30:09,803 - root - Loading neighbors from ./experiments/NearestNeighbors/MNIST/knn_MNIST_5_manhattan_KDTree.hdf5
2023-10-12 21:30:09,806 - root - Loading neighbors from ./experiments/NearestNeighbors/MNIST/knn_MNIST_5_manhattan_PYNN.hdf5
2023-10-12 21:30:09,812 - root - Correct neighbors rate: 423/500.0
2023-10-12 21:30:09,812 - root - Hit percentage: 84.6%


2023-10-12 21:30:09,813 - root - Loading neighbors from ./experiments/NearestNeighbors/MNIST/knn_MNIST_10_manhattan_KDTree.hdf5
2023-10-12 21:30:09,818 - root - Loading neighbors from ./experiments/NearestNeighbors/MNIST/knn_MNIST_10_manhattan_PYNN.hdf5
2023-10-12 21:30:09,827 - root - Correct neighbors rate: 859/1000.0
2023-10-12 21:30:09,827 - root - Hit percentage: 85.9%


2023-10-12 21:30:09,828 - root - Loading neighbors from ./experiments/NearestNeighbors/MNIST/knn_MNIST_15_manhattan_KDTree.hdf5
2023-10-12 21:30:09,835 - root - Loading neighbors from ./experiments/NearestNeighbors/MNIST/knn_MNIST_15_manhattan_PYNN.hdf5
2023-10-12 21:30:09,849 - root - Correct neighbors rate: 1293/1500.0
2023-10-12 21:30:09,849 - root - Hit percentage: 86.2%


2023-10-12 21:30:09,851 - root - -- MASK method --

2023-10-12 21:30:09,851 - root - Loading neighbors from ./experiments/NearestNeighbors/MNIST/knn_MNIST_5_manhattan_KDTree.hdf5
2023-10-12 21:30:09,882 - root - Loading neighbors from ./experiments/NearestNeighbors/MNIST/knn_MNIST_5_manhattan_MASK_tg1000_nc500_r80000_kclust.hdf5
2023-10-12 21:30:09,887 - root - Correct neighbors rate: 425/500.0
2023-10-12 21:30:09,887 - root - Hit percentage: 85.0%


2023-10-12 21:30:09,888 - root - Loading neighbors from ./experiments/NearestNeighbors/MNIST/knn_MNIST_10_manhattan_KDTree.hdf5
2023-10-12 21:30:09,956 - root - Loading neighbors from ./experiments/NearestNeighbors/MNIST/knn_MNIST_10_manhattan_MASK_tg1000_nc500_r80000_kclust.hdf5
2023-10-12 21:30:09,962 - root - Correct neighbors rate: 860/1000.0
2023-10-12 21:30:09,962 - root - Hit percentage: 86.0%


2023-10-12 21:30:09,963 - root - Loading neighbors from ./experiments/NearestNeighbors/MNIST/knn_MNIST_15_manhattan_KDTree.hdf5
2023-10-12 21:30:10,022 - root - Loading neighbors from ./experiments/NearestNeighbors/MNIST/knn_MNIST_15_manhattan_MASK_tg1000_nc500_r80000_kclust.hdf5
2023-10-12 21:30:10,030 - root - Correct neighbors rate: 1297/1500.0
2023-10-12 21:30:10,031 - root - Hit percentage: 86.46666666666667%


2023-10-12 21:30:10,032 - root - ------------  euclidean distance  --------------------

2023-10-12 21:30:10,032 - root - -- FLANN method --

2023-10-12 21:30:10,065 - root - Loading neighbors from ./experiments/NearestNeighbors/MNIST/knn_MNIST_5_euclidean_KDTree.hdf5
2023-10-12 21:30:10,107 - root - Loading neighbors from ./experiments/NearestNeighbors/MNIST/knn_MNIST_5_euclidean_FLANN.hdf5
2023-10-12 21:30:10,113 - root - Correct neighbors rate: 313/500.0
2023-10-12 21:30:10,113 - root - Hit percentage: 62.6%


2023-10-12 21:30:10,174 - root - Loading neighbors from ./experiments/NearestNeighbors/MNIST/knn_MNIST_10_euclidean_KDTree.hdf5
2023-10-12 21:30:10,224 - root - Loading neighbors from ./experiments/NearestNeighbors/MNIST/knn_MNIST_10_euclidean_FLANN.hdf5
2023-10-12 21:30:10,230 - root - Correct neighbors rate: 552/1000.0
2023-10-12 21:30:10,230 - root - Hit percentage: 55.2%


2023-10-12 21:30:10,277 - root - Loading neighbors from ./experiments/NearestNeighbors/MNIST/knn_MNIST_15_euclidean_KDTree.hdf5
2023-10-12 21:30:10,350 - root - Loading neighbors from ./experiments/NearestNeighbors/MNIST/knn_MNIST_15_euclidean_FLANN.hdf5
2023-10-12 21:30:10,363 - root - Correct neighbors rate: 739/1500.0
2023-10-12 21:30:10,363 - root - Hit percentage: 49.266666666666666%


2023-10-12 21:30:10,365 - root - -- PYNN method --

2023-10-12 21:30:10,366 - root - Loading neighbors from ./experiments/NearestNeighbors/MNIST/knn_MNIST_5_euclidean_KDTree.hdf5
2023-10-12 21:30:10,396 - root - Loading neighbors from ./experiments/NearestNeighbors/MNIST/knn_MNIST_5_euclidean_PYNN.hdf5
2023-10-12 21:30:10,400 - root - Correct neighbors rate: 472/500.0
2023-10-12 21:30:10,400 - root - Hit percentage: 94.39999999999999%


2023-10-12 21:30:10,401 - root - Loading neighbors from ./experiments/NearestNeighbors/MNIST/knn_MNIST_10_euclidean_KDTree.hdf5
2023-10-12 21:30:10,471 - root - Loading neighbors from ./experiments/NearestNeighbors/MNIST/knn_MNIST_10_euclidean_PYNN.hdf5
2023-10-12 21:30:10,478 - root - Correct neighbors rate: 965/1000.0
2023-10-12 21:30:10,478 - root - Hit percentage: 96.5%


2023-10-12 21:30:10,479 - root - Loading neighbors from ./experiments/NearestNeighbors/MNIST/knn_MNIST_15_euclidean_KDTree.hdf5
2023-10-12 21:30:10,546 - root - Loading neighbors from ./experiments/NearestNeighbors/MNIST/knn_MNIST_15_euclidean_PYNN.hdf5
2023-10-12 21:30:10,556 - root - Correct neighbors rate: 1465/1500.0
2023-10-12 21:30:10,556 - root - Hit percentage: 97.66666666666667%


2023-10-12 21:30:10,558 - root - -- MASK method --

2023-10-12 21:30:10,558 - root - Loading neighbors from ./experiments/NearestNeighbors/MNIST/knn_MNIST_5_euclidean_KDTree.hdf5
2023-10-12 21:30:10,598 - root - Loading neighbors from ./experiments/NearestNeighbors/MNIST/knn_MNIST_5_euclidean_MASK_tg1000_nc500_r80000_kclust.hdf5
2023-10-12 21:30:10,606 - root - Correct neighbors rate: 500/500.0
2023-10-12 21:30:10,606 - root - Hit percentage: 100.0%


2023-10-12 21:30:10,608 - root - Loading neighbors from ./experiments/NearestNeighbors/MNIST/knn_MNIST_10_euclidean_KDTree.hdf5
2023-10-12 21:30:10,672 - root - Loading neighbors from ./experiments/NearestNeighbors/MNIST/knn_MNIST_10_euclidean_MASK_tg1000_nc500_r80000_kclust.hdf5
2023-10-12 21:30:10,679 - root - Correct neighbors rate: 1000/1000.0
2023-10-12 21:30:10,679 - root - Hit percentage: 100.0%


2023-10-12 21:30:10,680 - root - Loading neighbors from ./experiments/NearestNeighbors/MNIST/knn_MNIST_15_euclidean_KDTree.hdf5
2023-10-12 21:30:10,731 - root - Loading neighbors from ./experiments/NearestNeighbors/MNIST/knn_MNIST_15_euclidean_MASK_tg1000_nc500_r80000_kclust.hdf5
2023-10-12 21:30:10,740 - root - Correct neighbors rate: 1500/1500.0
2023-10-12 21:30:10,740 - root - Hit percentage: 100.0%


2023-10-12 21:30:10,741 - root - ------------  chebyshev distance  --------------------

2023-10-12 21:30:10,741 - root - -- FLANN method --

2023-10-12 21:30:10,741 - root - -- PYNN method --

2023-10-12 21:30:10,773 - root - Loading neighbors from ./experiments/NearestNeighbors/MNIST/knn_MNIST_5_chebyshev_KDTree.hdf5
2023-10-12 21:30:10,798 - root - Loading neighbors from ./experiments/NearestNeighbors/MNIST/knn_MNIST_5_chebyshev_PYNN.hdf5
2023-10-12 21:30:10,804 - root - Correct neighbors rate: 125/500.0
2023-10-12 21:30:10,804 - root - Hit percentage: 25.0%


2023-10-12 21:30:10,866 - root - Loading neighbors from ./experiments/NearestNeighbors/MNIST/knn_MNIST_10_chebyshev_KDTree.hdf5
2023-10-12 21:30:10,931 - root - Loading neighbors from ./experiments/NearestNeighbors/MNIST/knn_MNIST_10_chebyshev_PYNN.hdf5
2023-10-12 21:30:10,939 - root - Correct neighbors rate: 243/1000.0
2023-10-12 21:30:10,939 - root - Hit percentage: 24.3%


2023-10-12 21:30:11,007 - root - Loading neighbors from ./experiments/NearestNeighbors/MNIST/knn_MNIST_15_chebyshev_KDTree.hdf5
2023-10-12 21:30:11,080 - root - Loading neighbors from ./experiments/NearestNeighbors/MNIST/knn_MNIST_15_chebyshev_PYNN.hdf5
2023-10-12 21:30:11,093 - root - Correct neighbors rate: 360/1500.0
2023-10-12 21:30:11,093 - root - Hit percentage: 24.0%


2023-10-12 21:30:11,095 - root - -- MASK method --

2023-10-12 21:30:11,095 - root - Loading neighbors from ./experiments/NearestNeighbors/MNIST/knn_MNIST_5_chebyshev_KDTree.hdf5
2023-10-12 21:30:11,126 - root - Loading neighbors from ./experiments/NearestNeighbors/MNIST/knn_MNIST_5_chebyshev_MASK_tg1000_nc500_r80000_kclust.hdf5
2023-10-12 21:30:11,131 - root - Correct neighbors rate: 118/500.0
2023-10-12 21:30:11,131 - root - Hit percentage: 23.599999999999998%


2023-10-12 21:30:11,132 - root - Loading neighbors from ./experiments/NearestNeighbors/MNIST/knn_MNIST_10_chebyshev_KDTree.hdf5
2023-10-12 21:30:11,211 - root - Loading neighbors from ./experiments/NearestNeighbors/MNIST/knn_MNIST_10_chebyshev_MASK_tg1000_nc500_r80000_kclust.hdf5
2023-10-12 21:30:11,221 - root - Correct neighbors rate: 222/1000.0
2023-10-12 21:30:11,221 - root - Hit percentage: 22.2%


2023-10-12 21:30:11,222 - root - Loading neighbors from ./experiments/NearestNeighbors/MNIST/knn_MNIST_15_chebyshev_KDTree.hdf5
2023-10-12 21:30:11,275 - root - Loading neighbors from ./experiments/NearestNeighbors/MNIST/knn_MNIST_15_chebyshev_MASK_tg1000_nc500_r80000_kclust.hdf5
2023-10-12 21:30:11,286 - root - Correct neighbors rate: 321/1500.0
2023-10-12 21:30:11,286 - root - Hit percentage: 21.4%


